<?xml version="1.0" encoding="UTF-8"?><TestSessionContainer xmlns="http://www.codecover.org/xml/testsession-container" Date="1708509180868" TestSessionContainerId="60dc9f4d-e482-4497-97b3-7189f3654e63" version="1.0">
<SrcFileList>
<SrcFile Content="public class Gioco {&#13;&#10;&#9;/*@spec_public@*/ int[] mano;&#13;&#10;&#9;private /*@spec_public@*/ int[] vincitori;&#13;&#10;&#9;private /*@spec_public@*/ int vittoria;&#13;&#10;&#9;private /*@spec_public@*/ int controllo;&#13;&#10;&#9;&#13;&#10;&#9;//@public invariant  mano!=null;&#13;&#10;&#9;//@public invariant vincitori!=null;&#13;&#10;&#9;//@public invariant (\forall int x; 0&lt;=x &amp;&amp;  x&lt;vincitori.length; vincitori[x]&gt;=-1 &amp;&amp; vincitori[x]&lt;=1);&#13;&#10;&#9;&#13;&#10;&#9;&#13;&#10;&#9;//In input voglio almeno un giocatore&#13;&#10;&#9;&#9;//@requires giocatori &gt; 0 &amp;&amp; giocatori &lt; 1000;&#13;&#10;&#9;&#13;&#10;&#9;//Inserisco anche qua le stesse condizioni dell'invariante in quanto l'invariante funziona dopo il costruttore&#13;&#10;&#9;&#9;//@ensures mano!= null;&#13;&#10;&#9;&#9;//@ensures vincitori!=null;&#13;&#10;&#9;&#13;&#10;&#9;//Controllo che vittoria venga impostata a -1;&#13;&#10;&#9;&#9;//@ensures vittoria == -1;&#13;&#10;&#9;&#13;&#10;&#9;//Controllo che i vettori mano e vincitori siano della lunghezza corretta&#13;&#10;&#9;&#9;//@ensures (mano.length == giocatori) &amp;&amp; (vincitori.length == giocatori);&#13;&#10;&#9;//Controllo che i vettori mano e vincitori siano inizializzati a zero&#13;&#10;&#9;&#9;//@ensures (\forall int x; 0&lt;=x &amp;&amp;  x&lt;giocatori; mano[x]==0 &amp;&amp; vincitori[x]==0);&#13;&#10;&#9;public Gioco(int giocatori) {&#13;&#10;&#9;&#9;//All'inizio nessuno ha vinto&#13;&#10;&#9;&#9;this.vittoria = -1;&#13;&#10;&#9;&#9;this.mano = new int[giocatori];&#13;&#10;&#9;&#9;this.vincitori = new int[giocatori];&#13;&#10;&#9;&#9;//@loop_invariant (\forall int x; 0&lt;=x &amp;&amp;  x&lt;i; mano[x]==0 &amp;&amp; vincitori[x]==0);&#13;&#10;&#9;&#9;//@loop_invariant i &gt;= 0;&#13;&#10;&#9;&#9;for(int i = 0; i &lt; giocatori; i++) {&#13;&#10;&#9;&#9;&#9;this.mano[i] = 0;&#13;&#10;&#9;&#9;&#9;this.vincitori[i] = 0;&#13;&#10;&#9;&#9;}&#13;&#10;&#9;}&#13;&#10;&#9;&#13;&#10;&#9;&#13;&#10;&#9;&#13;&#10;&#9;//@diverges true;&#13;&#10;&#9;&#13;&#10;&#9;//Richiedo che il vettore delle pescate sia lungo uguale al numero di giocatori&#13;&#10;&#9;&#9;//@requires pescate.length == mano.length;&#13;&#10;&#9;&#13;&#10;&#9;//Richiedo che il vettore delle pescate abbia numeri positivi, compresi tra uno e sette&#13;&#10;&#9;&#9;//@requires (\forall int x; 0&lt;=x &amp;&amp;  x&lt;pescate.length; pescate[x]&gt;0 &amp;&amp; pescate[x]&lt;8);&#13;&#10;&#9;&#13;&#10;&#9;//Controllo che la mano più la pescate non superi il numero 20&#13;&#10;&#9;&#9;//@requires (\forall int x; 0&lt;=x &amp;&amp;  x&lt;mano.length; (mano[x]+pescate[x])&gt;=0 &amp;&amp; (mano[x]+pescate[x])&lt;=20);&#13;&#10;&#9;&#13;&#10;&#9;//Controllo che vittoria sia un numero compreso tra -1 (nessuno ha ancora vinto) e il numero dei giocatori&#13;&#10;&#9;&#9;//@ensures (vittoria &gt;=-1) &amp;&amp; (vittoria&lt;=mano.length);&#13;&#10;&#9;&#13;&#10;&#9;//Controllo che in mano non abbia piu di 14&#13;&#10;&#9;&#9;//@ensures (\forall int x; 0&lt;=x &amp;&amp;  x&lt;mano.length; mano[x]&gt;=0 &amp;&amp; mano[x]&lt;=14);&#13;&#10;&#9;&#13;&#10;&#9;//Controllo che il risultato sia compreso tra -1 ed il numero di giocatori&#13;&#10;&#9;&#9;//@ensures (\result &gt;=-1) &amp;&amp; (\result&lt;=mano.length);&#13;&#10;&#9;public int giocata(int[] pescate) {&#13;&#10;&#9;&#9;if(vittoria == -1) {&#13;&#10;&#9;&#9;&#9;int i = 0;&#13;&#10;&#9;&#9;&#9;//@loop_invariant i&gt;=0 &amp;&amp; i&lt;=mano.length;&#13;&#10;&#9;&#9;&#9;//@loop_invariant (\forall int x; 0&lt;=x &amp;&amp; x&lt;i; mano[x]&gt;=0 &amp;&amp; mano[x]&lt;=20);&#13;&#10;&#9;&#9;&#9;for(i = 0; i &lt; mano.length; i++) {&#13;&#10;&#9;&#9;&#9;&#9;//Se non si ha ancora perso ne vinto allora si può pescare&#13;&#10;&#9;&#9;&#9;&#9;if(vincitori[i] == 0)&#13;&#10;&#9;&#9;&#9;&#9;&#9;mano[i] = mano[i] + pescate[i];&#13;&#10;&#9;&#9;&#9;}&#13;&#10;&#9;&#9;&#9;primoControllo();&#13;&#10;&#9;&#9;&#9;//@assert (vittoria &gt;=-1) &amp;&amp; (vittoria&lt;=mano.length);&#13;&#10;&#9;&#9;&#9;secondoControllo();&#13;&#10;&#9;&#9;&#9;//@assert (vittoria &gt;=-1) &amp;&amp; (vittoria&lt;=mano.length);&#13;&#10;&#9;&#9;}&#13;&#10;&#9;&#9;return vittoria;&#13;&#10;&#9;}&#13;&#10;&#9;&#13;&#10;&#9;&#13;&#10;&#9;//@diverges true;&#13;&#10;&#9;&#13;&#10;&#9;//Tutti devono avere o vinto o perso o possono continuare a giocare&#13;&#10;&#9;&#9;//@ensures (\forall int x; 0&lt;=x &amp;&amp; x&lt;vincitori.length; (vincitori[x]==-1) || (vincitori[x]==0) || (vincitori[x]==1));&#13;&#10;&#9;public void primoControllo() {&#13;&#10;&#9;&#9;this.controllo = 0;&#13;&#10;&#9;&#9;int i = 0;&#13;&#10;&#9;&#9;//Chi ha in mano più di otto ha perso&#13;&#10;&#9;&#9;&#9;//@loop_invariant (\forall int x; 0&lt;=x &amp;&amp; x&lt;i; (mano[x]&gt;8) ==&gt; (vincitori[x]==-1));&#13;&#10;&#9;&#9;//Chi ha in mano esattamente otto ha vinto&#13;&#10;&#9;&#9;&#9;//@loop_invariant (\forall int x; 0&lt;=x &amp;&amp; x&lt;i; (mano[x]==8) ==&gt; (vincitori[x]==1));&#13;&#10;&#9;&#9;for(i = 0; i &lt; mano.length; i++) {&#13;&#10;&#9;&#9;&#9;//Se in mano si ha più di otto si perde&#13;&#10;&#9;&#9;&#9;if(mano[i] &gt; 8)&#13;&#10;&#9;&#9;&#9;&#9;vincitori[i] = - 1;&#13;&#10;&#9;&#9;&#9;//Se in mano si ha esattamente otto, si vince&#13;&#10;&#9;&#9;&#9;if(mano[i] == 8) {&#13;&#10;&#9;&#9;&#9;&#9;vincitori[i] = 1;&#13;&#10;&#9;&#9;&#9;&#9;vittoria = i + 1;&#13;&#10;&#9;&#9;&#9;}&#13;&#10;&#9;&#9;&#9;//Se in mano si ha meno di otto, si può continuare a giocare a patto che nessuno abbia fatto esattamente otto (Controllato nel secondo metodo)&#13;&#10;&#9;&#9;&#9;if(mano[i] &lt; 8)&#13;&#10;&#9;&#9;&#9;&#9;controllo = controllo + 1; &#13;&#10;&#9;&#9;}&#13;&#10;&#9;}&#13;&#10;&#9;&#13;&#10;&#13;&#10;&#9;//Tutti devono avere o vinto o perso o possono continuare a giocare&#13;&#10;&#9;&#9;//@ensures (\forall int x; 0&lt;=x &amp;&amp; x&lt;mano.length; (vincitori[x]==-1) || (vincitori[x]==0) || (vincitori[x]==1));&#13;&#10;&#9;public void secondoControllo() {&#13;&#10;&#9;&#9;for(int i = 0; i &lt; mano.length; i++) {&#13;&#10;&#9;&#9;&#9;//Se in mano si ha meno di 8, però qualcuno ha già vinto allora si ha perso&#13;&#10;&#9;&#9;&#9;if(mano[i] &lt; 8 &amp;&amp; vittoria!=-1)&#13;&#10;&#9;&#9;&#9;&#9;vincitori[i] = -1;&#13;&#10;&#9;&#9;&#9;//Se in mano si ha mano di otto, però tutti gli altri hanno tutti superato l'otto, allora si ha vinto&#13;&#10;&#9;&#9;&#9;else if(mano[i] &lt; 8 &amp;&amp; controllo == 1) {&#13;&#10;&#9;&#9;&#9;&#9;vincitori[i] = 1;&#13;&#10;&#9;&#9;&#9;&#9;vittoria = i + 1;&#13;&#10;&#9;&#9;&#9;}&#13;&#10;&#9;&#9;}&#13;&#10;&#9;}&#13;&#10;&#9;&#13;&#10;&#9;//Il metodo print viene escluso da jml per problemi di efficenza da parte del solver z3_4_3&#13;&#10;&#9;public void print() {&#13;&#10;&#9;&#9;for(int i = 0; i &lt; mano.length; i++) {&#13;&#10;&#9;&#9;&#9;if(vincitori[i] == 1)&#13;&#10;&#9;&#9;&#9;&#9;System.out.println(&quot;Giocatore &quot; + i + &quot; ha in mano: &quot; + mano[i] + &quot;-&gt; WIN!&quot;);&#13;&#10;&#9;&#9;&#9;else if(vincitori[i] == 0)&#13;&#10;&#9;&#9;&#9;&#9;System.out.println(&quot;Giocatore &quot; + i + &quot; ha in mano: &quot; + mano[i] + &quot;-&gt; PUO GIOCARE&quot;);&#13;&#10;&#9;&#9;&#9;else&#13;&#10;&#9;&#9;&#9;&#9;System.out.println(&quot;Giocatore &quot; + i + &quot; ha in mano: &quot; + mano[i] + &quot;-&gt; LOSE!&quot;);&#13;&#10;&#9;&#9;}&#13;&#10;&#9;&#9;System.out.println(&quot;\n&quot;);&#13;&#10;&#9;}&#13;&#10;}&#13;&#10;" Filename="Gioco.java" Intrnl_Id="1"/>
<SrcFile Content="&#13;&#10;public class Main {&#13;&#10;&#13;&#10;&#9;public static void main(String[] args) {&#13;&#10;&#9;&#9;&#13;&#10;&#9;&#9;Gioco g = new Gioco(6);&#13;&#10;&#9;&#9;int[] pescate = {1,5,3,3,3,3};&#13;&#10;&#9;&#9; &#13;&#10;&#9;&#9;g.giocata(pescate);&#13;&#10;&#9;&#9;g.print();&#13;&#10;&#9;&#9;&#13;&#10;&#9;&#9;g.giocata(pescate);&#13;&#10;&#9;&#9;g.print();&#13;&#10;&#9;&#9;&#13;&#10;&#9;&#9;g.giocata(pescate);&#13;&#10;&#9;&#9;g.print();&#13;&#10;&#9;&#9;&#13;&#10;&#9;&#9;g.giocata(pescate);&#13;&#10;&#9;&#9;g.print();&#13;&#10;&#9;&#9; &#13;&#10;&#9;&#9;&#13;&#10;&#9;&#9;&#13;&#10;&#9;&#9;Gioco g1 = new Gioco(3);&#13;&#10;&#9;&#9;int[] pescate1 = {1,2,3};&#13;&#10;&#9;&#9;&#13;&#10;&#9;&#9;//Violo la precondizione&#13;&#10;&#9;&#9;//int[] pescate1 = {1,22,3};&#13;&#10;&#9;&#9;&#13;&#10;&#9;&#9;g1.giocata(pescate1);&#13;&#10;&#9;&#9;g1.print();&#13;&#10;&#9;&#9;g1.giocata(pescate1);&#13;&#10;&#9;&#9;g1.print();&#13;&#10;&#9;&#9;g1.giocata(pescate1);&#13;&#10;&#9;&#9;g1.print();&#13;&#10;&#9;&#9;g1.giocata(pescate1);&#13;&#10;&#9;&#9;g1.print();&#13;&#10;&#9;}&#13;&#10;&#13;&#10;}&#13;&#10;" Filename="Main.java" Intrnl_Id="2"/>
<SrcFile Content="import static org.junit.Assert.*;&#13;&#10;&#13;&#10;import org.junit.Test;&#13;&#10;&#13;&#10;public class TestGiocoCT {&#13;&#10;&#13;&#10;&#9;@Test&#13;&#10;&#9;public void test() {&#13;&#10;&#9;&#9;//Combinatorial 1&#13;&#10;&#9;&#9;int result = 0;&#13;&#10;&#9;&#9;Gioco g1 = new Gioco(3);&#13;&#10;&#9;&#9;int[] pescata1 = {1,1,2};&#13;&#10;&#9;&#9;&#13;&#10;&#9;&#9;result = g1.giocata(pescata1);&#13;&#10;&#9;&#9;assertEquals(-1,result);&#13;&#10;&#9;&#9;&#13;&#10;&#9;&#9;//Combinatorial 31&#13;&#10;&#9;&#9;Gioco g2 = new Gioco(3);&#13;&#10;&#9;&#9;int[] pescata2 = {2,2,4};&#13;&#10;&#9;&#9;&#9;&#9;&#13;&#10;&#9;&#9;result = g2.giocata(pescata2);&#13;&#10;&#9;&#9;result = g2.giocata(pescata2);&#13;&#10;&#9;&#9;assertEquals(3,result);&#13;&#10;&#9;&#9;&#13;&#10;&#9;&#9;//Combinatorial 72&#13;&#10;&#9;&#9;Gioco g3 = new Gioco(3);&#13;&#10;&#9;&#9;int[] pescata3 = {4,5,4};&#13;&#10;&#9;&#9;&#9;&#9;&#9;&#9;&#13;&#10;&#9;&#9;result = g3.giocata(pescata3);&#13;&#10;&#9;&#9;result = g3.giocata(pescata3);&#13;&#10;&#9;&#9;assertEquals(3,result);&#13;&#10;&#9;}&#13;&#10;&#13;&#10;}&#13;&#10;" Filename="TestGiocoCT.java" Intrnl_Id="3"/>
</SrcFileList>
<CritList>
<CritListEntry Name="org.codecover.model.utils.criteria.LoopCoverage" PluginName="org.codecover"/>
<CritListEntry Name="org.codecover.model.utils.criteria.ConditionCoverage" PluginName="org.codecover"/>
<CritListEntry Name="org.codecover.model.utils.criteria.BranchCoverage" PluginName="org.codecover"/>
<CritListEntry Name="org.codecover.model.utils.criteria.StatementCoverage" PluginName="org.codecover"/>
</CritList>
<BoolOpList>
<BoolOp Arity="2" Intrnl_Id="4" Name="conditional and (&amp;&amp;)">
<BoolAssgnmntBoolMapList>
<MapEntry BoolAssgnmnt="02" Value="false"/>
<MapEntry BoolAssgnmnt="10" Value="false"/>
<MapEntry BoolAssgnmnt="11" Value="true"/>
</BoolAssgnmntBoolMapList>
</BoolOp>
</BoolOpList>
<HierarchyLvlTypeList>
<HierarchyLvlType EnglishName="method" IntrnlName="method" Intrnl_Id="5"/>
<HierarchyLvlType EnglishName="class" IntrnlName="class" Intrnl_Id="6"/>
<HierarchyLvlType EnglishName="default package" IntrnlName="default package" Intrnl_Id="7"/>
</HierarchyLvlTypeList>
<MASTRoot>
<HierarchyLvl HierarchyLvlId="210" HierarchyLvlTypeId="7" Intrnl_Id="8" Name="default package">
<Header/>
<LocList/>
<HierarchyLvl HierarchyLvlId="205" HierarchyLvlTypeId="6" Intrnl_Id="9" Name="Gioco">
<Header>
<Loc EndOffset="18" SrcFileId="1" StartOffset="0"/>
</Header>
<LocList>
<Loc EndOffset="5085" SrcFileId="1" StartOffset="0"/>
</LocList>
<HierarchyLvl HierarchyLvlId="200" HierarchyLvlTypeId="5" Intrnl_Id="10" Name="Gioco">
<Header>
<Loc EndOffset="1058" SrcFileId="1" StartOffset="1031"/>
</Header>
<LocList>
<Loc EndOffset="1401" SrcFileId="1" StartOffset="1031"/>
</LocList>
<StmntSeq Intrnl_Id="11">
<LocList>
<Loc EndOffset="1116" SrcFileId="1" StartOffset="1097"/>
<Loc EndOffset="1151" SrcFileId="1" StartOffset="1120"/>
<Loc EndOffset="1191" SrcFileId="1" StartOffset="1155"/>
<Loc EndOffset="1397" SrcFileId="1" StartOffset="1307"/>
</LocList>
<BasicStmnt CovItemId="S1" CovItemPrefix="Gioco.java" Intrnl_Id="12">
<LocList>
<Loc EndOffset="1116" SrcFileId="1" StartOffset="1097"/>
</LocList>
</BasicStmnt>
<BasicStmnt CovItemId="S2" CovItemPrefix="Gioco.java" Intrnl_Id="13">
<LocList>
<Loc EndOffset="1151" SrcFileId="1" StartOffset="1120"/>
</LocList>
</BasicStmnt>
<BasicStmnt CovItemId="S3" CovItemPrefix="Gioco.java" Intrnl_Id="14">
<LocList>
<Loc EndOffset="1191" SrcFileId="1" StartOffset="1155"/>
</LocList>
</BasicStmnt>
<LoopStmnt CovItemId="S4" CovItemPrefix="Gioco.java" Intrnl_Id="15" MltplExecId="L1-2" MltplExecPrefix="Gioco.java" NvrExecId="L1-0" NvrExecPrefix="Gioco.java" OnceExecutedId="L1-1" OnceExecutedPrefix="Gioco.java" OptBodyExec="true">
<StmntSeq Intrnl_Id="16">
<LocList>
<Loc EndOffset="1365" SrcFileId="1" StartOffset="1348"/>
<Loc EndOffset="1392" SrcFileId="1" StartOffset="1370"/>
</LocList>
<BasicStmnt CovItemId="S5" CovItemPrefix="Gioco.java" Intrnl_Id="17">
<LocList>
<Loc EndOffset="1365" SrcFileId="1" StartOffset="1348"/>
</LocList>
</BasicStmnt>
<BasicStmnt CovItemId="S6" CovItemPrefix="Gioco.java" Intrnl_Id="18">
<LocList>
<Loc EndOffset="1392" SrcFileId="1" StartOffset="1370"/>
</LocList>
</BasicStmnt>
</StmntSeq>
<Keyword EndOffset="1310" SrcFileId="1" StartOffset="1307"/>
<LocList>
<Loc EndOffset="1397" SrcFileId="1" StartOffset="1307"/>
</LocList>
<RootTerm CovItemId="C1" CovItemPrefix="Gioco.java" Intrnl_Id="19">
<BasicBoolTerm Intrnl_Id="20">
<LocList>
<Loc EndOffset="1335" SrcFileId="1" StartOffset="1322"/>
</LocList>
</BasicBoolTerm>
</RootTerm>
</LoopStmnt>
</StmntSeq>
</HierarchyLvl>
<HierarchyLvl HierarchyLvlId="201" HierarchyLvlTypeId="5" Intrnl_Id="21" Name="giocata">
<Header>
<Loc EndOffset="2393" SrcFileId="1" StartOffset="2360"/>
</Header>
<LocList>
<Loc EndOffset="2924" SrcFileId="1" StartOffset="2360"/>
</LocList>
<StmntSeq Intrnl_Id="22">
<LocList>
<Loc EndOffset="2900" SrcFileId="1" StartOffset="2399"/>
<Loc EndOffset="2920" SrcFileId="1" StartOffset="2904"/>
</LocList>
<CondStmnt CovItemId="S7" CovItemPrefix="Gioco.java" Intrnl_Id="23">
<Branch CovItemId="B1" CovItemPrefix="Gioco.java" Implct="false" Intrnl_Id="24">
<Cond/>
<LocList>
<Loc EndOffset="2900" SrcFileId="1" StartOffset="2418"/>
</LocList>
<StmntSeq Intrnl_Id="25">
<LocList>
<Loc EndOffset="2434" SrcFileId="1" StartOffset="2424"/>
<Loc EndOffset="2733" SrcFileId="1" StartOffset="2564"/>
<Loc EndOffset="2755" SrcFileId="1" StartOffset="2738"/>
<Loc EndOffset="2837" SrcFileId="1" StartOffset="2818"/>
</LocList>
<BasicStmnt CovItemId="S8" CovItemPrefix="Gioco.java" Intrnl_Id="26">
<LocList>
<Loc EndOffset="2434" SrcFileId="1" StartOffset="2424"/>
</LocList>
</BasicStmnt>
<LoopStmnt CovItemId="S9" CovItemPrefix="Gioco.java" Intrnl_Id="27" MltplExecId="L2-2" MltplExecPrefix="Gioco.java" NvrExecId="L2-0" NvrExecPrefix="Gioco.java" OnceExecutedId="L2-1" OnceExecutedPrefix="Gioco.java" OptBodyExec="true">
<StmntSeq Intrnl_Id="28">
<LocList>
<Loc EndOffset="2727" SrcFileId="1" StartOffset="2668"/>
</LocList>
<CondStmnt CovItemId="S10" CovItemPrefix="Gioco.java" Intrnl_Id="29">
<Branch CovItemId="B3" CovItemPrefix="Gioco.java" Implct="false" Intrnl_Id="30">
<Cond/>
<LocList>
<Loc EndOffset="2727" SrcFileId="1" StartOffset="2696"/>
</LocList>
<StmntSeq Intrnl_Id="31">
<LocList>
<Loc EndOffset="2727" SrcFileId="1" StartOffset="2696"/>
</LocList>
<BasicStmnt CovItemId="S11" CovItemPrefix="Gioco.java" Intrnl_Id="32">
<LocList>
<Loc EndOffset="2727" SrcFileId="1" StartOffset="2696"/>
</LocList>
</BasicStmnt>
</StmntSeq>
</Branch>
<Branch CovItemId="B4" CovItemPrefix="Gioco.java" Implct="true" Intrnl_Id="33">
<Cond/>
<LocList/>
<StmntSeq Intrnl_Id="34">
<LocList/>
</StmntSeq>
</Branch>
<Keyword EndOffset="2670" SrcFileId="1" StartOffset="2668"/>
<LocList>
<Loc EndOffset="2727" SrcFileId="1" StartOffset="2668"/>
</LocList>
<RootTerm CovItemId="C4" CovItemPrefix="Gioco.java" Intrnl_Id="35">
<BasicBoolTerm Intrnl_Id="36">
<LocList>
<Loc EndOffset="2688" SrcFileId="1" StartOffset="2671"/>
</LocList>
</BasicBoolTerm>
</RootTerm>
</CondStmnt>
</StmntSeq>
<Keyword EndOffset="2567" SrcFileId="1" StartOffset="2564"/>
<LocList>
<Loc EndOffset="2733" SrcFileId="1" StartOffset="2564"/>
</LocList>
<RootTerm CovItemId="C3" CovItemPrefix="Gioco.java" Intrnl_Id="37">
<BasicBoolTerm Intrnl_Id="38">
<LocList>
<Loc EndOffset="2590" SrcFileId="1" StartOffset="2575"/>
</LocList>
</BasicBoolTerm>
</RootTerm>
</LoopStmnt>
<BasicStmnt CovItemId="S12" CovItemPrefix="Gioco.java" Intrnl_Id="39">
<LocList>
<Loc EndOffset="2755" SrcFileId="1" StartOffset="2738"/>
</LocList>
</BasicStmnt>
<BasicStmnt CovItemId="S13" CovItemPrefix="Gioco.java" Intrnl_Id="40">
<LocList>
<Loc EndOffset="2837" SrcFileId="1" StartOffset="2818"/>
</LocList>
</BasicStmnt>
</StmntSeq>
</Branch>
<Branch CovItemId="B2" CovItemPrefix="Gioco.java" Implct="true" Intrnl_Id="41">
<Cond/>
<LocList/>
<StmntSeq Intrnl_Id="42">
<LocList/>
</StmntSeq>
</Branch>
<Keyword EndOffset="2401" SrcFileId="1" StartOffset="2399"/>
<LocList>
<Loc EndOffset="2900" SrcFileId="1" StartOffset="2399"/>
</LocList>
<RootTerm CovItemId="C2" CovItemPrefix="Gioco.java" Intrnl_Id="43">
<BasicBoolTerm Intrnl_Id="44">
<LocList>
<Loc EndOffset="2416" SrcFileId="1" StartOffset="2402"/>
</LocList>
</BasicBoolTerm>
</RootTerm>
</CondStmnt>
<BasicStmnt CovItemId="S14" CovItemPrefix="Gioco.java" Intrnl_Id="45">
<LocList>
<Loc EndOffset="2920" SrcFileId="1" StartOffset="2904"/>
</LocList>
</BasicStmnt>
</StmntSeq>
</HierarchyLvl>
<HierarchyLvl HierarchyLvlId="202" HierarchyLvlTypeId="5" Intrnl_Id="46" Name="primoControllo">
<Header>
<Loc EndOffset="3175" SrcFileId="1" StartOffset="3147"/>
</Header>
<LocList>
<Loc EndOffset="3938" SrcFileId="1" StartOffset="3147"/>
</LocList>
<StmntSeq Intrnl_Id="47">
<LocList>
<Loc EndOffset="3200" SrcFileId="1" StartOffset="3181"/>
<Loc EndOffset="3214" SrcFileId="1" StartOffset="3204"/>
<Loc EndOffset="3934" SrcFileId="1" StartOffset="3481"/>
</LocList>
<BasicStmnt CovItemId="S15" CovItemPrefix="Gioco.java" Intrnl_Id="48">
<LocList>
<Loc EndOffset="3200" SrcFileId="1" StartOffset="3181"/>
</LocList>
</BasicStmnt>
<BasicStmnt CovItemId="S16" CovItemPrefix="Gioco.java" Intrnl_Id="49">
<LocList>
<Loc EndOffset="3214" SrcFileId="1" StartOffset="3204"/>
</LocList>
</BasicStmnt>
<LoopStmnt CovItemId="S17" CovItemPrefix="Gioco.java" Intrnl_Id="50" MltplExecId="L3-2" MltplExecPrefix="Gioco.java" NvrExecId="L3-0" NvrExecPrefix="Gioco.java" OnceExecutedId="L3-1" OnceExecutedPrefix="Gioco.java" OptBodyExec="true">
<StmntSeq Intrnl_Id="51">
<LocList>
<Loc EndOffset="3604" SrcFileId="1" StartOffset="3564"/>
<Loc EndOffset="3729" SrcFileId="1" StartOffset="3659"/>
<Loc EndOffset="3928" SrcFileId="1" StartOffset="3881"/>
</LocList>
<CondStmnt CovItemId="S18" CovItemPrefix="Gioco.java" Intrnl_Id="52">
<Branch CovItemId="B5" CovItemPrefix="Gioco.java" Implct="false" Intrnl_Id="53">
<Cond/>
<LocList>
<Loc EndOffset="3604" SrcFileId="1" StartOffset="3585"/>
</LocList>
<StmntSeq Intrnl_Id="54">
<LocList>
<Loc EndOffset="3604" SrcFileId="1" StartOffset="3585"/>
</LocList>
<BasicStmnt CovItemId="S19" CovItemPrefix="Gioco.java" Intrnl_Id="55">
<LocList>
<Loc EndOffset="3604" SrcFileId="1" StartOffset="3585"/>
</LocList>
</BasicStmnt>
</StmntSeq>
</Branch>
<Branch CovItemId="B6" CovItemPrefix="Gioco.java" Implct="true" Intrnl_Id="56">
<Cond/>
<LocList/>
<StmntSeq Intrnl_Id="57">
<LocList/>
</StmntSeq>
</Branch>
<Keyword EndOffset="3566" SrcFileId="1" StartOffset="3564"/>
<LocList>
<Loc EndOffset="3604" SrcFileId="1" StartOffset="3564"/>
</LocList>
<RootTerm CovItemId="C6" CovItemPrefix="Gioco.java" Intrnl_Id="58">
<BasicBoolTerm Intrnl_Id="59">
<LocList>
<Loc EndOffset="3578" SrcFileId="1" StartOffset="3567"/>
</LocList>
</BasicBoolTerm>
</RootTerm>
</CondStmnt>
<CondStmnt CovItemId="S20" CovItemPrefix="Gioco.java" Intrnl_Id="60">
<Branch CovItemId="B7" CovItemPrefix="Gioco.java" Implct="false" Intrnl_Id="61">
<Cond/>
<LocList>
<Loc EndOffset="3729" SrcFileId="1" StartOffset="3676"/>
</LocList>
<StmntSeq Intrnl_Id="62">
<LocList>
<Loc EndOffset="3700" SrcFileId="1" StartOffset="3683"/>
<Loc EndOffset="3723" SrcFileId="1" StartOffset="3706"/>
</LocList>
<BasicStmnt CovItemId="S21" CovItemPrefix="Gioco.java" Intrnl_Id="63">
<LocList>
<Loc EndOffset="3700" SrcFileId="1" StartOffset="3683"/>
</LocList>
</BasicStmnt>
<BasicStmnt CovItemId="S22" CovItemPrefix="Gioco.java" Intrnl_Id="64">
<LocList>
<Loc EndOffset="3723" SrcFileId="1" StartOffset="3706"/>
</LocList>
</BasicStmnt>
</StmntSeq>
</Branch>
<Branch CovItemId="B8" CovItemPrefix="Gioco.java" Implct="true" Intrnl_Id="65">
<Cond/>
<LocList/>
<StmntSeq Intrnl_Id="66">
<LocList/>
</StmntSeq>
</Branch>
<Keyword EndOffset="3661" SrcFileId="1" StartOffset="3659"/>
<LocList>
<Loc EndOffset="3729" SrcFileId="1" StartOffset="3659"/>
</LocList>
<RootTerm CovItemId="C7" CovItemPrefix="Gioco.java" Intrnl_Id="67">
<BasicBoolTerm Intrnl_Id="68">
<LocList>
<Loc EndOffset="3674" SrcFileId="1" StartOffset="3662"/>
</LocList>
</BasicBoolTerm>
</RootTerm>
</CondStmnt>
<CondStmnt CovItemId="S23" CovItemPrefix="Gioco.java" Intrnl_Id="69">
<Branch CovItemId="B9" CovItemPrefix="Gioco.java" Implct="false" Intrnl_Id="70">
<Cond/>
<LocList>
<Loc EndOffset="3928" SrcFileId="1" StartOffset="3902"/>
</LocList>
<StmntSeq Intrnl_Id="71">
<LocList>
<Loc EndOffset="3928" SrcFileId="1" StartOffset="3902"/>
</LocList>
<BasicStmnt CovItemId="S24" CovItemPrefix="Gioco.java" Intrnl_Id="72">
<LocList>
<Loc EndOffset="3928" SrcFileId="1" StartOffset="3902"/>
</LocList>
</BasicStmnt>
</StmntSeq>
</Branch>
<Branch CovItemId="B10" CovItemPrefix="Gioco.java" Implct="true" Intrnl_Id="73">
<Cond/>
<LocList/>
<StmntSeq Intrnl_Id="74">
<LocList/>
</StmntSeq>
</Branch>
<Keyword EndOffset="3883" SrcFileId="1" StartOffset="3881"/>
<LocList>
<Loc EndOffset="3928" SrcFileId="1" StartOffset="3881"/>
</LocList>
<RootTerm CovItemId="C8" CovItemPrefix="Gioco.java" Intrnl_Id="75">
<BasicBoolTerm Intrnl_Id="76">
<LocList>
<Loc EndOffset="3895" SrcFileId="1" StartOffset="3884"/>
</LocList>
</BasicBoolTerm>
</RootTerm>
</CondStmnt>
</StmntSeq>
<Keyword EndOffset="3484" SrcFileId="1" StartOffset="3481"/>
<LocList>
<Loc EndOffset="3934" SrcFileId="1" StartOffset="3481"/>
</LocList>
<RootTerm CovItemId="C5" CovItemPrefix="Gioco.java" Intrnl_Id="77">
<BasicBoolTerm Intrnl_Id="78">
<LocList>
<Loc EndOffset="3507" SrcFileId="1" StartOffset="3492"/>
</LocList>
</BasicBoolTerm>
</RootTerm>
</LoopStmnt>
</StmntSeq>
</HierarchyLvl>
<HierarchyLvl HierarchyLvlId="203" HierarchyLvlTypeId="5" Intrnl_Id="79" Name="secondoControllo">
<Header>
<Loc EndOffset="4162" SrcFileId="1" StartOffset="4132"/>
</Header>
<LocList>
<Loc EndOffset="4558" SrcFileId="1" StartOffset="4132"/>
</LocList>
<StmntSeq Intrnl_Id="80">
<LocList>
<Loc EndOffset="4554" SrcFileId="1" StartOffset="4168"/>
</LocList>
<LoopStmnt CovItemId="S25" CovItemPrefix="Gioco.java" Intrnl_Id="81" MltplExecId="L4-2" MltplExecPrefix="Gioco.java" NvrExecId="L4-0" NvrExecPrefix="Gioco.java" OnceExecutedId="L4-1" OnceExecutedPrefix="Gioco.java" OptBodyExec="true">
<StmntSeq Intrnl_Id="82">
<LocList>
<Loc EndOffset="4549" SrcFileId="1" StartOffset="4291"/>
</LocList>
<CondStmnt CovItemId="S26" CovItemPrefix="Gioco.java" Intrnl_Id="83">
<Branch CovItemId="B11" CovItemPrefix="Gioco.java" Implct="false" Intrnl_Id="84">
<Cond/>
<LocList>
<Loc EndOffset="4346" SrcFileId="1" StartOffset="4328"/>
</LocList>
<StmntSeq Intrnl_Id="85">
<LocList>
<Loc EndOffset="4346" SrcFileId="1" StartOffset="4328"/>
</LocList>
<BasicStmnt CovItemId="S27" CovItemPrefix="Gioco.java" Intrnl_Id="86">
<LocList>
<Loc EndOffset="4346" SrcFileId="1" StartOffset="4328"/>
</LocList>
</BasicStmnt>
</StmntSeq>
</Branch>
<Branch CovItemId="B12" CovItemPrefix="Gioco.java" Implct="false" Intrnl_Id="87">
<Cond>
<Loc EndOffset="4461" SrcFileId="1" StartOffset="4457"/>
</Cond>
<LocList>
<Loc EndOffset="4549" SrcFileId="1" StartOffset="4462"/>
</LocList>
<StmntSeq Intrnl_Id="88">
<LocList>
<Loc EndOffset="4549" SrcFileId="1" StartOffset="4462"/>
</LocList>
<CondStmnt CovItemId="S28" CovItemPrefix="Gioco.java" Intrnl_Id="89">
<Branch CovItemId="B13" CovItemPrefix="Gioco.java" Implct="false" Intrnl_Id="90">
<Cond/>
<LocList>
<Loc EndOffset="4549" SrcFileId="1" StartOffset="4496"/>
</LocList>
<StmntSeq Intrnl_Id="91">
<LocList>
<Loc EndOffset="4520" SrcFileId="1" StartOffset="4503"/>
<Loc EndOffset="4543" SrcFileId="1" StartOffset="4526"/>
</LocList>
<BasicStmnt CovItemId="S29" CovItemPrefix="Gioco.java" Intrnl_Id="92">
<LocList>
<Loc EndOffset="4520" SrcFileId="1" StartOffset="4503"/>
</LocList>
</BasicStmnt>
<BasicStmnt CovItemId="S30" CovItemPrefix="Gioco.java" Intrnl_Id="93">
<LocList>
<Loc EndOffset="4543" SrcFileId="1" StartOffset="4526"/>
</LocList>
</BasicStmnt>
</StmntSeq>
</Branch>
<Branch CovItemId="B14" CovItemPrefix="Gioco.java" Implct="true" Intrnl_Id="94">
<Cond/>
<LocList/>
<StmntSeq Intrnl_Id="95">
<LocList/>
</StmntSeq>
</Branch>
<Keyword EndOffset="4464" SrcFileId="1" StartOffset="4462"/>
<LocList>
<Loc EndOffset="4549" SrcFileId="1" StartOffset="4462"/>
</LocList>
<RootTerm CovItemId="C11" CovItemPrefix="Gioco.java" Intrnl_Id="96">
<OpTerm BooleanOpId="4" Intrnl_Id="97">
<BasicBoolTerm Intrnl_Id="98">
<LocList>
<Loc EndOffset="4476" SrcFileId="1" StartOffset="4465"/>
</LocList>
</BasicBoolTerm>
<BasicBoolTerm Intrnl_Id="99">
<LocList>
<Loc EndOffset="4494" SrcFileId="1" StartOffset="4480"/>
</LocList>
</BasicBoolTerm>
<LocList>
<Loc EndOffset="4479" SrcFileId="1" StartOffset="4477"/>
</LocList>
</OpTerm>
</RootTerm>
</CondStmnt>
</StmntSeq>
</Branch>
<Keyword EndOffset="4293" SrcFileId="1" StartOffset="4291"/>
<LocList>
<Loc EndOffset="4549" SrcFileId="1" StartOffset="4291"/>
</LocList>
<RootTerm CovItemId="C10" CovItemPrefix="Gioco.java" Intrnl_Id="100">
<OpTerm BooleanOpId="4" Intrnl_Id="101">
<BasicBoolTerm Intrnl_Id="102">
<LocList>
<Loc EndOffset="4305" SrcFileId="1" StartOffset="4294"/>
</LocList>
</BasicBoolTerm>
<BasicBoolTerm Intrnl_Id="103">
<LocList>
<Loc EndOffset="4321" SrcFileId="1" StartOffset="4309"/>
</LocList>
</BasicBoolTerm>
<LocList>
<Loc EndOffset="4308" SrcFileId="1" StartOffset="4306"/>
</LocList>
</OpTerm>
</RootTerm>
</CondStmnt>
</StmntSeq>
<Keyword EndOffset="4171" SrcFileId="1" StartOffset="4168"/>
<LocList>
<Loc EndOffset="4554" SrcFileId="1" StartOffset="4168"/>
</LocList>
<RootTerm CovItemId="C9" CovItemPrefix="Gioco.java" Intrnl_Id="104">
<BasicBoolTerm Intrnl_Id="105">
<LocList>
<Loc EndOffset="4198" SrcFileId="1" StartOffset="4183"/>
</LocList>
</BasicBoolTerm>
</RootTerm>
</LoopStmnt>
</StmntSeq>
</HierarchyLvl>
<HierarchyLvl HierarchyLvlId="204" HierarchyLvlTypeId="5" Intrnl_Id="106" Name="print">
<Header>
<Loc EndOffset="4677" SrcFileId="1" StartOffset="4658"/>
</Header>
<LocList>
<Loc EndOffset="5082" SrcFileId="1" StartOffset="4658"/>
</LocList>
<StmntSeq Intrnl_Id="107">
<LocList>
<Loc EndOffset="5049" SrcFileId="1" StartOffset="4683"/>
<Loc EndOffset="5078" SrcFileId="1" StartOffset="5053"/>
</LocList>
<LoopStmnt CovItemId="S31" CovItemPrefix="Gioco.java" Intrnl_Id="108" MltplExecId="L5-2" MltplExecPrefix="Gioco.java" NvrExecId="L5-0" NvrExecPrefix="Gioco.java" OnceExecutedId="L5-1" OnceExecutedPrefix="Gioco.java" OptBodyExec="true">
<StmntSeq Intrnl_Id="109">
<LocList>
<Loc EndOffset="5044" SrcFileId="1" StartOffset="4726"/>
</LocList>
<CondStmnt CovItemId="S32" CovItemPrefix="Gioco.java" Intrnl_Id="110">
<Branch CovItemId="B15" CovItemPrefix="Gioco.java" Implct="false" Intrnl_Id="111">
<Cond/>
<LocList>
<Loc EndOffset="4830" SrcFileId="1" StartOffset="4753"/>
</LocList>
<StmntSeq Intrnl_Id="112">
<LocList>
<Loc EndOffset="4830" SrcFileId="1" StartOffset="4753"/>
</LocList>
<BasicStmnt CovItemId="S33" CovItemPrefix="Gioco.java" Intrnl_Id="113">
<LocList>
<Loc EndOffset="4830" SrcFileId="1" StartOffset="4753"/>
</LocList>
</BasicStmnt>
</StmntSeq>
</Branch>
<Branch CovItemId="B16" CovItemPrefix="Gioco.java" Implct="false" Intrnl_Id="114">
<Cond>
<Loc EndOffset="4839" SrcFileId="1" StartOffset="4835"/>
</Cond>
<LocList>
<Loc EndOffset="5044" SrcFileId="1" StartOffset="4840"/>
</LocList>
<StmntSeq Intrnl_Id="115">
<LocList>
<Loc EndOffset="5044" SrcFileId="1" StartOffset="4840"/>
</LocList>
<CondStmnt CovItemId="S34" CovItemPrefix="Gioco.java" Intrnl_Id="116">
<Branch CovItemId="B17" CovItemPrefix="Gioco.java" Implct="false" Intrnl_Id="117">
<Cond/>
<LocList>
<Loc EndOffset="4951" SrcFileId="1" StartOffset="4867"/>
</LocList>
<StmntSeq Intrnl_Id="118">
<LocList>
<Loc EndOffset="4951" SrcFileId="1" StartOffset="4867"/>
</LocList>
<BasicStmnt CovItemId="S35" CovItemPrefix="Gioco.java" Intrnl_Id="119">
<LocList>
<Loc EndOffset="4951" SrcFileId="1" StartOffset="4867"/>
</LocList>
</BasicStmnt>
</StmntSeq>
</Branch>
<Branch CovItemId="B18" CovItemPrefix="Gioco.java" Implct="false" Intrnl_Id="120">
<Cond>
<Loc EndOffset="4960" SrcFileId="1" StartOffset="4956"/>
</Cond>
<LocList>
<Loc EndOffset="5044" SrcFileId="1" StartOffset="4966"/>
</LocList>
<StmntSeq Intrnl_Id="121">
<LocList>
<Loc EndOffset="5044" SrcFileId="1" StartOffset="4966"/>
</LocList>
<BasicStmnt CovItemId="S36" CovItemPrefix="Gioco.java" Intrnl_Id="122">
<LocList>
<Loc EndOffset="5044" SrcFileId="1" StartOffset="4966"/>
</LocList>
</BasicStmnt>
</StmntSeq>
</Branch>
<Keyword EndOffset="4842" SrcFileId="1" StartOffset="4840"/>
<LocList>
<Loc EndOffset="5044" SrcFileId="1" StartOffset="4840"/>
</LocList>
<RootTerm CovItemId="C14" CovItemPrefix="Gioco.java" Intrnl_Id="123">
<BasicBoolTerm Intrnl_Id="124">
<LocList>
<Loc EndOffset="4860" SrcFileId="1" StartOffset="4843"/>
</LocList>
</BasicBoolTerm>
</RootTerm>
</CondStmnt>
</StmntSeq>
</Branch>
<Keyword EndOffset="4728" SrcFileId="1" StartOffset="4726"/>
<LocList>
<Loc EndOffset="5044" SrcFileId="1" StartOffset="4726"/>
</LocList>
<RootTerm CovItemId="C13" CovItemPrefix="Gioco.java" Intrnl_Id="125">
<BasicBoolTerm Intrnl_Id="126">
<LocList>
<Loc EndOffset="4746" SrcFileId="1" StartOffset="4729"/>
</LocList>
</BasicBoolTerm>
</RootTerm>
</CondStmnt>
</StmntSeq>
<Keyword EndOffset="4686" SrcFileId="1" StartOffset="4683"/>
<LocList>
<Loc EndOffset="5049" SrcFileId="1" StartOffset="4683"/>
</LocList>
<RootTerm CovItemId="C12" CovItemPrefix="Gioco.java" Intrnl_Id="127">
<BasicBoolTerm Intrnl_Id="128">
<LocList>
<Loc EndOffset="4713" SrcFileId="1" StartOffset="4698"/>
</LocList>
</BasicBoolTerm>
</RootTerm>
</LoopStmnt>
<BasicStmnt CovItemId="S37" CovItemPrefix="Gioco.java" Intrnl_Id="129">
<LocList>
<Loc EndOffset="5078" SrcFileId="1" StartOffset="5053"/>
</LocList>
</BasicStmnt>
</StmntSeq>
</HierarchyLvl>
</HierarchyLvl>
<HierarchyLvl HierarchyLvlId="207" HierarchyLvlTypeId="6" Intrnl_Id="130" Name="Main">
<Header>
<Loc EndOffset="19" SrcFileId="2" StartOffset="2"/>
</Header>
<LocList>
<Loc EndOffset="603" SrcFileId="2" StartOffset="2"/>
</LocList>
<HierarchyLvl HierarchyLvlId="206" HierarchyLvlTypeId="5" Intrnl_Id="131" Name="main">
<Header>
<Loc EndOffset="64" SrcFileId="2" StartOffset="26"/>
</Header>
<LocList>
<Loc EndOffset="598" SrcFileId="2" StartOffset="26"/>
</LocList>
<StmntSeq Intrnl_Id="132">
<LocList>
<Loc EndOffset="97" SrcFileId="2" StartOffset="74"/>
<Loc EndOffset="131" SrcFileId="2" StartOffset="101"/>
<Loc EndOffset="159" SrcFileId="2" StartOffset="140"/>
<Loc EndOffset="173" SrcFileId="2" StartOffset="163"/>
<Loc EndOffset="200" SrcFileId="2" StartOffset="181"/>
<Loc EndOffset="214" SrcFileId="2" StartOffset="204"/>
<Loc EndOffset="241" SrcFileId="2" StartOffset="222"/>
<Loc EndOffset="255" SrcFileId="2" StartOffset="245"/>
<Loc EndOffset="282" SrcFileId="2" StartOffset="263"/>
<Loc EndOffset="296" SrcFileId="2" StartOffset="286"/>
<Loc EndOffset="337" SrcFileId="2" StartOffset="313"/>
<Loc EndOffset="366" SrcFileId="2" StartOffset="341"/>
<Loc EndOffset="459" SrcFileId="2" StartOffset="438"/>
<Loc EndOffset="474" SrcFileId="2" StartOffset="463"/>
<Loc EndOffset="499" SrcFileId="2" StartOffset="478"/>
<Loc EndOffset="514" SrcFileId="2" StartOffset="503"/>
<Loc EndOffset="539" SrcFileId="2" StartOffset="518"/>
<Loc EndOffset="554" SrcFileId="2" StartOffset="543"/>
<Loc EndOffset="579" SrcFileId="2" StartOffset="558"/>
<Loc EndOffset="594" SrcFileId="2" StartOffset="583"/>
</LocList>
<BasicStmnt CovItemId="S1" CovItemPrefix="Main.java" Intrnl_Id="133">
<LocList>
<Loc EndOffset="97" SrcFileId="2" StartOffset="74"/>
</LocList>
</BasicStmnt>
<BasicStmnt CovItemId="S2" CovItemPrefix="Main.java" Intrnl_Id="134">
<LocList>
<Loc EndOffset="131" SrcFileId="2" StartOffset="101"/>
</LocList>
</BasicStmnt>
<BasicStmnt CovItemId="S3" CovItemPrefix="Main.java" Intrnl_Id="135">
<LocList>
<Loc EndOffset="159" SrcFileId="2" StartOffset="140"/>
</LocList>
</BasicStmnt>
<BasicStmnt CovItemId="S4" CovItemPrefix="Main.java" Intrnl_Id="136">
<LocList>
<Loc EndOffset="173" SrcFileId="2" StartOffset="163"/>
</LocList>
</BasicStmnt>
<BasicStmnt CovItemId="S5" CovItemPrefix="Main.java" Intrnl_Id="137">
<LocList>
<Loc EndOffset="200" SrcFileId="2" StartOffset="181"/>
</LocList>
</BasicStmnt>
<BasicStmnt CovItemId="S6" CovItemPrefix="Main.java" Intrnl_Id="138">
<LocList>
<Loc EndOffset="214" SrcFileId="2" StartOffset="204"/>
</LocList>
</BasicStmnt>
<BasicStmnt CovItemId="S7" CovItemPrefix="Main.java" Intrnl_Id="139">
<LocList>
<Loc EndOffset="241" SrcFileId="2" StartOffset="222"/>
</LocList>
</BasicStmnt>
<BasicStmnt CovItemId="S8" CovItemPrefix="Main.java" Intrnl_Id="140">
<LocList>
<Loc EndOffset="255" SrcFileId="2" StartOffset="245"/>
</LocList>
</BasicStmnt>
<BasicStmnt CovItemId="S9" CovItemPrefix="Main.java" Intrnl_Id="141">
<LocList>
<Loc EndOffset="282" SrcFileId="2" StartOffset="263"/>
</LocList>
</BasicStmnt>
<BasicStmnt CovItemId="S10" CovItemPrefix="Main.java" Intrnl_Id="142">
<LocList>
<Loc EndOffset="296" SrcFileId="2" StartOffset="286"/>
</LocList>
</BasicStmnt>
<BasicStmnt CovItemId="S11" CovItemPrefix="Main.java" Intrnl_Id="143">
<LocList>
<Loc EndOffset="337" SrcFileId="2" StartOffset="313"/>
</LocList>
</BasicStmnt>
<BasicStmnt CovItemId="S12" CovItemPrefix="Main.java" Intrnl_Id="144">
<LocList>
<Loc EndOffset="366" SrcFileId="2" StartOffset="341"/>
</LocList>
</BasicStmnt>
<BasicStmnt CovItemId="S13" CovItemPrefix="Main.java" Intrnl_Id="145">
<LocList>
<Loc EndOffset="459" SrcFileId="2" StartOffset="438"/>
</LocList>
</BasicStmnt>
<BasicStmnt CovItemId="S14" CovItemPrefix="Main.java" Intrnl_Id="146">
<LocList>
<Loc EndOffset="474" SrcFileId="2" StartOffset="463"/>
</LocList>
</BasicStmnt>
<BasicStmnt CovItemId="S15" CovItemPrefix="Main.java" Intrnl_Id="147">
<LocList>
<Loc EndOffset="499" SrcFileId="2" StartOffset="478"/>
</LocList>
</BasicStmnt>
<BasicStmnt CovItemId="S16" CovItemPrefix="Main.java" Intrnl_Id="148">
<LocList>
<Loc EndOffset="514" SrcFileId="2" StartOffset="503"/>
</LocList>
</BasicStmnt>
<BasicStmnt CovItemId="S17" CovItemPrefix="Main.java" Intrnl_Id="149">
<LocList>
<Loc EndOffset="539" SrcFileId="2" StartOffset="518"/>
</LocList>
</BasicStmnt>
<BasicStmnt CovItemId="S18" CovItemPrefix="Main.java" Intrnl_Id="150">
<LocList>
<Loc EndOffset="554" SrcFileId="2" StartOffset="543"/>
</LocList>
</BasicStmnt>
<BasicStmnt CovItemId="S19" CovItemPrefix="Main.java" Intrnl_Id="151">
<LocList>
<Loc EndOffset="579" SrcFileId="2" StartOffset="558"/>
</LocList>
</BasicStmnt>
<BasicStmnt CovItemId="S20" CovItemPrefix="Main.java" Intrnl_Id="152">
<LocList>
<Loc EndOffset="594" SrcFileId="2" StartOffset="583"/>
</LocList>
</BasicStmnt>
</StmntSeq>
</HierarchyLvl>
</HierarchyLvl>
<HierarchyLvl HierarchyLvlId="209" HierarchyLvlTypeId="6" Intrnl_Id="153" Name="TestGiocoCT">
<Header>
<Loc EndOffset="87" SrcFileId="3" StartOffset="63"/>
</Header>
<LocList>
<Loc EndOffset="664" SrcFileId="3" StartOffset="63"/>
</LocList>
<HierarchyLvl HierarchyLvlId="208" HierarchyLvlTypeId="5" Intrnl_Id="154" Name="test">
<Header>
<Loc EndOffset="120" SrcFileId="3" StartOffset="94"/>
</Header>
<LocList>
<Loc EndOffset="659" SrcFileId="3" StartOffset="94"/>
</LocList>
<StmntSeq Intrnl_Id="155">
<LocList>
<Loc EndOffset="162" SrcFileId="3" StartOffset="147"/>
<Loc EndOffset="190" SrcFileId="3" StartOffset="166"/>
<Loc EndOffset="219" SrcFileId="3" StartOffset="194"/>
<Loc EndOffset="257" SrcFileId="3" StartOffset="227"/>
<Loc EndOffset="285" SrcFileId="3" StartOffset="261"/>
<Loc EndOffset="339" SrcFileId="3" StartOffset="315"/>
<Loc EndOffset="368" SrcFileId="3" StartOffset="343"/>
<Loc EndOffset="408" SrcFileId="3" StartOffset="378"/>
<Loc EndOffset="442" SrcFileId="3" StartOffset="412"/>
<Loc EndOffset="469" SrcFileId="3" StartOffset="446"/>
<Loc EndOffset="523" SrcFileId="3" StartOffset="499"/>
<Loc EndOffset="552" SrcFileId="3" StartOffset="527"/>
<Loc EndOffset="594" SrcFileId="3" StartOffset="564"/>
<Loc EndOffset="628" SrcFileId="3" StartOffset="598"/>
<Loc EndOffset="655" SrcFileId="3" StartOffset="632"/>
</LocList>
<BasicStmnt CovItemId="S1" CovItemPrefix="TestGiocoCT.java" Intrnl_Id="156">
<LocList>
<Loc EndOffset="162" SrcFileId="3" StartOffset="147"/>
</LocList>
</BasicStmnt>
<BasicStmnt CovItemId="S2" CovItemPrefix="TestGiocoCT.java" Intrnl_Id="157">
<LocList>
<Loc EndOffset="190" SrcFileId="3" StartOffset="166"/>
</LocList>
</BasicStmnt>
<BasicStmnt CovItemId="S3" CovItemPrefix="TestGiocoCT.java" Intrnl_Id="158">
<LocList>
<Loc EndOffset="219" SrcFileId="3" StartOffset="194"/>
</LocList>
</BasicStmnt>
<BasicStmnt CovItemId="S4" CovItemPrefix="TestGiocoCT.java" Intrnl_Id="159">
<LocList>
<Loc EndOffset="257" SrcFileId="3" StartOffset="227"/>
</LocList>
</BasicStmnt>
<BasicStmnt CovItemId="S5" CovItemPrefix="TestGiocoCT.java" Intrnl_Id="160">
<LocList>
<Loc EndOffset="285" SrcFileId="3" StartOffset="261"/>
</LocList>
</BasicStmnt>
<BasicStmnt CovItemId="S6" CovItemPrefix="TestGiocoCT.java" Intrnl_Id="161">
<LocList>
<Loc EndOffset="339" SrcFileId="3" StartOffset="315"/>
</LocList>
</BasicStmnt>
<BasicStmnt CovItemId="S7" CovItemPrefix="TestGiocoCT.java" Intrnl_Id="162">
<LocList>
<Loc EndOffset="368" SrcFileId="3" StartOffset="343"/>
</LocList>
</BasicStmnt>
<BasicStmnt CovItemId="S8" CovItemPrefix="TestGiocoCT.java" Intrnl_Id="163">
<LocList>
<Loc EndOffset="408" SrcFileId="3" StartOffset="378"/>
</LocList>
</BasicStmnt>
<BasicStmnt CovItemId="S9" CovItemPrefix="TestGiocoCT.java" Intrnl_Id="164">
<LocList>
<Loc EndOffset="442" SrcFileId="3" StartOffset="412"/>
</LocList>
</BasicStmnt>
<BasicStmnt CovItemId="S10" CovItemPrefix="TestGiocoCT.java" Intrnl_Id="165">
<LocList>
<Loc EndOffset="469" SrcFileId="3" StartOffset="446"/>
</LocList>
</BasicStmnt>
<BasicStmnt CovItemId="S11" CovItemPrefix="TestGiocoCT.java" Intrnl_Id="166">
<LocList>
<Loc EndOffset="523" SrcFileId="3" StartOffset="499"/>
</LocList>
</BasicStmnt>
<BasicStmnt CovItemId="S12" CovItemPrefix="TestGiocoCT.java" Intrnl_Id="167">
<LocList>
<Loc EndOffset="552" SrcFileId="3" StartOffset="527"/>
</LocList>
</BasicStmnt>
<BasicStmnt CovItemId="S13" CovItemPrefix="TestGiocoCT.java" Intrnl_Id="168">
<LocList>
<Loc EndOffset="594" SrcFileId="3" StartOffset="564"/>
</LocList>
</BasicStmnt>
<BasicStmnt CovItemId="S14" CovItemPrefix="TestGiocoCT.java" Intrnl_Id="169">
<LocList>
<Loc EndOffset="628" SrcFileId="3" StartOffset="598"/>
</LocList>
</BasicStmnt>
<BasicStmnt CovItemId="S15" CovItemPrefix="TestGiocoCT.java" Intrnl_Id="170">
<LocList>
<Loc EndOffset="655" SrcFileId="3" StartOffset="632"/>
</LocList>
</BasicStmnt>
</StmntSeq>
</HierarchyLvl>
</HierarchyLvl>
</HierarchyLvl>
</MASTRoot>
</TestSessionContainer>
