<?xml version="1.0" encoding="UTF-8"?><TestSessionContainer xmlns="http://www.codecover.org/xml/testsession-container" Date="1708508344480" TestSessionContainerId="4431f39d-b503-4e72-8150-20c0c97dcac3" version="1.0">
<SrcFileList>
<SrcFile Content="import static org.junit.Assert.*;&#13;&#10;&#13;&#10;import org.junit.Test;&#13;&#10;&#13;&#10;public class TestGioco {&#13;&#10;&#13;&#10;&#9;@Test&#13;&#10;&#9;public void testIstruzioni() {&#13;&#10;&#13;&#10;&#9;&#9;//Test in cui qualcuno vince perchè gli altri hanno superato l'otto&#13;&#10;&#9;&#9;int result = 0;&#13;&#10;&#9;&#9;Gioco g1 = new Gioco(3);&#13;&#10;&#9;&#9;int[] pescata1 = {5,3,5};&#13;&#10;&#9;&#9;&#13;&#10;&#9;&#9;result = g1.giocata(pescata1);&#13;&#10;&#9;&#9;g1.print();&#13;&#10;&#9;&#9;assertEquals(-1,result);&#13;&#10;&#9;&#9;&#13;&#10;&#9;&#9;result = g1.giocata(pescata1);&#13;&#10;&#9;&#9;assertEquals(2,result);&#13;&#10;&#9;&#9;&#13;&#10;&#9;&#9;&#13;&#10;&#9;&#9;//Test in cui qualcuno vince perchè arriva ad otto preciso&#13;&#10;&#9;&#9;Gioco g2 = new Gioco(3);&#13;&#10;&#9;&#9;int[] pescata2 = {1,1,4};&#13;&#10;&#9;&#9;&#13;&#10;&#9;&#9;result = g2.giocata(pescata2);&#13;&#10;&#9;&#9;result = g2.giocata(pescata2);&#13;&#10;&#9;&#9;g2.print();&#13;&#10;&#9;&#9;assertEquals(3,result);&#13;&#10;&#9;&#9;&#13;&#10;&#9;}&#13;&#10;&#9;&#13;&#10;&#9;&#13;&#10;&#9;@Test&#13;&#10;&#9;public void testBranch() {&#13;&#10;&#9;&#9;int result = 0;&#13;&#10;&#9;&#9;Gioco g1 = new Gioco(3);&#13;&#10;&#9;&#9;int[] pescata1 = {5,3,5};&#13;&#10;&#9;&#9;&#13;&#10;&#9;&#9;result = g1.giocata(pescata1);&#13;&#10;&#9;&#9;g1.print();&#13;&#10;&#9;&#9;assertEquals(-1,result);&#13;&#10;&#9;&#9;&#13;&#10;&#9;&#9;result = g1.giocata(pescata1);&#13;&#10;&#9;&#9;assertEquals(2,result);&#13;&#10;&#9;&#9;&#13;&#10;&#9;&#9;&#13;&#10;&#9;&#9;Gioco g2 = new Gioco(3);&#13;&#10;&#9;&#9;int[] pescata2 = {1,1,4};&#13;&#10;&#9;&#9;&#13;&#10;&#9;&#9;result = g2.giocata(pescata2);&#13;&#10;&#9;&#9;result = g2.giocata(pescata2);&#13;&#10;&#9;&#9;g2.print();&#13;&#10;&#9;&#9;assertEquals(3,result);&#13;&#10;&#9;&#9;//Chiamato due volte per controllare il caso in cui il gioco è terminato&#13;&#10;&#9;&#9;result = g2.giocata(pescata2);&#13;&#10;&#9;&#9;assertEquals(3,result);&#13;&#10;&#9;&#9;&#13;&#10;&#9;&#9;&#13;&#10;&#9;&#9;/*&#9;Test per coprire il caso in cui solo uno perde mentre gli altri possono giocare&#13;&#10;&#9;&#9;&#9;Siamo quindi nel caso in cui un giocatore non può pescare mentre gli altri possono&#9;*/&#13;&#10;&#9;&#9;Gioco g3 = new Gioco(3);&#13;&#10;&#9;&#9;int[] pescata3 = {1,1,5};&#13;&#10;&#9;&#9;result = g3.giocata(pescata3);&#13;&#10;&#9;&#9;result = g3.giocata(pescata3);&#13;&#10;&#9;&#9;result = g3.giocata(pescata3);&#9;&#13;&#10;&#9;&#9;assertEquals(-1,result);&#13;&#10;&#9;}&#13;&#10;&#9;&#13;&#10;&#9;&#13;&#10;&#9;//Il test delle condizioni in questo caso è identico al test del branch, &#13;&#10;&#9;//tutte le condizioni all'interno dlel'if risultano vere e false&#13;&#10;&#9;@Test&#13;&#10;&#9;public void testCondizioni() {&#13;&#10;&#9;&#9;int result = 0;&#13;&#10;&#9;&#9;Gioco g1 = new Gioco(3);&#13;&#10;&#9;&#9;int[] pescata1 = {5,3,5};&#13;&#10;&#9;&#9;&#13;&#10;&#9;&#9;result = g1.giocata(pescata1);&#13;&#10;&#9;&#9;g1.print();&#13;&#10;&#9;&#9;assertEquals(-1,result);&#13;&#10;&#9;&#9;&#13;&#10;&#9;&#9;result = g1.giocata(pescata1);&#13;&#10;&#9;&#9;assertEquals(2,result);&#13;&#10;&#9;&#9;&#13;&#10;&#9;&#9;&#13;&#10;&#9;&#9;Gioco g2 = new Gioco(3);&#13;&#10;&#9;&#9;int[] pescata2 = {1,1,4};&#13;&#10;&#9;&#9;&#13;&#10;&#9;&#9;result = g2.giocata(pescata2);&#13;&#10;&#9;&#9;result = g2.giocata(pescata2);&#13;&#10;&#9;&#9;g2.print();&#13;&#10;&#9;&#9;assertEquals(3,result);&#13;&#10;&#9;&#9;&#13;&#10;&#9;&#9;result = g2.giocata(pescata2);&#13;&#10;&#9;&#9;assertEquals(3,result);&#13;&#10;&#9;&#9;&#13;&#10;&#9;&#9;&#13;&#10;&#9;&#9;Gioco g3 = new Gioco(3);&#13;&#10;&#9;&#9;int[] pescata3 = {1,1,5};&#13;&#10;&#9;&#9;result = g3.giocata(pescata3);&#13;&#10;&#9;&#9;result = g3.giocata(pescata3);&#9;&#13;&#10;&#9;&#9;result = g3.giocata(pescata3);&#9;&#13;&#10;&#9;&#9;assertEquals(-1,result);&#13;&#10;&#9;}&#13;&#10;&#9;&#13;&#10;&#9;&#13;&#10;&#9;@Test&#13;&#10;&#9;public void testMCDC()  {&#13;&#10;&#9;&#9;int result = 0;&#13;&#10;&#9;&#9;Gioco g1 = new Gioco(3);&#13;&#10;&#9;&#9;int[] pescata1 = {5,3,5};&#13;&#10;&#9;&#9;&#13;&#10;&#9;&#9;result = g1.giocata(pescata1);&#13;&#10;&#9;&#9;g1.print();&#13;&#10;&#9;&#9;assertEquals(-1,result);&#13;&#10;&#9;&#9;&#13;&#10;&#9;&#9;result = g1.giocata(pescata1);&#13;&#10;&#9;&#9;assertEquals(2,result);&#13;&#10;&#9;&#9;&#13;&#10;&#9;&#9;&#13;&#10;&#9;&#9;Gioco g2 = new Gioco(3);&#13;&#10;&#9;&#9;int[] pescata2 = {1,1,4};&#13;&#10;&#9;&#9;&#13;&#10;&#9;&#9;result = g2.giocata(pescata2);&#13;&#10;&#9;&#9;result = g2.giocata(pescata2);&#13;&#10;&#9;&#9;g2.print();&#13;&#10;&#9;&#9;assertEquals(3,result);&#13;&#10;&#9;&#9;&#13;&#10;&#9;&#9;result = g2.giocata(pescata2);&#13;&#10;&#9;&#9;assertEquals(3,result);&#13;&#10;&#9;&#9;&#13;&#10;&#9;&#9;&#13;&#10;&#9;&#9;Gioco g3 = new Gioco(3);&#13;&#10;&#9;&#9;int[] pescata3 = {1,1,5};&#13;&#10;&#9;&#9;result = g3.giocata(pescata3);&#13;&#10;&#9;&#9;result = g3.giocata(pescata3);&#13;&#10;&#9;&#9;result = g3.giocata(pescata3);&#9;&#13;&#10;&#9;&#9;assertEquals(-1,result);&#13;&#10;&#9;}&#13;&#10;}&#13;&#10;" Filename="TestGioco.java" Intrnl_Id="1"/>
</SrcFileList>
<CritList>
<CritListEntry Name="org.codecover.model.utils.criteria.ConditionCoverage" PluginName="org.codecover"/>
<CritListEntry Name="org.codecover.model.utils.criteria.BranchCoverage" PluginName="org.codecover"/>
<CritListEntry Name="org.codecover.model.utils.criteria.StatementCoverage" PluginName="org.codecover"/>
</CritList>
<BoolOpList/>
<HierarchyLvlTypeList>
<HierarchyLvlType EnglishName="method" IntrnlName="method" Intrnl_Id="2"/>
<HierarchyLvlType EnglishName="class" IntrnlName="class" Intrnl_Id="3"/>
<HierarchyLvlType EnglishName="default package" IntrnlName="default package" Intrnl_Id="4"/>
</HierarchyLvlTypeList>
<MASTRoot>
<HierarchyLvl HierarchyLvlId="6" HierarchyLvlTypeId="4" Intrnl_Id="5" Name="default package">
<Header/>
<LocList/>
<HierarchyLvl HierarchyLvlId="5" HierarchyLvlTypeId="3" Intrnl_Id="6" Name="TestGioco">
<Header>
<Loc EndOffset="85" SrcFileId="1" StartOffset="63"/>
</Header>
<LocList>
<Loc EndOffset="3199" SrcFileId="1" StartOffset="63"/>
</LocList>
<HierarchyLvl HierarchyLvlId="1" HierarchyLvlTypeId="2" Intrnl_Id="7" Name="testIstruzioni">
<Header>
<Loc EndOffset="128" SrcFileId="1" StartOffset="92"/>
</Header>
<LocList>
<Loc EndOffset="674" SrcFileId="1" StartOffset="92"/>
</LocList>
<StmntSeq Intrnl_Id="8">
<LocList>
<Loc EndOffset="222" SrcFileId="1" StartOffset="207"/>
<Loc EndOffset="250" SrcFileId="1" StartOffset="226"/>
<Loc EndOffset="279" SrcFileId="1" StartOffset="254"/>
<Loc EndOffset="317" SrcFileId="1" StartOffset="287"/>
<Loc EndOffset="332" SrcFileId="1" StartOffset="321"/>
<Loc EndOffset="360" SrcFileId="1" StartOffset="336"/>
<Loc EndOffset="398" SrcFileId="1" StartOffset="368"/>
<Loc EndOffset="425" SrcFileId="1" StartOffset="402"/>
<Loc EndOffset="523" SrcFileId="1" StartOffset="499"/>
<Loc EndOffset="552" SrcFileId="1" StartOffset="527"/>
<Loc EndOffset="590" SrcFileId="1" StartOffset="560"/>
<Loc EndOffset="624" SrcFileId="1" StartOffset="594"/>
<Loc EndOffset="639" SrcFileId="1" StartOffset="628"/>
<Loc EndOffset="666" SrcFileId="1" StartOffset="643"/>
</LocList>
<BasicStmnt CovItemId="S1" CovItemPrefix="TestGioco.java" Intrnl_Id="9">
<LocList>
<Loc EndOffset="222" SrcFileId="1" StartOffset="207"/>
</LocList>
</BasicStmnt>
<BasicStmnt CovItemId="S2" CovItemPrefix="TestGioco.java" Intrnl_Id="10">
<LocList>
<Loc EndOffset="250" SrcFileId="1" StartOffset="226"/>
</LocList>
</BasicStmnt>
<BasicStmnt CovItemId="S3" CovItemPrefix="TestGioco.java" Intrnl_Id="11">
<LocList>
<Loc EndOffset="279" SrcFileId="1" StartOffset="254"/>
</LocList>
</BasicStmnt>
<BasicStmnt CovItemId="S4" CovItemPrefix="TestGioco.java" Intrnl_Id="12">
<LocList>
<Loc EndOffset="317" SrcFileId="1" StartOffset="287"/>
</LocList>
</BasicStmnt>
<BasicStmnt CovItemId="S5" CovItemPrefix="TestGioco.java" Intrnl_Id="13">
<LocList>
<Loc EndOffset="332" SrcFileId="1" StartOffset="321"/>
</LocList>
</BasicStmnt>
<BasicStmnt CovItemId="S6" CovItemPrefix="TestGioco.java" Intrnl_Id="14">
<LocList>
<Loc EndOffset="360" SrcFileId="1" StartOffset="336"/>
</LocList>
</BasicStmnt>
<BasicStmnt CovItemId="S7" CovItemPrefix="TestGioco.java" Intrnl_Id="15">
<LocList>
<Loc EndOffset="398" SrcFileId="1" StartOffset="368"/>
</LocList>
</BasicStmnt>
<BasicStmnt CovItemId="S8" CovItemPrefix="TestGioco.java" Intrnl_Id="16">
<LocList>
<Loc EndOffset="425" SrcFileId="1" StartOffset="402"/>
</LocList>
</BasicStmnt>
<BasicStmnt CovItemId="S9" CovItemPrefix="TestGioco.java" Intrnl_Id="17">
<LocList>
<Loc EndOffset="523" SrcFileId="1" StartOffset="499"/>
</LocList>
</BasicStmnt>
<BasicStmnt CovItemId="S10" CovItemPrefix="TestGioco.java" Intrnl_Id="18">
<LocList>
<Loc EndOffset="552" SrcFileId="1" StartOffset="527"/>
</LocList>
</BasicStmnt>
<BasicStmnt CovItemId="S11" CovItemPrefix="TestGioco.java" Intrnl_Id="19">
<LocList>
<Loc EndOffset="590" SrcFileId="1" StartOffset="560"/>
</LocList>
</BasicStmnt>
<BasicStmnt CovItemId="S12" CovItemPrefix="TestGioco.java" Intrnl_Id="20">
<LocList>
<Loc EndOffset="624" SrcFileId="1" StartOffset="594"/>
</LocList>
</BasicStmnt>
<BasicStmnt CovItemId="S13" CovItemPrefix="TestGioco.java" Intrnl_Id="21">
<LocList>
<Loc EndOffset="639" SrcFileId="1" StartOffset="628"/>
</LocList>
</BasicStmnt>
<BasicStmnt CovItemId="S14" CovItemPrefix="TestGioco.java" Intrnl_Id="22">
<LocList>
<Loc EndOffset="666" SrcFileId="1" StartOffset="643"/>
</LocList>
</BasicStmnt>
</StmntSeq>
</HierarchyLvl>
<HierarchyLvl HierarchyLvlId="2" HierarchyLvlTypeId="2" Intrnl_Id="23" Name="testBranch">
<Header>
<Loc EndOffset="715" SrcFileId="1" StartOffset="683"/>
</Header>
<LocList>
<Loc EndOffset="1631" SrcFileId="1" StartOffset="683"/>
</LocList>
<StmntSeq Intrnl_Id="24">
<LocList>
<Loc EndOffset="736" SrcFileId="1" StartOffset="721"/>
<Loc EndOffset="764" SrcFileId="1" StartOffset="740"/>
<Loc EndOffset="793" SrcFileId="1" StartOffset="768"/>
<Loc EndOffset="831" SrcFileId="1" StartOffset="801"/>
<Loc EndOffset="846" SrcFileId="1" StartOffset="835"/>
<Loc EndOffset="874" SrcFileId="1" StartOffset="850"/>
<Loc EndOffset="912" SrcFileId="1" StartOffset="882"/>
<Loc EndOffset="939" SrcFileId="1" StartOffset="916"/>
<Loc EndOffset="975" SrcFileId="1" StartOffset="951"/>
<Loc EndOffset="1004" SrcFileId="1" StartOffset="979"/>
<Loc EndOffset="1042" SrcFileId="1" StartOffset="1012"/>
<Loc EndOffset="1076" SrcFileId="1" StartOffset="1046"/>
<Loc EndOffset="1091" SrcFileId="1" StartOffset="1080"/>
<Loc EndOffset="1118" SrcFileId="1" StartOffset="1095"/>
<Loc EndOffset="1228" SrcFileId="1" StartOffset="1198"/>
<Loc EndOffset="1255" SrcFileId="1" StartOffset="1232"/>
<Loc EndOffset="1467" SrcFileId="1" StartOffset="1443"/>
<Loc EndOffset="1496" SrcFileId="1" StartOffset="1471"/>
<Loc EndOffset="1530" SrcFileId="1" StartOffset="1500"/>
<Loc EndOffset="1564" SrcFileId="1" StartOffset="1534"/>
<Loc EndOffset="1598" SrcFileId="1" StartOffset="1568"/>
<Loc EndOffset="1627" SrcFileId="1" StartOffset="1603"/>
</LocList>
<BasicStmnt CovItemId="S15" CovItemPrefix="TestGioco.java" Intrnl_Id="25">
<LocList>
<Loc EndOffset="736" SrcFileId="1" StartOffset="721"/>
</LocList>
</BasicStmnt>
<BasicStmnt CovItemId="S16" CovItemPrefix="TestGioco.java" Intrnl_Id="26">
<LocList>
<Loc EndOffset="764" SrcFileId="1" StartOffset="740"/>
</LocList>
</BasicStmnt>
<BasicStmnt CovItemId="S17" CovItemPrefix="TestGioco.java" Intrnl_Id="27">
<LocList>
<Loc EndOffset="793" SrcFileId="1" StartOffset="768"/>
</LocList>
</BasicStmnt>
<BasicStmnt CovItemId="S18" CovItemPrefix="TestGioco.java" Intrnl_Id="28">
<LocList>
<Loc EndOffset="831" SrcFileId="1" StartOffset="801"/>
</LocList>
</BasicStmnt>
<BasicStmnt CovItemId="S19" CovItemPrefix="TestGioco.java" Intrnl_Id="29">
<LocList>
<Loc EndOffset="846" SrcFileId="1" StartOffset="835"/>
</LocList>
</BasicStmnt>
<BasicStmnt CovItemId="S20" CovItemPrefix="TestGioco.java" Intrnl_Id="30">
<LocList>
<Loc EndOffset="874" SrcFileId="1" StartOffset="850"/>
</LocList>
</BasicStmnt>
<BasicStmnt CovItemId="S21" CovItemPrefix="TestGioco.java" Intrnl_Id="31">
<LocList>
<Loc EndOffset="912" SrcFileId="1" StartOffset="882"/>
</LocList>
</BasicStmnt>
<BasicStmnt CovItemId="S22" CovItemPrefix="TestGioco.java" Intrnl_Id="32">
<LocList>
<Loc EndOffset="939" SrcFileId="1" StartOffset="916"/>
</LocList>
</BasicStmnt>
<BasicStmnt CovItemId="S23" CovItemPrefix="TestGioco.java" Intrnl_Id="33">
<LocList>
<Loc EndOffset="975" SrcFileId="1" StartOffset="951"/>
</LocList>
</BasicStmnt>
<BasicStmnt CovItemId="S24" CovItemPrefix="TestGioco.java" Intrnl_Id="34">
<LocList>
<Loc EndOffset="1004" SrcFileId="1" StartOffset="979"/>
</LocList>
</BasicStmnt>
<BasicStmnt CovItemId="S25" CovItemPrefix="TestGioco.java" Intrnl_Id="35">
<LocList>
<Loc EndOffset="1042" SrcFileId="1" StartOffset="1012"/>
</LocList>
</BasicStmnt>
<BasicStmnt CovItemId="S26" CovItemPrefix="TestGioco.java" Intrnl_Id="36">
<LocList>
<Loc EndOffset="1076" SrcFileId="1" StartOffset="1046"/>
</LocList>
</BasicStmnt>
<BasicStmnt CovItemId="S27" CovItemPrefix="TestGioco.java" Intrnl_Id="37">
<LocList>
<Loc EndOffset="1091" SrcFileId="1" StartOffset="1080"/>
</LocList>
</BasicStmnt>
<BasicStmnt CovItemId="S28" CovItemPrefix="TestGioco.java" Intrnl_Id="38">
<LocList>
<Loc EndOffset="1118" SrcFileId="1" StartOffset="1095"/>
</LocList>
</BasicStmnt>
<BasicStmnt CovItemId="S29" CovItemPrefix="TestGioco.java" Intrnl_Id="39">
<LocList>
<Loc EndOffset="1228" SrcFileId="1" StartOffset="1198"/>
</LocList>
</BasicStmnt>
<BasicStmnt CovItemId="S30" CovItemPrefix="TestGioco.java" Intrnl_Id="40">
<LocList>
<Loc EndOffset="1255" SrcFileId="1" StartOffset="1232"/>
</LocList>
</BasicStmnt>
<BasicStmnt CovItemId="S31" CovItemPrefix="TestGioco.java" Intrnl_Id="41">
<LocList>
<Loc EndOffset="1467" SrcFileId="1" StartOffset="1443"/>
</LocList>
</BasicStmnt>
<BasicStmnt CovItemId="S32" CovItemPrefix="TestGioco.java" Intrnl_Id="42">
<LocList>
<Loc EndOffset="1496" SrcFileId="1" StartOffset="1471"/>
</LocList>
</BasicStmnt>
<BasicStmnt CovItemId="S33" CovItemPrefix="TestGioco.java" Intrnl_Id="43">
<LocList>
<Loc EndOffset="1530" SrcFileId="1" StartOffset="1500"/>
</LocList>
</BasicStmnt>
<BasicStmnt CovItemId="S34" CovItemPrefix="TestGioco.java" Intrnl_Id="44">
<LocList>
<Loc EndOffset="1564" SrcFileId="1" StartOffset="1534"/>
</LocList>
</BasicStmnt>
<BasicStmnt CovItemId="S35" CovItemPrefix="TestGioco.java" Intrnl_Id="45">
<LocList>
<Loc EndOffset="1598" SrcFileId="1" StartOffset="1568"/>
</LocList>
</BasicStmnt>
<BasicStmnt CovItemId="S36" CovItemPrefix="TestGioco.java" Intrnl_Id="46">
<LocList>
<Loc EndOffset="1627" SrcFileId="1" StartOffset="1603"/>
</LocList>
</BasicStmnt>
</StmntSeq>
</HierarchyLvl>
<HierarchyLvl HierarchyLvlId="3" HierarchyLvlTypeId="2" Intrnl_Id="47" Name="testCondizioni">
<Header>
<Loc EndOffset="1819" SrcFileId="1" StartOffset="1783"/>
</Header>
<LocList>
<Loc EndOffset="2488" SrcFileId="1" StartOffset="1783"/>
</LocList>
<StmntSeq Intrnl_Id="48">
<LocList>
<Loc EndOffset="1840" SrcFileId="1" StartOffset="1825"/>
<Loc EndOffset="1868" SrcFileId="1" StartOffset="1844"/>
<Loc EndOffset="1897" SrcFileId="1" StartOffset="1872"/>
<Loc EndOffset="1935" SrcFileId="1" StartOffset="1905"/>
<Loc EndOffset="1950" SrcFileId="1" StartOffset="1939"/>
<Loc EndOffset="1978" SrcFileId="1" StartOffset="1954"/>
<Loc EndOffset="2016" SrcFileId="1" StartOffset="1986"/>
<Loc EndOffset="2043" SrcFileId="1" StartOffset="2020"/>
<Loc EndOffset="2079" SrcFileId="1" StartOffset="2055"/>
<Loc EndOffset="2108" SrcFileId="1" StartOffset="2083"/>
<Loc EndOffset="2146" SrcFileId="1" StartOffset="2116"/>
<Loc EndOffset="2180" SrcFileId="1" StartOffset="2150"/>
<Loc EndOffset="2195" SrcFileId="1" StartOffset="2184"/>
<Loc EndOffset="2222" SrcFileId="1" StartOffset="2199"/>
<Loc EndOffset="2260" SrcFileId="1" StartOffset="2230"/>
<Loc EndOffset="2287" SrcFileId="1" StartOffset="2264"/>
<Loc EndOffset="2323" SrcFileId="1" StartOffset="2299"/>
<Loc EndOffset="2352" SrcFileId="1" StartOffset="2327"/>
<Loc EndOffset="2386" SrcFileId="1" StartOffset="2356"/>
<Loc EndOffset="2420" SrcFileId="1" StartOffset="2390"/>
<Loc EndOffset="2455" SrcFileId="1" StartOffset="2425"/>
<Loc EndOffset="2484" SrcFileId="1" StartOffset="2460"/>
</LocList>
<BasicStmnt CovItemId="S37" CovItemPrefix="TestGioco.java" Intrnl_Id="49">
<LocList>
<Loc EndOffset="1840" SrcFileId="1" StartOffset="1825"/>
</LocList>
</BasicStmnt>
<BasicStmnt CovItemId="S38" CovItemPrefix="TestGioco.java" Intrnl_Id="50">
<LocList>
<Loc EndOffset="1868" SrcFileId="1" StartOffset="1844"/>
</LocList>
</BasicStmnt>
<BasicStmnt CovItemId="S39" CovItemPrefix="TestGioco.java" Intrnl_Id="51">
<LocList>
<Loc EndOffset="1897" SrcFileId="1" StartOffset="1872"/>
</LocList>
</BasicStmnt>
<BasicStmnt CovItemId="S40" CovItemPrefix="TestGioco.java" Intrnl_Id="52">
<LocList>
<Loc EndOffset="1935" SrcFileId="1" StartOffset="1905"/>
</LocList>
</BasicStmnt>
<BasicStmnt CovItemId="S41" CovItemPrefix="TestGioco.java" Intrnl_Id="53">
<LocList>
<Loc EndOffset="1950" SrcFileId="1" StartOffset="1939"/>
</LocList>
</BasicStmnt>
<BasicStmnt CovItemId="S42" CovItemPrefix="TestGioco.java" Intrnl_Id="54">
<LocList>
<Loc EndOffset="1978" SrcFileId="1" StartOffset="1954"/>
</LocList>
</BasicStmnt>
<BasicStmnt CovItemId="S43" CovItemPrefix="TestGioco.java" Intrnl_Id="55">
<LocList>
<Loc EndOffset="2016" SrcFileId="1" StartOffset="1986"/>
</LocList>
</BasicStmnt>
<BasicStmnt CovItemId="S44" CovItemPrefix="TestGioco.java" Intrnl_Id="56">
<LocList>
<Loc EndOffset="2043" SrcFileId="1" StartOffset="2020"/>
</LocList>
</BasicStmnt>
<BasicStmnt CovItemId="S45" CovItemPrefix="TestGioco.java" Intrnl_Id="57">
<LocList>
<Loc EndOffset="2079" SrcFileId="1" StartOffset="2055"/>
</LocList>
</BasicStmnt>
<BasicStmnt CovItemId="S46" CovItemPrefix="TestGioco.java" Intrnl_Id="58">
<LocList>
<Loc EndOffset="2108" SrcFileId="1" StartOffset="2083"/>
</LocList>
</BasicStmnt>
<BasicStmnt CovItemId="S47" CovItemPrefix="TestGioco.java" Intrnl_Id="59">
<LocList>
<Loc EndOffset="2146" SrcFileId="1" StartOffset="2116"/>
</LocList>
</BasicStmnt>
<BasicStmnt CovItemId="S48" CovItemPrefix="TestGioco.java" Intrnl_Id="60">
<LocList>
<Loc EndOffset="2180" SrcFileId="1" StartOffset="2150"/>
</LocList>
</BasicStmnt>
<BasicStmnt CovItemId="S49" CovItemPrefix="TestGioco.java" Intrnl_Id="61">
<LocList>
<Loc EndOffset="2195" SrcFileId="1" StartOffset="2184"/>
</LocList>
</BasicStmnt>
<BasicStmnt CovItemId="S50" CovItemPrefix="TestGioco.java" Intrnl_Id="62">
<LocList>
<Loc EndOffset="2222" SrcFileId="1" StartOffset="2199"/>
</LocList>
</BasicStmnt>
<BasicStmnt CovItemId="S51" CovItemPrefix="TestGioco.java" Intrnl_Id="63">
<LocList>
<Loc EndOffset="2260" SrcFileId="1" StartOffset="2230"/>
</LocList>
</BasicStmnt>
<BasicStmnt CovItemId="S52" CovItemPrefix="TestGioco.java" Intrnl_Id="64">
<LocList>
<Loc EndOffset="2287" SrcFileId="1" StartOffset="2264"/>
</LocList>
</BasicStmnt>
<BasicStmnt CovItemId="S53" CovItemPrefix="TestGioco.java" Intrnl_Id="65">
<LocList>
<Loc EndOffset="2323" SrcFileId="1" StartOffset="2299"/>
</LocList>
</BasicStmnt>
<BasicStmnt CovItemId="S54" CovItemPrefix="TestGioco.java" Intrnl_Id="66">
<LocList>
<Loc EndOffset="2352" SrcFileId="1" StartOffset="2327"/>
</LocList>
</BasicStmnt>
<BasicStmnt CovItemId="S55" CovItemPrefix="TestGioco.java" Intrnl_Id="67">
<LocList>
<Loc EndOffset="2386" SrcFileId="1" StartOffset="2356"/>
</LocList>
</BasicStmnt>
<BasicStmnt CovItemId="S56" CovItemPrefix="TestGioco.java" Intrnl_Id="68">
<LocList>
<Loc EndOffset="2420" SrcFileId="1" StartOffset="2390"/>
</LocList>
</BasicStmnt>
<BasicStmnt CovItemId="S57" CovItemPrefix="TestGioco.java" Intrnl_Id="69">
<LocList>
<Loc EndOffset="2455" SrcFileId="1" StartOffset="2425"/>
</LocList>
</BasicStmnt>
<BasicStmnt CovItemId="S58" CovItemPrefix="TestGioco.java" Intrnl_Id="70">
<LocList>
<Loc EndOffset="2484" SrcFileId="1" StartOffset="2460"/>
</LocList>
</BasicStmnt>
</StmntSeq>
</HierarchyLvl>
<HierarchyLvl HierarchyLvlId="4" HierarchyLvlTypeId="2" Intrnl_Id="71" Name="testMCDC">
<Header>
<Loc EndOffset="2527" SrcFileId="1" StartOffset="2497"/>
</Header>
<LocList>
<Loc EndOffset="3196" SrcFileId="1" StartOffset="2497"/>
</LocList>
<StmntSeq Intrnl_Id="72">
<LocList>
<Loc EndOffset="2549" SrcFileId="1" StartOffset="2534"/>
<Loc EndOffset="2577" SrcFileId="1" StartOffset="2553"/>
<Loc EndOffset="2606" SrcFileId="1" StartOffset="2581"/>
<Loc EndOffset="2644" SrcFileId="1" StartOffset="2614"/>
<Loc EndOffset="2659" SrcFileId="1" StartOffset="2648"/>
<Loc EndOffset="2687" SrcFileId="1" StartOffset="2663"/>
<Loc EndOffset="2725" SrcFileId="1" StartOffset="2695"/>
<Loc EndOffset="2752" SrcFileId="1" StartOffset="2729"/>
<Loc EndOffset="2788" SrcFileId="1" StartOffset="2764"/>
<Loc EndOffset="2817" SrcFileId="1" StartOffset="2792"/>
<Loc EndOffset="2855" SrcFileId="1" StartOffset="2825"/>
<Loc EndOffset="2889" SrcFileId="1" StartOffset="2859"/>
<Loc EndOffset="2904" SrcFileId="1" StartOffset="2893"/>
<Loc EndOffset="2931" SrcFileId="1" StartOffset="2908"/>
<Loc EndOffset="2969" SrcFileId="1" StartOffset="2939"/>
<Loc EndOffset="2996" SrcFileId="1" StartOffset="2973"/>
<Loc EndOffset="3032" SrcFileId="1" StartOffset="3008"/>
<Loc EndOffset="3061" SrcFileId="1" StartOffset="3036"/>
<Loc EndOffset="3095" SrcFileId="1" StartOffset="3065"/>
<Loc EndOffset="3129" SrcFileId="1" StartOffset="3099"/>
<Loc EndOffset="3163" SrcFileId="1" StartOffset="3133"/>
<Loc EndOffset="3192" SrcFileId="1" StartOffset="3168"/>
</LocList>
<BasicStmnt CovItemId="S59" CovItemPrefix="TestGioco.java" Intrnl_Id="73">
<LocList>
<Loc EndOffset="2549" SrcFileId="1" StartOffset="2534"/>
</LocList>
</BasicStmnt>
<BasicStmnt CovItemId="S60" CovItemPrefix="TestGioco.java" Intrnl_Id="74">
<LocList>
<Loc EndOffset="2577" SrcFileId="1" StartOffset="2553"/>
</LocList>
</BasicStmnt>
<BasicStmnt CovItemId="S61" CovItemPrefix="TestGioco.java" Intrnl_Id="75">
<LocList>
<Loc EndOffset="2606" SrcFileId="1" StartOffset="2581"/>
</LocList>
</BasicStmnt>
<BasicStmnt CovItemId="S62" CovItemPrefix="TestGioco.java" Intrnl_Id="76">
<LocList>
<Loc EndOffset="2644" SrcFileId="1" StartOffset="2614"/>
</LocList>
</BasicStmnt>
<BasicStmnt CovItemId="S63" CovItemPrefix="TestGioco.java" Intrnl_Id="77">
<LocList>
<Loc EndOffset="2659" SrcFileId="1" StartOffset="2648"/>
</LocList>
</BasicStmnt>
<BasicStmnt CovItemId="S64" CovItemPrefix="TestGioco.java" Intrnl_Id="78">
<LocList>
<Loc EndOffset="2687" SrcFileId="1" StartOffset="2663"/>
</LocList>
</BasicStmnt>
<BasicStmnt CovItemId="S65" CovItemPrefix="TestGioco.java" Intrnl_Id="79">
<LocList>
<Loc EndOffset="2725" SrcFileId="1" StartOffset="2695"/>
</LocList>
</BasicStmnt>
<BasicStmnt CovItemId="S66" CovItemPrefix="TestGioco.java" Intrnl_Id="80">
<LocList>
<Loc EndOffset="2752" SrcFileId="1" StartOffset="2729"/>
</LocList>
</BasicStmnt>
<BasicStmnt CovItemId="S67" CovItemPrefix="TestGioco.java" Intrnl_Id="81">
<LocList>
<Loc EndOffset="2788" SrcFileId="1" StartOffset="2764"/>
</LocList>
</BasicStmnt>
<BasicStmnt CovItemId="S68" CovItemPrefix="TestGioco.java" Intrnl_Id="82">
<LocList>
<Loc EndOffset="2817" SrcFileId="1" StartOffset="2792"/>
</LocList>
</BasicStmnt>
<BasicStmnt CovItemId="S69" CovItemPrefix="TestGioco.java" Intrnl_Id="83">
<LocList>
<Loc EndOffset="2855" SrcFileId="1" StartOffset="2825"/>
</LocList>
</BasicStmnt>
<BasicStmnt CovItemId="S70" CovItemPrefix="TestGioco.java" Intrnl_Id="84">
<LocList>
<Loc EndOffset="2889" SrcFileId="1" StartOffset="2859"/>
</LocList>
</BasicStmnt>
<BasicStmnt CovItemId="S71" CovItemPrefix="TestGioco.java" Intrnl_Id="85">
<LocList>
<Loc EndOffset="2904" SrcFileId="1" StartOffset="2893"/>
</LocList>
</BasicStmnt>
<BasicStmnt CovItemId="S72" CovItemPrefix="TestGioco.java" Intrnl_Id="86">
<LocList>
<Loc EndOffset="2931" SrcFileId="1" StartOffset="2908"/>
</LocList>
</BasicStmnt>
<BasicStmnt CovItemId="S73" CovItemPrefix="TestGioco.java" Intrnl_Id="87">
<LocList>
<Loc EndOffset="2969" SrcFileId="1" StartOffset="2939"/>
</LocList>
</BasicStmnt>
<BasicStmnt CovItemId="S74" CovItemPrefix="TestGioco.java" Intrnl_Id="88">
<LocList>
<Loc EndOffset="2996" SrcFileId="1" StartOffset="2973"/>
</LocList>
</BasicStmnt>
<BasicStmnt CovItemId="S75" CovItemPrefix="TestGioco.java" Intrnl_Id="89">
<LocList>
<Loc EndOffset="3032" SrcFileId="1" StartOffset="3008"/>
</LocList>
</BasicStmnt>
<BasicStmnt CovItemId="S76" CovItemPrefix="TestGioco.java" Intrnl_Id="90">
<LocList>
<Loc EndOffset="3061" SrcFileId="1" StartOffset="3036"/>
</LocList>
</BasicStmnt>
<BasicStmnt CovItemId="S77" CovItemPrefix="TestGioco.java" Intrnl_Id="91">
<LocList>
<Loc EndOffset="3095" SrcFileId="1" StartOffset="3065"/>
</LocList>
</BasicStmnt>
<BasicStmnt CovItemId="S78" CovItemPrefix="TestGioco.java" Intrnl_Id="92">
<LocList>
<Loc EndOffset="3129" SrcFileId="1" StartOffset="3099"/>
</LocList>
</BasicStmnt>
<BasicStmnt CovItemId="S79" CovItemPrefix="TestGioco.java" Intrnl_Id="93">
<LocList>
<Loc EndOffset="3163" SrcFileId="1" StartOffset="3133"/>
</LocList>
</BasicStmnt>
<BasicStmnt CovItemId="S80" CovItemPrefix="TestGioco.java" Intrnl_Id="94">
<LocList>
<Loc EndOffset="3192" SrcFileId="1" StartOffset="3168"/>
</LocList>
</BasicStmnt>
</StmntSeq>
</HierarchyLvl>
</HierarchyLvl>
</HierarchyLvl>
</MASTRoot>
</TestSessionContainer>
