<?xml version="1.0" encoding="UTF-8"?><TestSessionContainer xmlns="http://www.codecover.org/xml/testsession-container" Date="1687181723267" TestSessionContainerId="c8c61086-d0b8-4ea5-b226-017dbd9570b7" version="1.0">
<SrcFileList>
<SrcFile Content="public class Gioco {&#13;&#10;&#9;int[] mano;&#13;&#10;&#9;int[] vincitori;&#13;&#10;&#9;private /*@spec_public@*/ int vittoria;&#13;&#10;&#9;private /*@spec_public@*/ int controllo;&#13;&#10;&#9;&#13;&#10;&#9;//@invariant mano!=null;&#13;&#10;&#9;//@invariant vincitori!=null;&#13;&#10;&#9;&#13;&#10;&#9;public Gioco(int giocatori) {&#13;&#10;&#9;&#9;//All'inizio nessuno ha vinto&#13;&#10;&#9;&#9;this.vittoria = -1;&#13;&#10;&#9;&#9;this.mano = new int[giocatori];&#13;&#10;&#9;&#9;this.vincitori = new int[giocatori];&#13;&#10;&#9;&#9;for(int i = 0; i &lt; giocatori; i++) {&#13;&#10;&#9;&#9;&#9;this.mano[i] = 0;&#13;&#10;&#9;&#9;&#9;this.vincitori[i] = 0;&#13;&#10;&#9;&#9;}&#13;&#10;&#9;}&#13;&#10;&#9;&#13;&#10;&#9;//@requires pescate != null;&#13;&#10;&#9;public int giocata(int[] pescate) {&#13;&#10;&#9;&#9;if(vittoria == -1) {&#13;&#10;&#9;&#9;&#9;for(int i = 0; i &lt; mano.length; i++) {&#13;&#10;&#9;&#9;&#9;&#9;//Se non si ha ancora perso ne vinto allora si può pescare&#13;&#10;&#9;&#9;&#9;&#9;if(vincitori[i] == 0)&#13;&#10;&#9;&#9;&#9;&#9;&#9;mano[i] = mano[i] + pescate[i];&#13;&#10;&#9;&#9;&#9;}&#13;&#10;&#9;&#9;&#9;primoControllo();&#13;&#10;&#9;&#9;&#9;secondoControllo();&#13;&#10;&#9;&#9;}&#13;&#10;&#9;&#9;return vittoria;&#13;&#10;&#9;}&#13;&#10;&#9;&#13;&#10;&#9;&#13;&#10;&#9;public void primoControllo() {&#13;&#10;&#9;&#9;this.controllo = 0;&#13;&#10;&#9;&#9;for(int i = 0; i &lt; mano.length; i++) {&#13;&#10;&#9;&#9;&#9;//Se in mano si ha più di otto si perde&#13;&#10;&#9;&#9;&#9;if(mano[i] &gt; 8)&#13;&#10;&#9;&#9;&#9;&#9;vincitori[i] = - 1;&#13;&#10;&#9;&#9;&#9;//Se in mano si ha esattamente otto, si vince&#13;&#10;&#9;&#9;&#9;if(mano[i] == 8) {&#13;&#10;&#9;&#9;&#9;&#9;vincitori[i] = 1;&#13;&#10;&#9;&#9;&#9;&#9;vittoria = i + 1;&#13;&#10;&#9;&#9;&#9;}&#13;&#10;&#9;&#9;&#9;//Se in mano si ha meno di otto, si può continuare a giocare a patto che nessuno abbia fatto esattamente otto (Controllato nel secondo metodo)&#13;&#10;&#9;&#9;&#9;if(mano[i] &lt; 8)&#13;&#10;&#9;&#9;&#9;&#9;controllo = controllo + 1; &#13;&#10;&#9;&#9;}&#13;&#10;&#9;}&#13;&#10;&#9;&#13;&#10;&#9;&#13;&#10;&#9;public void secondoControllo() {&#13;&#10;&#9;&#9;for(int i = 0; i &lt; mano.length; i++) {&#13;&#10;&#9;&#9;&#9;//Se in mano si ha meno di 8, però qualcuno ha già vinto allora si ha perso&#13;&#10;&#9;&#9;&#9;if(mano[i] &lt; 8 &amp;&amp; vittoria!=-1)&#13;&#10;&#9;&#9;&#9;&#9;vincitori[i] = -1;&#13;&#10;&#9;&#9;&#9;//Se in mano si ha mano di otto, però tutti gli altri hanno tutti superato l'otto, allora si ha vinto&#13;&#10;&#9;&#9;&#9;else if(mano[i] &lt; 8 &amp;&amp; controllo == 1) {&#13;&#10;&#9;&#9;&#9;&#9;vincitori[i] = 1;&#13;&#10;&#9;&#9;&#9;&#9;vittoria = i + 1;&#13;&#10;&#9;&#9;&#9;}&#13;&#10;&#9;&#9;}&#13;&#10;&#9;}&#13;&#10;&#9;&#13;&#10;&#9;public void print() {&#13;&#10;&#9;&#9;for(int i = 0; i &lt; mano.length; i++) {&#13;&#10;&#9;&#9;&#9;if(vincitori[i] == 1)&#13;&#10;&#9;&#9;&#9;&#9;System.out.println(&quot;Giocatore &quot; + i + &quot; ha in mano: &quot; + mano[i] + &quot;-&gt; WIN!&quot;);&#13;&#10;&#9;&#9;&#9;else if(vincitori[i] == 0)&#13;&#10;&#9;&#9;&#9;&#9;System.out.println(&quot;Giocatore &quot; + i + &quot; ha in mano: &quot; + mano[i] + &quot;-&gt; PUO GIOCARE&quot;);&#13;&#10;&#9;&#9;&#9;else&#13;&#10;&#9;&#9;&#9;&#9;System.out.println(&quot;Giocatore &quot; + i + &quot; ha in mano: &quot; + mano[i] + &quot;-&gt; LOSE!&quot;);&#13;&#10;&#9;&#9;}&#13;&#10;&#9;&#9;System.out.println(&quot;\n&quot;);&#13;&#10;&#9;}&#13;&#10;}&#13;&#10;" Filename="Gioco.java" Intrnl_Id="1"/>
</SrcFileList>
<CritList>
<CritListEntry Name="org.codecover.model.utils.criteria.ConditionCoverage" PluginName="org.codecover"/>
<CritListEntry Name="org.codecover.model.utils.criteria.BranchCoverage" PluginName="org.codecover"/>
<CritListEntry Name="org.codecover.model.utils.criteria.StatementCoverage" PluginName="org.codecover"/>
</CritList>
<BoolOpList>
<BoolOp Arity="2" Intrnl_Id="2" Name="conditional and (&amp;&amp;)">
<BoolAssgnmntBoolMapList>
<MapEntry BoolAssgnmnt="02" Value="false"/>
<MapEntry BoolAssgnmnt="10" Value="false"/>
<MapEntry BoolAssgnmnt="11" Value="true"/>
</BoolAssgnmntBoolMapList>
</BoolOp>
</BoolOpList>
<HierarchyLvlTypeList>
<HierarchyLvlType EnglishName="method" IntrnlName="method" Intrnl_Id="3"/>
<HierarchyLvlType EnglishName="class" IntrnlName="class" Intrnl_Id="4"/>
<HierarchyLvlType EnglishName="default package" IntrnlName="default package" Intrnl_Id="5"/>
</HierarchyLvlTypeList>
<MASTRoot>
<HierarchyLvl HierarchyLvlId="42" HierarchyLvlTypeId="5" Intrnl_Id="6" Name="default package">
<Header/>
<LocList/>
<HierarchyLvl HierarchyLvlId="41" HierarchyLvlTypeId="4" Intrnl_Id="7" Name="Gioco">
<Header>
<Loc EndOffset="18" SrcFileId="1" StartOffset="0"/>
</Header>
<LocList>
<Loc EndOffset="2208" SrcFileId="1" StartOffset="0"/>
</LocList>
<HierarchyLvl HierarchyLvlId="36" HierarchyLvlTypeId="3" Intrnl_Id="8" Name="Gioco">
<Header>
<Loc EndOffset="233" SrcFileId="1" StartOffset="206"/>
</Header>
<LocList>
<Loc EndOffset="464" SrcFileId="1" StartOffset="206"/>
</LocList>
<StmntSeq Intrnl_Id="9">
<LocList>
<Loc EndOffset="291" SrcFileId="1" StartOffset="272"/>
<Loc EndOffset="326" SrcFileId="1" StartOffset="295"/>
<Loc EndOffset="366" SrcFileId="1" StartOffset="330"/>
<Loc EndOffset="460" SrcFileId="1" StartOffset="370"/>
</LocList>
<BasicStmnt CovItemId="S1" CovItemPrefix="Gioco.java" Intrnl_Id="10">
<LocList>
<Loc EndOffset="291" SrcFileId="1" StartOffset="272"/>
</LocList>
</BasicStmnt>
<BasicStmnt CovItemId="S2" CovItemPrefix="Gioco.java" Intrnl_Id="11">
<LocList>
<Loc EndOffset="326" SrcFileId="1" StartOffset="295"/>
</LocList>
</BasicStmnt>
<BasicStmnt CovItemId="S3" CovItemPrefix="Gioco.java" Intrnl_Id="12">
<LocList>
<Loc EndOffset="366" SrcFileId="1" StartOffset="330"/>
</LocList>
</BasicStmnt>
<LoopStmnt CovItemId="S4" CovItemPrefix="Gioco.java" Intrnl_Id="13" MltplExecId="L1-2" MltplExecPrefix="Gioco.java" NvrExecId="L1-0" NvrExecPrefix="Gioco.java" OnceExecutedId="L1-1" OnceExecutedPrefix="Gioco.java" OptBodyExec="true">
<StmntSeq Intrnl_Id="14">
<LocList>
<Loc EndOffset="428" SrcFileId="1" StartOffset="411"/>
<Loc EndOffset="455" SrcFileId="1" StartOffset="433"/>
</LocList>
<BasicStmnt CovItemId="S5" CovItemPrefix="Gioco.java" Intrnl_Id="15">
<LocList>
<Loc EndOffset="428" SrcFileId="1" StartOffset="411"/>
</LocList>
</BasicStmnt>
<BasicStmnt CovItemId="S6" CovItemPrefix="Gioco.java" Intrnl_Id="16">
<LocList>
<Loc EndOffset="455" SrcFileId="1" StartOffset="433"/>
</LocList>
</BasicStmnt>
</StmntSeq>
<Keyword EndOffset="373" SrcFileId="1" StartOffset="370"/>
<LocList>
<Loc EndOffset="460" SrcFileId="1" StartOffset="370"/>
</LocList>
<RootTerm CovItemId="C1" CovItemPrefix="Gioco.java" Intrnl_Id="17">
<BasicBoolTerm Intrnl_Id="18">
<LocList>
<Loc EndOffset="398" SrcFileId="1" StartOffset="385"/>
</LocList>
</BasicBoolTerm>
</RootTerm>
</LoopStmnt>
</StmntSeq>
</HierarchyLvl>
<HierarchyLvl HierarchyLvlId="37" HierarchyLvlTypeId="3" Intrnl_Id="19" Name="giocata">
<Header>
<Loc EndOffset="534" SrcFileId="1" StartOffset="501"/>
</Header>
<LocList>
<Loc EndOffset="813" SrcFileId="1" StartOffset="501"/>
</LocList>
<StmntSeq Intrnl_Id="20">
<LocList>
<Loc EndOffset="789" SrcFileId="1" StartOffset="540"/>
<Loc EndOffset="809" SrcFileId="1" StartOffset="793"/>
</LocList>
<CondStmnt CovItemId="S7" CovItemPrefix="Gioco.java" Intrnl_Id="21">
<Branch CovItemId="B1" CovItemPrefix="Gioco.java" Implct="false" Intrnl_Id="22">
<Cond/>
<LocList>
<Loc EndOffset="789" SrcFileId="1" StartOffset="559"/>
</LocList>
<StmntSeq Intrnl_Id="23">
<LocList>
<Loc EndOffset="738" SrcFileId="1" StartOffset="565"/>
<Loc EndOffset="760" SrcFileId="1" StartOffset="743"/>
<Loc EndOffset="784" SrcFileId="1" StartOffset="765"/>
</LocList>
<LoopStmnt CovItemId="S8" CovItemPrefix="Gioco.java" Intrnl_Id="24" MltplExecId="L2-2" MltplExecPrefix="Gioco.java" NvrExecId="L2-0" NvrExecPrefix="Gioco.java" OnceExecutedId="L2-1" OnceExecutedPrefix="Gioco.java" OptBodyExec="true">
<StmntSeq Intrnl_Id="25">
<LocList>
<Loc EndOffset="732" SrcFileId="1" StartOffset="673"/>
</LocList>
<CondStmnt CovItemId="S9" CovItemPrefix="Gioco.java" Intrnl_Id="26">
<Branch CovItemId="B3" CovItemPrefix="Gioco.java" Implct="false" Intrnl_Id="27">
<Cond/>
<LocList>
<Loc EndOffset="732" SrcFileId="1" StartOffset="701"/>
</LocList>
<StmntSeq Intrnl_Id="28">
<LocList>
<Loc EndOffset="732" SrcFileId="1" StartOffset="701"/>
</LocList>
<BasicStmnt CovItemId="S10" CovItemPrefix="Gioco.java" Intrnl_Id="29">
<LocList>
<Loc EndOffset="732" SrcFileId="1" StartOffset="701"/>
</LocList>
</BasicStmnt>
</StmntSeq>
</Branch>
<Branch CovItemId="B4" CovItemPrefix="Gioco.java" Implct="true" Intrnl_Id="30">
<Cond/>
<LocList/>
<StmntSeq Intrnl_Id="31">
<LocList/>
</StmntSeq>
</Branch>
<Keyword EndOffset="675" SrcFileId="1" StartOffset="673"/>
<LocList>
<Loc EndOffset="732" SrcFileId="1" StartOffset="673"/>
</LocList>
<RootTerm CovItemId="C4" CovItemPrefix="Gioco.java" Intrnl_Id="32">
<BasicBoolTerm Intrnl_Id="33">
<LocList>
<Loc EndOffset="693" SrcFileId="1" StartOffset="676"/>
</LocList>
</BasicBoolTerm>
</RootTerm>
</CondStmnt>
</StmntSeq>
<Keyword EndOffset="568" SrcFileId="1" StartOffset="565"/>
<LocList>
<Loc EndOffset="738" SrcFileId="1" StartOffset="565"/>
</LocList>
<RootTerm CovItemId="C3" CovItemPrefix="Gioco.java" Intrnl_Id="34">
<BasicBoolTerm Intrnl_Id="35">
<LocList>
<Loc EndOffset="595" SrcFileId="1" StartOffset="580"/>
</LocList>
</BasicBoolTerm>
</RootTerm>
</LoopStmnt>
<BasicStmnt CovItemId="S11" CovItemPrefix="Gioco.java" Intrnl_Id="36">
<LocList>
<Loc EndOffset="760" SrcFileId="1" StartOffset="743"/>
</LocList>
</BasicStmnt>
<BasicStmnt CovItemId="S12" CovItemPrefix="Gioco.java" Intrnl_Id="37">
<LocList>
<Loc EndOffset="784" SrcFileId="1" StartOffset="765"/>
</LocList>
</BasicStmnt>
</StmntSeq>
</Branch>
<Branch CovItemId="B2" CovItemPrefix="Gioco.java" Implct="true" Intrnl_Id="38">
<Cond/>
<LocList/>
<StmntSeq Intrnl_Id="39">
<LocList/>
</StmntSeq>
</Branch>
<Keyword EndOffset="542" SrcFileId="1" StartOffset="540"/>
<LocList>
<Loc EndOffset="789" SrcFileId="1" StartOffset="540"/>
</LocList>
<RootTerm CovItemId="C2" CovItemPrefix="Gioco.java" Intrnl_Id="40">
<BasicBoolTerm Intrnl_Id="41">
<LocList>
<Loc EndOffset="557" SrcFileId="1" StartOffset="543"/>
</LocList>
</BasicBoolTerm>
</RootTerm>
</CondStmnt>
<BasicStmnt CovItemId="S13" CovItemPrefix="Gioco.java" Intrnl_Id="42">
<LocList>
<Loc EndOffset="809" SrcFileId="1" StartOffset="793"/>
</LocList>
</BasicStmnt>
</StmntSeq>
</HierarchyLvl>
<HierarchyLvl HierarchyLvlId="38" HierarchyLvlTypeId="3" Intrnl_Id="43" Name="primoControllo">
<Header>
<Loc EndOffset="850" SrcFileId="1" StartOffset="822"/>
</Header>
<LocList>
<Loc EndOffset="1340" SrcFileId="1" StartOffset="822"/>
</LocList>
<StmntSeq Intrnl_Id="44">
<LocList>
<Loc EndOffset="875" SrcFileId="1" StartOffset="856"/>
<Loc EndOffset="1336" SrcFileId="1" StartOffset="879"/>
</LocList>
<BasicStmnt CovItemId="S14" CovItemPrefix="Gioco.java" Intrnl_Id="45">
<LocList>
<Loc EndOffset="875" SrcFileId="1" StartOffset="856"/>
</LocList>
</BasicStmnt>
<LoopStmnt CovItemId="S15" CovItemPrefix="Gioco.java" Intrnl_Id="46" MltplExecId="L3-2" MltplExecPrefix="Gioco.java" NvrExecId="L3-0" NvrExecPrefix="Gioco.java" OnceExecutedId="L3-1" OnceExecutedPrefix="Gioco.java" OptBodyExec="true">
<StmntSeq Intrnl_Id="47">
<LocList>
<Loc EndOffset="1006" SrcFileId="1" StartOffset="966"/>
<Loc EndOffset="1131" SrcFileId="1" StartOffset="1061"/>
<Loc EndOffset="1330" SrcFileId="1" StartOffset="1283"/>
</LocList>
<CondStmnt CovItemId="S16" CovItemPrefix="Gioco.java" Intrnl_Id="48">
<Branch CovItemId="B5" CovItemPrefix="Gioco.java" Implct="false" Intrnl_Id="49">
<Cond/>
<LocList>
<Loc EndOffset="1006" SrcFileId="1" StartOffset="987"/>
</LocList>
<StmntSeq Intrnl_Id="50">
<LocList>
<Loc EndOffset="1006" SrcFileId="1" StartOffset="987"/>
</LocList>
<BasicStmnt CovItemId="S17" CovItemPrefix="Gioco.java" Intrnl_Id="51">
<LocList>
<Loc EndOffset="1006" SrcFileId="1" StartOffset="987"/>
</LocList>
</BasicStmnt>
</StmntSeq>
</Branch>
<Branch CovItemId="B6" CovItemPrefix="Gioco.java" Implct="true" Intrnl_Id="52">
<Cond/>
<LocList/>
<StmntSeq Intrnl_Id="53">
<LocList/>
</StmntSeq>
</Branch>
<Keyword EndOffset="968" SrcFileId="1" StartOffset="966"/>
<LocList>
<Loc EndOffset="1006" SrcFileId="1" StartOffset="966"/>
</LocList>
<RootTerm CovItemId="C6" CovItemPrefix="Gioco.java" Intrnl_Id="54">
<BasicBoolTerm Intrnl_Id="55">
<LocList>
<Loc EndOffset="980" SrcFileId="1" StartOffset="969"/>
</LocList>
</BasicBoolTerm>
</RootTerm>
</CondStmnt>
<CondStmnt CovItemId="S18" CovItemPrefix="Gioco.java" Intrnl_Id="56">
<Branch CovItemId="B7" CovItemPrefix="Gioco.java" Implct="false" Intrnl_Id="57">
<Cond/>
<LocList>
<Loc EndOffset="1131" SrcFileId="1" StartOffset="1078"/>
</LocList>
<StmntSeq Intrnl_Id="58">
<LocList>
<Loc EndOffset="1102" SrcFileId="1" StartOffset="1085"/>
<Loc EndOffset="1125" SrcFileId="1" StartOffset="1108"/>
</LocList>
<BasicStmnt CovItemId="S19" CovItemPrefix="Gioco.java" Intrnl_Id="59">
<LocList>
<Loc EndOffset="1102" SrcFileId="1" StartOffset="1085"/>
</LocList>
</BasicStmnt>
<BasicStmnt CovItemId="S20" CovItemPrefix="Gioco.java" Intrnl_Id="60">
<LocList>
<Loc EndOffset="1125" SrcFileId="1" StartOffset="1108"/>
</LocList>
</BasicStmnt>
</StmntSeq>
</Branch>
<Branch CovItemId="B8" CovItemPrefix="Gioco.java" Implct="true" Intrnl_Id="61">
<Cond/>
<LocList/>
<StmntSeq Intrnl_Id="62">
<LocList/>
</StmntSeq>
</Branch>
<Keyword EndOffset="1063" SrcFileId="1" StartOffset="1061"/>
<LocList>
<Loc EndOffset="1131" SrcFileId="1" StartOffset="1061"/>
</LocList>
<RootTerm CovItemId="C7" CovItemPrefix="Gioco.java" Intrnl_Id="63">
<BasicBoolTerm Intrnl_Id="64">
<LocList>
<Loc EndOffset="1076" SrcFileId="1" StartOffset="1064"/>
</LocList>
</BasicBoolTerm>
</RootTerm>
</CondStmnt>
<CondStmnt CovItemId="S21" CovItemPrefix="Gioco.java" Intrnl_Id="65">
<Branch CovItemId="B9" CovItemPrefix="Gioco.java" Implct="false" Intrnl_Id="66">
<Cond/>
<LocList>
<Loc EndOffset="1330" SrcFileId="1" StartOffset="1304"/>
</LocList>
<StmntSeq Intrnl_Id="67">
<LocList>
<Loc EndOffset="1330" SrcFileId="1" StartOffset="1304"/>
</LocList>
<BasicStmnt CovItemId="S22" CovItemPrefix="Gioco.java" Intrnl_Id="68">
<LocList>
<Loc EndOffset="1330" SrcFileId="1" StartOffset="1304"/>
</LocList>
</BasicStmnt>
</StmntSeq>
</Branch>
<Branch CovItemId="B10" CovItemPrefix="Gioco.java" Implct="true" Intrnl_Id="69">
<Cond/>
<LocList/>
<StmntSeq Intrnl_Id="70">
<LocList/>
</StmntSeq>
</Branch>
<Keyword EndOffset="1285" SrcFileId="1" StartOffset="1283"/>
<LocList>
<Loc EndOffset="1330" SrcFileId="1" StartOffset="1283"/>
</LocList>
<RootTerm CovItemId="C8" CovItemPrefix="Gioco.java" Intrnl_Id="71">
<BasicBoolTerm Intrnl_Id="72">
<LocList>
<Loc EndOffset="1297" SrcFileId="1" StartOffset="1286"/>
</LocList>
</BasicBoolTerm>
</RootTerm>
</CondStmnt>
</StmntSeq>
<Keyword EndOffset="882" SrcFileId="1" StartOffset="879"/>
<LocList>
<Loc EndOffset="1336" SrcFileId="1" StartOffset="879"/>
</LocList>
<RootTerm CovItemId="C5" CovItemPrefix="Gioco.java" Intrnl_Id="73">
<BasicBoolTerm Intrnl_Id="74">
<LocList>
<Loc EndOffset="909" SrcFileId="1" StartOffset="894"/>
</LocList>
</BasicBoolTerm>
</RootTerm>
</LoopStmnt>
</StmntSeq>
</HierarchyLvl>
<HierarchyLvl HierarchyLvlId="39" HierarchyLvlTypeId="3" Intrnl_Id="75" Name="secondoControllo">
<Header>
<Loc EndOffset="1379" SrcFileId="1" StartOffset="1349"/>
</Header>
<LocList>
<Loc EndOffset="1775" SrcFileId="1" StartOffset="1349"/>
</LocList>
<StmntSeq Intrnl_Id="76">
<LocList>
<Loc EndOffset="1771" SrcFileId="1" StartOffset="1385"/>
</LocList>
<LoopStmnt CovItemId="S23" CovItemPrefix="Gioco.java" Intrnl_Id="77" MltplExecId="L4-2" MltplExecPrefix="Gioco.java" NvrExecId="L4-0" NvrExecPrefix="Gioco.java" OnceExecutedId="L4-1" OnceExecutedPrefix="Gioco.java" OptBodyExec="true">
<StmntSeq Intrnl_Id="78">
<LocList>
<Loc EndOffset="1766" SrcFileId="1" StartOffset="1508"/>
</LocList>
<CondStmnt CovItemId="S24" CovItemPrefix="Gioco.java" Intrnl_Id="79">
<Branch CovItemId="B11" CovItemPrefix="Gioco.java" Implct="false" Intrnl_Id="80">
<Cond/>
<LocList>
<Loc EndOffset="1563" SrcFileId="1" StartOffset="1545"/>
</LocList>
<StmntSeq Intrnl_Id="81">
<LocList>
<Loc EndOffset="1563" SrcFileId="1" StartOffset="1545"/>
</LocList>
<BasicStmnt CovItemId="S25" CovItemPrefix="Gioco.java" Intrnl_Id="82">
<LocList>
<Loc EndOffset="1563" SrcFileId="1" StartOffset="1545"/>
</LocList>
</BasicStmnt>
</StmntSeq>
</Branch>
<Branch CovItemId="B12" CovItemPrefix="Gioco.java" Implct="false" Intrnl_Id="83">
<Cond>
<Loc EndOffset="1678" SrcFileId="1" StartOffset="1674"/>
</Cond>
<LocList>
<Loc EndOffset="1766" SrcFileId="1" StartOffset="1679"/>
</LocList>
<StmntSeq Intrnl_Id="84">
<LocList>
<Loc EndOffset="1766" SrcFileId="1" StartOffset="1679"/>
</LocList>
<CondStmnt CovItemId="S26" CovItemPrefix="Gioco.java" Intrnl_Id="85">
<Branch CovItemId="B13" CovItemPrefix="Gioco.java" Implct="false" Intrnl_Id="86">
<Cond/>
<LocList>
<Loc EndOffset="1766" SrcFileId="1" StartOffset="1713"/>
</LocList>
<StmntSeq Intrnl_Id="87">
<LocList>
<Loc EndOffset="1737" SrcFileId="1" StartOffset="1720"/>
<Loc EndOffset="1760" SrcFileId="1" StartOffset="1743"/>
</LocList>
<BasicStmnt CovItemId="S27" CovItemPrefix="Gioco.java" Intrnl_Id="88">
<LocList>
<Loc EndOffset="1737" SrcFileId="1" StartOffset="1720"/>
</LocList>
</BasicStmnt>
<BasicStmnt CovItemId="S28" CovItemPrefix="Gioco.java" Intrnl_Id="89">
<LocList>
<Loc EndOffset="1760" SrcFileId="1" StartOffset="1743"/>
</LocList>
</BasicStmnt>
</StmntSeq>
</Branch>
<Branch CovItemId="B14" CovItemPrefix="Gioco.java" Implct="true" Intrnl_Id="90">
<Cond/>
<LocList/>
<StmntSeq Intrnl_Id="91">
<LocList/>
</StmntSeq>
</Branch>
<Keyword EndOffset="1681" SrcFileId="1" StartOffset="1679"/>
<LocList>
<Loc EndOffset="1766" SrcFileId="1" StartOffset="1679"/>
</LocList>
<RootTerm CovItemId="C11" CovItemPrefix="Gioco.java" Intrnl_Id="92">
<OpTerm BooleanOpId="2" Intrnl_Id="93">
<BasicBoolTerm Intrnl_Id="94">
<LocList>
<Loc EndOffset="1693" SrcFileId="1" StartOffset="1682"/>
</LocList>
</BasicBoolTerm>
<BasicBoolTerm Intrnl_Id="95">
<LocList>
<Loc EndOffset="1711" SrcFileId="1" StartOffset="1697"/>
</LocList>
</BasicBoolTerm>
<LocList>
<Loc EndOffset="1696" SrcFileId="1" StartOffset="1694"/>
</LocList>
</OpTerm>
</RootTerm>
</CondStmnt>
</StmntSeq>
</Branch>
<Keyword EndOffset="1510" SrcFileId="1" StartOffset="1508"/>
<LocList>
<Loc EndOffset="1766" SrcFileId="1" StartOffset="1508"/>
</LocList>
<RootTerm CovItemId="C10" CovItemPrefix="Gioco.java" Intrnl_Id="96">
<OpTerm BooleanOpId="2" Intrnl_Id="97">
<BasicBoolTerm Intrnl_Id="98">
<LocList>
<Loc EndOffset="1522" SrcFileId="1" StartOffset="1511"/>
</LocList>
</BasicBoolTerm>
<BasicBoolTerm Intrnl_Id="99">
<LocList>
<Loc EndOffset="1538" SrcFileId="1" StartOffset="1526"/>
</LocList>
</BasicBoolTerm>
<LocList>
<Loc EndOffset="1525" SrcFileId="1" StartOffset="1523"/>
</LocList>
</OpTerm>
</RootTerm>
</CondStmnt>
</StmntSeq>
<Keyword EndOffset="1388" SrcFileId="1" StartOffset="1385"/>
<LocList>
<Loc EndOffset="1771" SrcFileId="1" StartOffset="1385"/>
</LocList>
<RootTerm CovItemId="C9" CovItemPrefix="Gioco.java" Intrnl_Id="100">
<BasicBoolTerm Intrnl_Id="101">
<LocList>
<Loc EndOffset="1415" SrcFileId="1" StartOffset="1400"/>
</LocList>
</BasicBoolTerm>
</RootTerm>
</LoopStmnt>
</StmntSeq>
</HierarchyLvl>
<HierarchyLvl HierarchyLvlId="40" HierarchyLvlTypeId="3" Intrnl_Id="102" Name="print">
<Header>
<Loc EndOffset="1800" SrcFileId="1" StartOffset="1781"/>
</Header>
<LocList>
<Loc EndOffset="2205" SrcFileId="1" StartOffset="1781"/>
</LocList>
<StmntSeq Intrnl_Id="103">
<LocList>
<Loc EndOffset="2172" SrcFileId="1" StartOffset="1806"/>
<Loc EndOffset="2201" SrcFileId="1" StartOffset="2176"/>
</LocList>
<LoopStmnt CovItemId="S29" CovItemPrefix="Gioco.java" Intrnl_Id="104" MltplExecId="L5-2" MltplExecPrefix="Gioco.java" NvrExecId="L5-0" NvrExecPrefix="Gioco.java" OnceExecutedId="L5-1" OnceExecutedPrefix="Gioco.java" OptBodyExec="true">
<StmntSeq Intrnl_Id="105">
<LocList>
<Loc EndOffset="2167" SrcFileId="1" StartOffset="1849"/>
</LocList>
<CondStmnt CovItemId="S30" CovItemPrefix="Gioco.java" Intrnl_Id="106">
<Branch CovItemId="B15" CovItemPrefix="Gioco.java" Implct="false" Intrnl_Id="107">
<Cond/>
<LocList>
<Loc EndOffset="1953" SrcFileId="1" StartOffset="1876"/>
</LocList>
<StmntSeq Intrnl_Id="108">
<LocList>
<Loc EndOffset="1953" SrcFileId="1" StartOffset="1876"/>
</LocList>
<BasicStmnt CovItemId="S31" CovItemPrefix="Gioco.java" Intrnl_Id="109">
<LocList>
<Loc EndOffset="1953" SrcFileId="1" StartOffset="1876"/>
</LocList>
</BasicStmnt>
</StmntSeq>
</Branch>
<Branch CovItemId="B16" CovItemPrefix="Gioco.java" Implct="false" Intrnl_Id="110">
<Cond>
<Loc EndOffset="1962" SrcFileId="1" StartOffset="1958"/>
</Cond>
<LocList>
<Loc EndOffset="2167" SrcFileId="1" StartOffset="1963"/>
</LocList>
<StmntSeq Intrnl_Id="111">
<LocList>
<Loc EndOffset="2167" SrcFileId="1" StartOffset="1963"/>
</LocList>
<CondStmnt CovItemId="S32" CovItemPrefix="Gioco.java" Intrnl_Id="112">
<Branch CovItemId="B17" CovItemPrefix="Gioco.java" Implct="false" Intrnl_Id="113">
<Cond/>
<LocList>
<Loc EndOffset="2074" SrcFileId="1" StartOffset="1990"/>
</LocList>
<StmntSeq Intrnl_Id="114">
<LocList>
<Loc EndOffset="2074" SrcFileId="1" StartOffset="1990"/>
</LocList>
<BasicStmnt CovItemId="S33" CovItemPrefix="Gioco.java" Intrnl_Id="115">
<LocList>
<Loc EndOffset="2074" SrcFileId="1" StartOffset="1990"/>
</LocList>
</BasicStmnt>
</StmntSeq>
</Branch>
<Branch CovItemId="B18" CovItemPrefix="Gioco.java" Implct="false" Intrnl_Id="116">
<Cond>
<Loc EndOffset="2083" SrcFileId="1" StartOffset="2079"/>
</Cond>
<LocList>
<Loc EndOffset="2167" SrcFileId="1" StartOffset="2089"/>
</LocList>
<StmntSeq Intrnl_Id="117">
<LocList>
<Loc EndOffset="2167" SrcFileId="1" StartOffset="2089"/>
</LocList>
<BasicStmnt CovItemId="S34" CovItemPrefix="Gioco.java" Intrnl_Id="118">
<LocList>
<Loc EndOffset="2167" SrcFileId="1" StartOffset="2089"/>
</LocList>
</BasicStmnt>
</StmntSeq>
</Branch>
<Keyword EndOffset="1965" SrcFileId="1" StartOffset="1963"/>
<LocList>
<Loc EndOffset="2167" SrcFileId="1" StartOffset="1963"/>
</LocList>
<RootTerm CovItemId="C14" CovItemPrefix="Gioco.java" Intrnl_Id="119">
<BasicBoolTerm Intrnl_Id="120">
<LocList>
<Loc EndOffset="1983" SrcFileId="1" StartOffset="1966"/>
</LocList>
</BasicBoolTerm>
</RootTerm>
</CondStmnt>
</StmntSeq>
</Branch>
<Keyword EndOffset="1851" SrcFileId="1" StartOffset="1849"/>
<LocList>
<Loc EndOffset="2167" SrcFileId="1" StartOffset="1849"/>
</LocList>
<RootTerm CovItemId="C13" CovItemPrefix="Gioco.java" Intrnl_Id="121">
<BasicBoolTerm Intrnl_Id="122">
<LocList>
<Loc EndOffset="1869" SrcFileId="1" StartOffset="1852"/>
</LocList>
</BasicBoolTerm>
</RootTerm>
</CondStmnt>
</StmntSeq>
<Keyword EndOffset="1809" SrcFileId="1" StartOffset="1806"/>
<LocList>
<Loc EndOffset="2172" SrcFileId="1" StartOffset="1806"/>
</LocList>
<RootTerm CovItemId="C12" CovItemPrefix="Gioco.java" Intrnl_Id="123">
<BasicBoolTerm Intrnl_Id="124">
<LocList>
<Loc EndOffset="1836" SrcFileId="1" StartOffset="1821"/>
</LocList>
</BasicBoolTerm>
</RootTerm>
</LoopStmnt>
<BasicStmnt CovItemId="S35" CovItemPrefix="Gioco.java" Intrnl_Id="125">
<LocList>
<Loc EndOffset="2201" SrcFileId="1" StartOffset="2176"/>
</LocList>
</BasicStmnt>
</StmntSeq>
</HierarchyLvl>
</HierarchyLvl>
</HierarchyLvl>
</MASTRoot>
</TestSessionContainer>
