<?xml version="1.0" encoding="UTF-8"?><TestSessionContainer xmlns="http://www.codecover.org/xml/testsession-container" Date="1687182167433" TestSessionContainerId="79cd79f8-c85b-4243-8904-ffd334625f3f" version="1.0">
<SrcFileList>
<SrcFile Content="public class Gioco {&#13;&#10;&#9;/*@spec_public@*/ int[] mano;&#13;&#10;&#9;private /*@spec_public@*/ int[] vincitori;&#13;&#10;&#9;private /*@spec_public@*/ int vittoria;&#13;&#10;&#9;private /*@spec_public@*/ int controllo;&#13;&#10;&#9;&#13;&#10;&#9;//@pub_invariant  mano!=null;&#13;&#10;&#9;//@invariant vincitori!=null;&#13;&#10;&#9;&#13;&#10;&#9;//Inserisco anche qua le stesse condizioni dell'invariante in quanto l'invariante funziona dopo il ocstruttore&#13;&#10;&#9;//@ensures mano!= null;&#13;&#10;&#9;//@ensures vincitori!=null;&#13;&#10;&#9;public Gioco(int giocatori) {&#13;&#10;&#9;&#9;//All'inizio nessuno ha vinto&#13;&#10;&#9;&#9;this.vittoria = -1;&#13;&#10;&#9;&#9;this.mano = new int[giocatori];&#13;&#10;&#9;&#9;this.vincitori = new int[giocatori];&#13;&#10;&#9;&#9;for(int i = 0; i &lt; giocatori; i++) {&#13;&#10;&#9;&#9;&#9;this.mano[i] = 0;&#13;&#10;&#9;&#9;&#9;this.vincitori[i] = 0;&#13;&#10;&#9;&#9;}&#13;&#10;&#9;}&#13;&#10;&#9;&#13;&#10;&#9;//@requires pescate != null;&#13;&#10;&#9;public int giocata(int[] pescate) {&#13;&#10;&#9;&#9;if(vittoria == -1) {&#13;&#10;&#9;&#9;&#9;for(int i = 0; i &lt; mano.length; i++) {&#13;&#10;&#9;&#9;&#9;&#9;//Se non si ha ancora perso ne vinto allora si può pescare&#13;&#10;&#9;&#9;&#9;&#9;if(vincitori[i] == 0)&#13;&#10;&#9;&#9;&#9;&#9;&#9;mano[i] = mano[i] + pescate[i];&#13;&#10;&#9;&#9;&#9;}&#13;&#10;&#9;&#9;&#9;primoControllo();&#13;&#10;&#9;&#9;&#9;secondoControllo();&#13;&#10;&#9;&#9;}&#13;&#10;&#9;&#9;return vittoria;&#13;&#10;&#9;}&#13;&#10;&#9;&#13;&#10;&#9;&#13;&#10;&#9;public void primoControllo() {&#13;&#10;&#9;&#9;this.controllo = 0;&#13;&#10;&#9;&#9;for(int i = 0; i &lt; mano.length; i++) {&#13;&#10;&#9;&#9;&#9;//Se in mano si ha più di otto si perde&#13;&#10;&#9;&#9;&#9;if(mano[i] &gt; 8)&#13;&#10;&#9;&#9;&#9;&#9;vincitori[i] = - 1;&#13;&#10;&#9;&#9;&#9;//Se in mano si ha esattamente otto, si vince&#13;&#10;&#9;&#9;&#9;if(mano[i] == 8) {&#13;&#10;&#9;&#9;&#9;&#9;vincitori[i] = 1;&#13;&#10;&#9;&#9;&#9;&#9;vittoria = i + 1;&#13;&#10;&#9;&#9;&#9;}&#13;&#10;&#9;&#9;&#9;//Se in mano si ha meno di otto, si può continuare a giocare a patto che nessuno abbia fatto esattamente otto (Controllato nel secondo metodo)&#13;&#10;&#9;&#9;&#9;if(mano[i] &lt; 8)&#13;&#10;&#9;&#9;&#9;&#9;controllo = controllo + 1; &#13;&#10;&#9;&#9;}&#13;&#10;&#9;}&#13;&#10;&#9;&#13;&#10;&#9;&#13;&#10;&#9;public void secondoControllo() {&#13;&#10;&#9;&#9;for(int i = 0; i &lt; mano.length; i++) {&#13;&#10;&#9;&#9;&#9;//Se in mano si ha meno di 8, però qualcuno ha già vinto allora si ha perso&#13;&#10;&#9;&#9;&#9;if(mano[i] &lt; 8 &amp;&amp; vittoria!=-1)&#13;&#10;&#9;&#9;&#9;&#9;vincitori[i] = -1;&#13;&#10;&#9;&#9;&#9;//Se in mano si ha mano di otto, però tutti gli altri hanno tutti superato l'otto, allora si ha vinto&#13;&#10;&#9;&#9;&#9;else if(mano[i] &lt; 8 &amp;&amp; controllo == 1) {&#13;&#10;&#9;&#9;&#9;&#9;vincitori[i] = 1;&#13;&#10;&#9;&#9;&#9;&#9;vittoria = i + 1;&#13;&#10;&#9;&#9;&#9;}&#13;&#10;&#9;&#9;}&#13;&#10;&#9;}&#13;&#10;&#9;&#13;&#10;&#9;public void print() {&#13;&#10;&#9;&#9;for(int i = 0; i &lt; mano.length; i++) {&#13;&#10;&#9;&#9;&#9;if(vincitori[i] == 1)&#13;&#10;&#9;&#9;&#9;&#9;System.out.println(&quot;Giocatore &quot; + i + &quot; ha in mano: &quot; + mano[i] + &quot;-&gt; WIN!&quot;);&#13;&#10;&#9;&#9;&#9;else if(vincitori[i] == 0)&#13;&#10;&#9;&#9;&#9;&#9;System.out.println(&quot;Giocatore &quot; + i + &quot; ha in mano: &quot; + mano[i] + &quot;-&gt; PUO GIOCARE&quot;);&#13;&#10;&#9;&#9;&#9;else&#13;&#10;&#9;&#9;&#9;&#9;System.out.println(&quot;Giocatore &quot; + i + &quot; ha in mano: &quot; + mano[i] + &quot;-&gt; LOSE!&quot;);&#13;&#10;&#9;&#9;}&#13;&#10;&#9;&#9;System.out.println(&quot;\n&quot;);&#13;&#10;&#9;}&#13;&#10;}&#13;&#10;" Filename="Gioco.java" Intrnl_Id="1"/>
</SrcFileList>
<CritList>
<CritListEntry Name="org.codecover.model.utils.criteria.ConditionCoverage" PluginName="org.codecover"/>
<CritListEntry Name="org.codecover.model.utils.criteria.BranchCoverage" PluginName="org.codecover"/>
<CritListEntry Name="org.codecover.model.utils.criteria.StatementCoverage" PluginName="org.codecover"/>
</CritList>
<BoolOpList>
<BoolOp Arity="2" Intrnl_Id="2" Name="conditional and (&amp;&amp;)">
<BoolAssgnmntBoolMapList>
<MapEntry BoolAssgnmnt="02" Value="false"/>
<MapEntry BoolAssgnmnt="10" Value="false"/>
<MapEntry BoolAssgnmnt="11" Value="true"/>
</BoolAssgnmntBoolMapList>
</BoolOp>
</BoolOpList>
<HierarchyLvlTypeList>
<HierarchyLvlType EnglishName="method" IntrnlName="method" Intrnl_Id="3"/>
<HierarchyLvlType EnglishName="class" IntrnlName="class" Intrnl_Id="4"/>
<HierarchyLvlType EnglishName="default package" IntrnlName="default package" Intrnl_Id="5"/>
</HierarchyLvlTypeList>
<MASTRoot>
<HierarchyLvl HierarchyLvlId="91" HierarchyLvlTypeId="5" Intrnl_Id="6" Name="default package">
<Header/>
<LocList/>
<HierarchyLvl HierarchyLvlId="90" HierarchyLvlTypeId="4" Intrnl_Id="7" Name="Gioco">
<Header>
<Loc EndOffset="18" SrcFileId="1" StartOffset="0"/>
</Header>
<LocList>
<Loc EndOffset="2426" SrcFileId="1" StartOffset="0"/>
</LocList>
<HierarchyLvl HierarchyLvlId="85" HierarchyLvlTypeId="3" Intrnl_Id="8" Name="Gioco">
<Header>
<Loc EndOffset="451" SrcFileId="1" StartOffset="424"/>
</Header>
<LocList>
<Loc EndOffset="682" SrcFileId="1" StartOffset="424"/>
</LocList>
<StmntSeq Intrnl_Id="9">
<LocList>
<Loc EndOffset="509" SrcFileId="1" StartOffset="490"/>
<Loc EndOffset="544" SrcFileId="1" StartOffset="513"/>
<Loc EndOffset="584" SrcFileId="1" StartOffset="548"/>
<Loc EndOffset="678" SrcFileId="1" StartOffset="588"/>
</LocList>
<BasicStmnt CovItemId="S1" CovItemPrefix="Gioco.java" Intrnl_Id="10">
<LocList>
<Loc EndOffset="509" SrcFileId="1" StartOffset="490"/>
</LocList>
</BasicStmnt>
<BasicStmnt CovItemId="S2" CovItemPrefix="Gioco.java" Intrnl_Id="11">
<LocList>
<Loc EndOffset="544" SrcFileId="1" StartOffset="513"/>
</LocList>
</BasicStmnt>
<BasicStmnt CovItemId="S3" CovItemPrefix="Gioco.java" Intrnl_Id="12">
<LocList>
<Loc EndOffset="584" SrcFileId="1" StartOffset="548"/>
</LocList>
</BasicStmnt>
<LoopStmnt CovItemId="S4" CovItemPrefix="Gioco.java" Intrnl_Id="13" MltplExecId="L1-2" MltplExecPrefix="Gioco.java" NvrExecId="L1-0" NvrExecPrefix="Gioco.java" OnceExecutedId="L1-1" OnceExecutedPrefix="Gioco.java" OptBodyExec="true">
<StmntSeq Intrnl_Id="14">
<LocList>
<Loc EndOffset="646" SrcFileId="1" StartOffset="629"/>
<Loc EndOffset="673" SrcFileId="1" StartOffset="651"/>
</LocList>
<BasicStmnt CovItemId="S5" CovItemPrefix="Gioco.java" Intrnl_Id="15">
<LocList>
<Loc EndOffset="646" SrcFileId="1" StartOffset="629"/>
</LocList>
</BasicStmnt>
<BasicStmnt CovItemId="S6" CovItemPrefix="Gioco.java" Intrnl_Id="16">
<LocList>
<Loc EndOffset="673" SrcFileId="1" StartOffset="651"/>
</LocList>
</BasicStmnt>
</StmntSeq>
<Keyword EndOffset="591" SrcFileId="1" StartOffset="588"/>
<LocList>
<Loc EndOffset="678" SrcFileId="1" StartOffset="588"/>
</LocList>
<RootTerm CovItemId="C1" CovItemPrefix="Gioco.java" Intrnl_Id="17">
<BasicBoolTerm Intrnl_Id="18">
<LocList>
<Loc EndOffset="616" SrcFileId="1" StartOffset="603"/>
</LocList>
</BasicBoolTerm>
</RootTerm>
</LoopStmnt>
</StmntSeq>
</HierarchyLvl>
<HierarchyLvl HierarchyLvlId="86" HierarchyLvlTypeId="3" Intrnl_Id="19" Name="giocata">
<Header>
<Loc EndOffset="752" SrcFileId="1" StartOffset="719"/>
</Header>
<LocList>
<Loc EndOffset="1031" SrcFileId="1" StartOffset="719"/>
</LocList>
<StmntSeq Intrnl_Id="20">
<LocList>
<Loc EndOffset="1007" SrcFileId="1" StartOffset="758"/>
<Loc EndOffset="1027" SrcFileId="1" StartOffset="1011"/>
</LocList>
<CondStmnt CovItemId="S7" CovItemPrefix="Gioco.java" Intrnl_Id="21">
<Branch CovItemId="B1" CovItemPrefix="Gioco.java" Implct="false" Intrnl_Id="22">
<Cond/>
<LocList>
<Loc EndOffset="1007" SrcFileId="1" StartOffset="777"/>
</LocList>
<StmntSeq Intrnl_Id="23">
<LocList>
<Loc EndOffset="956" SrcFileId="1" StartOffset="783"/>
<Loc EndOffset="978" SrcFileId="1" StartOffset="961"/>
<Loc EndOffset="1002" SrcFileId="1" StartOffset="983"/>
</LocList>
<LoopStmnt CovItemId="S8" CovItemPrefix="Gioco.java" Intrnl_Id="24" MltplExecId="L2-2" MltplExecPrefix="Gioco.java" NvrExecId="L2-0" NvrExecPrefix="Gioco.java" OnceExecutedId="L2-1" OnceExecutedPrefix="Gioco.java" OptBodyExec="true">
<StmntSeq Intrnl_Id="25">
<LocList>
<Loc EndOffset="950" SrcFileId="1" StartOffset="891"/>
</LocList>
<CondStmnt CovItemId="S9" CovItemPrefix="Gioco.java" Intrnl_Id="26">
<Branch CovItemId="B3" CovItemPrefix="Gioco.java" Implct="false" Intrnl_Id="27">
<Cond/>
<LocList>
<Loc EndOffset="950" SrcFileId="1" StartOffset="919"/>
</LocList>
<StmntSeq Intrnl_Id="28">
<LocList>
<Loc EndOffset="950" SrcFileId="1" StartOffset="919"/>
</LocList>
<BasicStmnt CovItemId="S10" CovItemPrefix="Gioco.java" Intrnl_Id="29">
<LocList>
<Loc EndOffset="950" SrcFileId="1" StartOffset="919"/>
</LocList>
</BasicStmnt>
</StmntSeq>
</Branch>
<Branch CovItemId="B4" CovItemPrefix="Gioco.java" Implct="true" Intrnl_Id="30">
<Cond/>
<LocList/>
<StmntSeq Intrnl_Id="31">
<LocList/>
</StmntSeq>
</Branch>
<Keyword EndOffset="893" SrcFileId="1" StartOffset="891"/>
<LocList>
<Loc EndOffset="950" SrcFileId="1" StartOffset="891"/>
</LocList>
<RootTerm CovItemId="C4" CovItemPrefix="Gioco.java" Intrnl_Id="32">
<BasicBoolTerm Intrnl_Id="33">
<LocList>
<Loc EndOffset="911" SrcFileId="1" StartOffset="894"/>
</LocList>
</BasicBoolTerm>
</RootTerm>
</CondStmnt>
</StmntSeq>
<Keyword EndOffset="786" SrcFileId="1" StartOffset="783"/>
<LocList>
<Loc EndOffset="956" SrcFileId="1" StartOffset="783"/>
</LocList>
<RootTerm CovItemId="C3" CovItemPrefix="Gioco.java" Intrnl_Id="34">
<BasicBoolTerm Intrnl_Id="35">
<LocList>
<Loc EndOffset="813" SrcFileId="1" StartOffset="798"/>
</LocList>
</BasicBoolTerm>
</RootTerm>
</LoopStmnt>
<BasicStmnt CovItemId="S11" CovItemPrefix="Gioco.java" Intrnl_Id="36">
<LocList>
<Loc EndOffset="978" SrcFileId="1" StartOffset="961"/>
</LocList>
</BasicStmnt>
<BasicStmnt CovItemId="S12" CovItemPrefix="Gioco.java" Intrnl_Id="37">
<LocList>
<Loc EndOffset="1002" SrcFileId="1" StartOffset="983"/>
</LocList>
</BasicStmnt>
</StmntSeq>
</Branch>
<Branch CovItemId="B2" CovItemPrefix="Gioco.java" Implct="true" Intrnl_Id="38">
<Cond/>
<LocList/>
<StmntSeq Intrnl_Id="39">
<LocList/>
</StmntSeq>
</Branch>
<Keyword EndOffset="760" SrcFileId="1" StartOffset="758"/>
<LocList>
<Loc EndOffset="1007" SrcFileId="1" StartOffset="758"/>
</LocList>
<RootTerm CovItemId="C2" CovItemPrefix="Gioco.java" Intrnl_Id="40">
<BasicBoolTerm Intrnl_Id="41">
<LocList>
<Loc EndOffset="775" SrcFileId="1" StartOffset="761"/>
</LocList>
</BasicBoolTerm>
</RootTerm>
</CondStmnt>
<BasicStmnt CovItemId="S13" CovItemPrefix="Gioco.java" Intrnl_Id="42">
<LocList>
<Loc EndOffset="1027" SrcFileId="1" StartOffset="1011"/>
</LocList>
</BasicStmnt>
</StmntSeq>
</HierarchyLvl>
<HierarchyLvl HierarchyLvlId="87" HierarchyLvlTypeId="3" Intrnl_Id="43" Name="primoControllo">
<Header>
<Loc EndOffset="1068" SrcFileId="1" StartOffset="1040"/>
</Header>
<LocList>
<Loc EndOffset="1558" SrcFileId="1" StartOffset="1040"/>
</LocList>
<StmntSeq Intrnl_Id="44">
<LocList>
<Loc EndOffset="1093" SrcFileId="1" StartOffset="1074"/>
<Loc EndOffset="1554" SrcFileId="1" StartOffset="1097"/>
</LocList>
<BasicStmnt CovItemId="S14" CovItemPrefix="Gioco.java" Intrnl_Id="45">
<LocList>
<Loc EndOffset="1093" SrcFileId="1" StartOffset="1074"/>
</LocList>
</BasicStmnt>
<LoopStmnt CovItemId="S15" CovItemPrefix="Gioco.java" Intrnl_Id="46" MltplExecId="L3-2" MltplExecPrefix="Gioco.java" NvrExecId="L3-0" NvrExecPrefix="Gioco.java" OnceExecutedId="L3-1" OnceExecutedPrefix="Gioco.java" OptBodyExec="true">
<StmntSeq Intrnl_Id="47">
<LocList>
<Loc EndOffset="1224" SrcFileId="1" StartOffset="1184"/>
<Loc EndOffset="1349" SrcFileId="1" StartOffset="1279"/>
<Loc EndOffset="1548" SrcFileId="1" StartOffset="1501"/>
</LocList>
<CondStmnt CovItemId="S16" CovItemPrefix="Gioco.java" Intrnl_Id="48">
<Branch CovItemId="B5" CovItemPrefix="Gioco.java" Implct="false" Intrnl_Id="49">
<Cond/>
<LocList>
<Loc EndOffset="1224" SrcFileId="1" StartOffset="1205"/>
</LocList>
<StmntSeq Intrnl_Id="50">
<LocList>
<Loc EndOffset="1224" SrcFileId="1" StartOffset="1205"/>
</LocList>
<BasicStmnt CovItemId="S17" CovItemPrefix="Gioco.java" Intrnl_Id="51">
<LocList>
<Loc EndOffset="1224" SrcFileId="1" StartOffset="1205"/>
</LocList>
</BasicStmnt>
</StmntSeq>
</Branch>
<Branch CovItemId="B6" CovItemPrefix="Gioco.java" Implct="true" Intrnl_Id="52">
<Cond/>
<LocList/>
<StmntSeq Intrnl_Id="53">
<LocList/>
</StmntSeq>
</Branch>
<Keyword EndOffset="1186" SrcFileId="1" StartOffset="1184"/>
<LocList>
<Loc EndOffset="1224" SrcFileId="1" StartOffset="1184"/>
</LocList>
<RootTerm CovItemId="C6" CovItemPrefix="Gioco.java" Intrnl_Id="54">
<BasicBoolTerm Intrnl_Id="55">
<LocList>
<Loc EndOffset="1198" SrcFileId="1" StartOffset="1187"/>
</LocList>
</BasicBoolTerm>
</RootTerm>
</CondStmnt>
<CondStmnt CovItemId="S18" CovItemPrefix="Gioco.java" Intrnl_Id="56">
<Branch CovItemId="B7" CovItemPrefix="Gioco.java" Implct="false" Intrnl_Id="57">
<Cond/>
<LocList>
<Loc EndOffset="1349" SrcFileId="1" StartOffset="1296"/>
</LocList>
<StmntSeq Intrnl_Id="58">
<LocList>
<Loc EndOffset="1320" SrcFileId="1" StartOffset="1303"/>
<Loc EndOffset="1343" SrcFileId="1" StartOffset="1326"/>
</LocList>
<BasicStmnt CovItemId="S19" CovItemPrefix="Gioco.java" Intrnl_Id="59">
<LocList>
<Loc EndOffset="1320" SrcFileId="1" StartOffset="1303"/>
</LocList>
</BasicStmnt>
<BasicStmnt CovItemId="S20" CovItemPrefix="Gioco.java" Intrnl_Id="60">
<LocList>
<Loc EndOffset="1343" SrcFileId="1" StartOffset="1326"/>
</LocList>
</BasicStmnt>
</StmntSeq>
</Branch>
<Branch CovItemId="B8" CovItemPrefix="Gioco.java" Implct="true" Intrnl_Id="61">
<Cond/>
<LocList/>
<StmntSeq Intrnl_Id="62">
<LocList/>
</StmntSeq>
</Branch>
<Keyword EndOffset="1281" SrcFileId="1" StartOffset="1279"/>
<LocList>
<Loc EndOffset="1349" SrcFileId="1" StartOffset="1279"/>
</LocList>
<RootTerm CovItemId="C7" CovItemPrefix="Gioco.java" Intrnl_Id="63">
<BasicBoolTerm Intrnl_Id="64">
<LocList>
<Loc EndOffset="1294" SrcFileId="1" StartOffset="1282"/>
</LocList>
</BasicBoolTerm>
</RootTerm>
</CondStmnt>
<CondStmnt CovItemId="S21" CovItemPrefix="Gioco.java" Intrnl_Id="65">
<Branch CovItemId="B9" CovItemPrefix="Gioco.java" Implct="false" Intrnl_Id="66">
<Cond/>
<LocList>
<Loc EndOffset="1548" SrcFileId="1" StartOffset="1522"/>
</LocList>
<StmntSeq Intrnl_Id="67">
<LocList>
<Loc EndOffset="1548" SrcFileId="1" StartOffset="1522"/>
</LocList>
<BasicStmnt CovItemId="S22" CovItemPrefix="Gioco.java" Intrnl_Id="68">
<LocList>
<Loc EndOffset="1548" SrcFileId="1" StartOffset="1522"/>
</LocList>
</BasicStmnt>
</StmntSeq>
</Branch>
<Branch CovItemId="B10" CovItemPrefix="Gioco.java" Implct="true" Intrnl_Id="69">
<Cond/>
<LocList/>
<StmntSeq Intrnl_Id="70">
<LocList/>
</StmntSeq>
</Branch>
<Keyword EndOffset="1503" SrcFileId="1" StartOffset="1501"/>
<LocList>
<Loc EndOffset="1548" SrcFileId="1" StartOffset="1501"/>
</LocList>
<RootTerm CovItemId="C8" CovItemPrefix="Gioco.java" Intrnl_Id="71">
<BasicBoolTerm Intrnl_Id="72">
<LocList>
<Loc EndOffset="1515" SrcFileId="1" StartOffset="1504"/>
</LocList>
</BasicBoolTerm>
</RootTerm>
</CondStmnt>
</StmntSeq>
<Keyword EndOffset="1100" SrcFileId="1" StartOffset="1097"/>
<LocList>
<Loc EndOffset="1554" SrcFileId="1" StartOffset="1097"/>
</LocList>
<RootTerm CovItemId="C5" CovItemPrefix="Gioco.java" Intrnl_Id="73">
<BasicBoolTerm Intrnl_Id="74">
<LocList>
<Loc EndOffset="1127" SrcFileId="1" StartOffset="1112"/>
</LocList>
</BasicBoolTerm>
</RootTerm>
</LoopStmnt>
</StmntSeq>
</HierarchyLvl>
<HierarchyLvl HierarchyLvlId="88" HierarchyLvlTypeId="3" Intrnl_Id="75" Name="secondoControllo">
<Header>
<Loc EndOffset="1597" SrcFileId="1" StartOffset="1567"/>
</Header>
<LocList>
<Loc EndOffset="1993" SrcFileId="1" StartOffset="1567"/>
</LocList>
<StmntSeq Intrnl_Id="76">
<LocList>
<Loc EndOffset="1989" SrcFileId="1" StartOffset="1603"/>
</LocList>
<LoopStmnt CovItemId="S23" CovItemPrefix="Gioco.java" Intrnl_Id="77" MltplExecId="L4-2" MltplExecPrefix="Gioco.java" NvrExecId="L4-0" NvrExecPrefix="Gioco.java" OnceExecutedId="L4-1" OnceExecutedPrefix="Gioco.java" OptBodyExec="true">
<StmntSeq Intrnl_Id="78">
<LocList>
<Loc EndOffset="1984" SrcFileId="1" StartOffset="1726"/>
</LocList>
<CondStmnt CovItemId="S24" CovItemPrefix="Gioco.java" Intrnl_Id="79">
<Branch CovItemId="B11" CovItemPrefix="Gioco.java" Implct="false" Intrnl_Id="80">
<Cond/>
<LocList>
<Loc EndOffset="1781" SrcFileId="1" StartOffset="1763"/>
</LocList>
<StmntSeq Intrnl_Id="81">
<LocList>
<Loc EndOffset="1781" SrcFileId="1" StartOffset="1763"/>
</LocList>
<BasicStmnt CovItemId="S25" CovItemPrefix="Gioco.java" Intrnl_Id="82">
<LocList>
<Loc EndOffset="1781" SrcFileId="1" StartOffset="1763"/>
</LocList>
</BasicStmnt>
</StmntSeq>
</Branch>
<Branch CovItemId="B12" CovItemPrefix="Gioco.java" Implct="false" Intrnl_Id="83">
<Cond>
<Loc EndOffset="1896" SrcFileId="1" StartOffset="1892"/>
</Cond>
<LocList>
<Loc EndOffset="1984" SrcFileId="1" StartOffset="1897"/>
</LocList>
<StmntSeq Intrnl_Id="84">
<LocList>
<Loc EndOffset="1984" SrcFileId="1" StartOffset="1897"/>
</LocList>
<CondStmnt CovItemId="S26" CovItemPrefix="Gioco.java" Intrnl_Id="85">
<Branch CovItemId="B13" CovItemPrefix="Gioco.java" Implct="false" Intrnl_Id="86">
<Cond/>
<LocList>
<Loc EndOffset="1984" SrcFileId="1" StartOffset="1931"/>
</LocList>
<StmntSeq Intrnl_Id="87">
<LocList>
<Loc EndOffset="1955" SrcFileId="1" StartOffset="1938"/>
<Loc EndOffset="1978" SrcFileId="1" StartOffset="1961"/>
</LocList>
<BasicStmnt CovItemId="S27" CovItemPrefix="Gioco.java" Intrnl_Id="88">
<LocList>
<Loc EndOffset="1955" SrcFileId="1" StartOffset="1938"/>
</LocList>
</BasicStmnt>
<BasicStmnt CovItemId="S28" CovItemPrefix="Gioco.java" Intrnl_Id="89">
<LocList>
<Loc EndOffset="1978" SrcFileId="1" StartOffset="1961"/>
</LocList>
</BasicStmnt>
</StmntSeq>
</Branch>
<Branch CovItemId="B14" CovItemPrefix="Gioco.java" Implct="true" Intrnl_Id="90">
<Cond/>
<LocList/>
<StmntSeq Intrnl_Id="91">
<LocList/>
</StmntSeq>
</Branch>
<Keyword EndOffset="1899" SrcFileId="1" StartOffset="1897"/>
<LocList>
<Loc EndOffset="1984" SrcFileId="1" StartOffset="1897"/>
</LocList>
<RootTerm CovItemId="C11" CovItemPrefix="Gioco.java" Intrnl_Id="92">
<OpTerm BooleanOpId="2" Intrnl_Id="93">
<BasicBoolTerm Intrnl_Id="94">
<LocList>
<Loc EndOffset="1911" SrcFileId="1" StartOffset="1900"/>
</LocList>
</BasicBoolTerm>
<BasicBoolTerm Intrnl_Id="95">
<LocList>
<Loc EndOffset="1929" SrcFileId="1" StartOffset="1915"/>
</LocList>
</BasicBoolTerm>
<LocList>
<Loc EndOffset="1914" SrcFileId="1" StartOffset="1912"/>
</LocList>
</OpTerm>
</RootTerm>
</CondStmnt>
</StmntSeq>
</Branch>
<Keyword EndOffset="1728" SrcFileId="1" StartOffset="1726"/>
<LocList>
<Loc EndOffset="1984" SrcFileId="1" StartOffset="1726"/>
</LocList>
<RootTerm CovItemId="C10" CovItemPrefix="Gioco.java" Intrnl_Id="96">
<OpTerm BooleanOpId="2" Intrnl_Id="97">
<BasicBoolTerm Intrnl_Id="98">
<LocList>
<Loc EndOffset="1740" SrcFileId="1" StartOffset="1729"/>
</LocList>
</BasicBoolTerm>
<BasicBoolTerm Intrnl_Id="99">
<LocList>
<Loc EndOffset="1756" SrcFileId="1" StartOffset="1744"/>
</LocList>
</BasicBoolTerm>
<LocList>
<Loc EndOffset="1743" SrcFileId="1" StartOffset="1741"/>
</LocList>
</OpTerm>
</RootTerm>
</CondStmnt>
</StmntSeq>
<Keyword EndOffset="1606" SrcFileId="1" StartOffset="1603"/>
<LocList>
<Loc EndOffset="1989" SrcFileId="1" StartOffset="1603"/>
</LocList>
<RootTerm CovItemId="C9" CovItemPrefix="Gioco.java" Intrnl_Id="100">
<BasicBoolTerm Intrnl_Id="101">
<LocList>
<Loc EndOffset="1633" SrcFileId="1" StartOffset="1618"/>
</LocList>
</BasicBoolTerm>
</RootTerm>
</LoopStmnt>
</StmntSeq>
</HierarchyLvl>
<HierarchyLvl HierarchyLvlId="89" HierarchyLvlTypeId="3" Intrnl_Id="102" Name="print">
<Header>
<Loc EndOffset="2018" SrcFileId="1" StartOffset="1999"/>
</Header>
<LocList>
<Loc EndOffset="2423" SrcFileId="1" StartOffset="1999"/>
</LocList>
<StmntSeq Intrnl_Id="103">
<LocList>
<Loc EndOffset="2390" SrcFileId="1" StartOffset="2024"/>
<Loc EndOffset="2419" SrcFileId="1" StartOffset="2394"/>
</LocList>
<LoopStmnt CovItemId="S29" CovItemPrefix="Gioco.java" Intrnl_Id="104" MltplExecId="L5-2" MltplExecPrefix="Gioco.java" NvrExecId="L5-0" NvrExecPrefix="Gioco.java" OnceExecutedId="L5-1" OnceExecutedPrefix="Gioco.java" OptBodyExec="true">
<StmntSeq Intrnl_Id="105">
<LocList>
<Loc EndOffset="2385" SrcFileId="1" StartOffset="2067"/>
</LocList>
<CondStmnt CovItemId="S30" CovItemPrefix="Gioco.java" Intrnl_Id="106">
<Branch CovItemId="B15" CovItemPrefix="Gioco.java" Implct="false" Intrnl_Id="107">
<Cond/>
<LocList>
<Loc EndOffset="2171" SrcFileId="1" StartOffset="2094"/>
</LocList>
<StmntSeq Intrnl_Id="108">
<LocList>
<Loc EndOffset="2171" SrcFileId="1" StartOffset="2094"/>
</LocList>
<BasicStmnt CovItemId="S31" CovItemPrefix="Gioco.java" Intrnl_Id="109">
<LocList>
<Loc EndOffset="2171" SrcFileId="1" StartOffset="2094"/>
</LocList>
</BasicStmnt>
</StmntSeq>
</Branch>
<Branch CovItemId="B16" CovItemPrefix="Gioco.java" Implct="false" Intrnl_Id="110">
<Cond>
<Loc EndOffset="2180" SrcFileId="1" StartOffset="2176"/>
</Cond>
<LocList>
<Loc EndOffset="2385" SrcFileId="1" StartOffset="2181"/>
</LocList>
<StmntSeq Intrnl_Id="111">
<LocList>
<Loc EndOffset="2385" SrcFileId="1" StartOffset="2181"/>
</LocList>
<CondStmnt CovItemId="S32" CovItemPrefix="Gioco.java" Intrnl_Id="112">
<Branch CovItemId="B17" CovItemPrefix="Gioco.java" Implct="false" Intrnl_Id="113">
<Cond/>
<LocList>
<Loc EndOffset="2292" SrcFileId="1" StartOffset="2208"/>
</LocList>
<StmntSeq Intrnl_Id="114">
<LocList>
<Loc EndOffset="2292" SrcFileId="1" StartOffset="2208"/>
</LocList>
<BasicStmnt CovItemId="S33" CovItemPrefix="Gioco.java" Intrnl_Id="115">
<LocList>
<Loc EndOffset="2292" SrcFileId="1" StartOffset="2208"/>
</LocList>
</BasicStmnt>
</StmntSeq>
</Branch>
<Branch CovItemId="B18" CovItemPrefix="Gioco.java" Implct="false" Intrnl_Id="116">
<Cond>
<Loc EndOffset="2301" SrcFileId="1" StartOffset="2297"/>
</Cond>
<LocList>
<Loc EndOffset="2385" SrcFileId="1" StartOffset="2307"/>
</LocList>
<StmntSeq Intrnl_Id="117">
<LocList>
<Loc EndOffset="2385" SrcFileId="1" StartOffset="2307"/>
</LocList>
<BasicStmnt CovItemId="S34" CovItemPrefix="Gioco.java" Intrnl_Id="118">
<LocList>
<Loc EndOffset="2385" SrcFileId="1" StartOffset="2307"/>
</LocList>
</BasicStmnt>
</StmntSeq>
</Branch>
<Keyword EndOffset="2183" SrcFileId="1" StartOffset="2181"/>
<LocList>
<Loc EndOffset="2385" SrcFileId="1" StartOffset="2181"/>
</LocList>
<RootTerm CovItemId="C14" CovItemPrefix="Gioco.java" Intrnl_Id="119">
<BasicBoolTerm Intrnl_Id="120">
<LocList>
<Loc EndOffset="2201" SrcFileId="1" StartOffset="2184"/>
</LocList>
</BasicBoolTerm>
</RootTerm>
</CondStmnt>
</StmntSeq>
</Branch>
<Keyword EndOffset="2069" SrcFileId="1" StartOffset="2067"/>
<LocList>
<Loc EndOffset="2385" SrcFileId="1" StartOffset="2067"/>
</LocList>
<RootTerm CovItemId="C13" CovItemPrefix="Gioco.java" Intrnl_Id="121">
<BasicBoolTerm Intrnl_Id="122">
<LocList>
<Loc EndOffset="2087" SrcFileId="1" StartOffset="2070"/>
</LocList>
</BasicBoolTerm>
</RootTerm>
</CondStmnt>
</StmntSeq>
<Keyword EndOffset="2027" SrcFileId="1" StartOffset="2024"/>
<LocList>
<Loc EndOffset="2390" SrcFileId="1" StartOffset="2024"/>
</LocList>
<RootTerm CovItemId="C12" CovItemPrefix="Gioco.java" Intrnl_Id="123">
<BasicBoolTerm Intrnl_Id="124">
<LocList>
<Loc EndOffset="2054" SrcFileId="1" StartOffset="2039"/>
</LocList>
</BasicBoolTerm>
</RootTerm>
</LoopStmnt>
<BasicStmnt CovItemId="S35" CovItemPrefix="Gioco.java" Intrnl_Id="125">
<LocList>
<Loc EndOffset="2419" SrcFileId="1" StartOffset="2394"/>
</LocList>
</BasicStmnt>
</StmntSeq>
</HierarchyLvl>
</HierarchyLvl>
</HierarchyLvl>
</MASTRoot>
</TestSessionContainer>
