<?xml version="1.0" encoding="UTF-8"?><TestSessionContainer xmlns="http://www.codecover.org/xml/testsession-container" Date="1688241582373" TestSessionContainerId="fa104fa9-64f5-4aed-b063-79c08dfd25d0" version="1.0">
<SrcFileList>
<SrcFile Content="public class Gioco {&#13;&#10;&#9;/*@spec_public@*/ int[] mano;&#13;&#10;&#9;private /*@spec_public@*/ int[] vincitori;&#13;&#10;&#9;private /*@spec_public@*/ int vittoria;&#13;&#10;&#9;private /*@spec_public@*/ int controllo;&#13;&#10;&#9;&#13;&#10;&#9;//@public invariant  mano!=null;&#13;&#10;&#9;//@public invariant vincitori!=null;&#13;&#10;&#9;//@public invariant (\forall int x; 0&lt;=x &amp;&amp;  x&lt;vincitori.length; vincitori[x]&gt;=-1 &amp;&amp; vincitori[x]&lt;=1);&#13;&#10;&#9;&#13;&#10;&#9;&#13;&#10;&#9;//In input voglio almeno un giocatore&#13;&#10;&#9;&#9;//@requires giocatori &gt; 0 &amp;&amp; giocatori &lt; 1000;&#13;&#10;&#9;&#13;&#10;&#9;//Inserisco anche qua le stesse condizioni dell'invariante in quanto l'invariante funziona dopo il costruttore&#13;&#10;&#9;&#9;//@ensures mano!= null;&#13;&#10;&#9;&#9;//@ensures vincitori!=null;&#13;&#10;&#9;&#13;&#10;&#9;//Controllo che vittoria venga impostata a -1;&#13;&#10;&#9;&#9;//@ensures vittoria == -1;&#13;&#10;&#9;&#13;&#10;&#9;//Controllo che i vettori mano e vincitori siano della lunghezza corretta&#13;&#10;&#9;&#9;//@ensures (mano.length == giocatori) &amp;&amp; (vincitori.length == giocatori);&#13;&#10;&#9;//Controllo che i vettori mano e vincitori siano inizializzati a zero&#13;&#10;&#9;&#9;//@ensures (\forall int x; 0&lt;=x &amp;&amp;  x&lt;giocatori; mano[x]==0 &amp;&amp; vincitori[x]==0);&#13;&#10;&#9;public Gioco(int giocatori) {&#13;&#10;&#9;&#9;//All'inizio nessuno ha vinto&#13;&#10;&#9;&#9;this.vittoria = -1;&#13;&#10;&#9;&#9;this.mano = new int[giocatori];&#13;&#10;&#9;&#9;this.vincitori = new int[giocatori];&#13;&#10;&#9;&#9;//@loop_invariant (\forall int x; 0&lt;=x &amp;&amp;  x&lt;i; mano[x]==0 &amp;&amp; vincitori[x]==0);&#13;&#10;&#9;&#9;//@loop_invariant i &gt;= 0;&#13;&#10;&#9;&#9;for(int i = 0; i &lt; giocatori; i++) {&#13;&#10;&#9;&#9;&#9;this.mano[i] = 0;&#13;&#10;&#9;&#9;&#9;this.vincitori[i] = 0;&#13;&#10;&#9;&#9;}&#13;&#10;&#9;}&#13;&#10;&#9;&#13;&#10;&#9;&#13;&#10;&#9;&#13;&#10;&#9;//@diverges true;&#13;&#10;&#9;&#13;&#10;&#9;//Richiedo che il vettore delle pescate sia lungo uguale al numero di giocatori&#13;&#10;&#9;&#9;//@requires pescate.length == mano.length;&#13;&#10;&#9;&#13;&#10;&#9;//Richiedo che il vettore delle pescate abbia numeri positivi, compresi tra uno e sette&#13;&#10;&#9;&#9;//@requires (\forall int x; 0&lt;=x &amp;&amp;  x&lt;pescate.length; pescate[x]&gt;0 &amp;&amp; pescate[x]&lt;8);&#13;&#10;&#9;&#13;&#10;&#9;//Controllo che la mano più la pescate non superi il numero 20&#13;&#10;&#9;&#9;//@requires (\forall int x; 0&lt;=x &amp;&amp;  x&lt;mano.length; (mano[x]+pescate[x])&gt;=0 &amp;&amp; (mano[x]+pescate[x])&lt;=20);&#13;&#10;&#9;&#13;&#10;&#9;//Controllo che vittoria sia un numero compreso tra -1 (nessuno ha ancora vinto) e il numero dei giocatori&#13;&#10;&#9;&#9;//@ensures (vittoria &gt;=-1) &amp;&amp; (vittoria&lt;=mano.length);&#13;&#10;&#9;&#13;&#10;&#9;//Controllo che in mano non abbia piu di 14&#13;&#10;&#9;&#9;//@ensures (\forall int x; 0&lt;=x &amp;&amp;  x&lt;mano.length; mano[x]&gt;=0 &amp;&amp; mano[x]&lt;=14);&#13;&#10;&#9;&#13;&#10;&#9;//Controllo che il risultato sia compreso tra -1 ed il numero di giocatori&#13;&#10;&#9;&#9;//@ensures (\result &gt;=-1) &amp;&amp; (\result&lt;=mano.length);&#13;&#10;&#9;public int giocata(int[] pescate) {&#13;&#10;&#9;&#9;if(vittoria == -1) {&#13;&#10;&#9;&#9;&#9;int i = 0;&#13;&#10;&#9;&#9;&#9;//@loop_invariant i&gt;=0 &amp;&amp; i&lt;=mano.length;&#13;&#10;&#9;&#9;&#9;//@loop_invariant (\forall int x; 0&lt;=x &amp;&amp;  x&lt;=i; mano[x]&gt;=0 &amp;&amp; mano[x]&lt;=20);&#13;&#10;&#9;&#9;&#9;for(i = 0; i &lt; mano.length; i++) {&#13;&#10;&#9;&#9;&#9;&#9;//Se non si ha ancora perso ne vinto allora si può pescare&#13;&#10;&#9;&#9;&#9;&#9;if(vincitori[i] == 0)&#13;&#10;&#9;&#9;&#9;&#9;&#9;mano[i] = mano[i] + pescate[i];&#13;&#10;&#9;&#9;&#9;}&#13;&#10;&#9;&#9;&#9;primoControllo();&#13;&#10;&#9;&#9;&#9;//@assert (vittoria &gt;=-1) &amp;&amp; (vittoria&lt;=mano.length);&#13;&#10;&#9;&#9;&#9;secondoControllo();&#13;&#10;&#9;&#9;&#9;//@assert (vittoria &gt;=-1) &amp;&amp; (vittoria&lt;=mano.length);&#13;&#10;&#9;&#9;}&#13;&#10;&#9;&#9;return vittoria;&#13;&#10;&#9;}&#13;&#10;&#9;&#13;&#10;&#9;&#13;&#10;&#9;//@diverges true;&#13;&#10;&#9;&#13;&#10;&#9;//Tutti devono avere o vinto o perso o possono continuare a giocare&#13;&#10;&#9;&#9;//@ensures (\forall int x; 0&lt;=x &amp;&amp; x&lt;mano.length; (vincitori[x]==-1) || (vincitori[x]==0) || (vincitori[x]==1));&#13;&#10;&#9;public void primoControllo() {&#13;&#10;&#9;&#9;this.controllo = 0;&#13;&#10;&#9;&#9;//Chi ha in mano più di otto ha perso&#13;&#10;&#9;&#9;&#9;//@loop_invariant (\forall int x; 0&lt;=x &amp;&amp; x&lt;=i; (mano[x]&gt;8) ==&gt; (vincitori[x]==-1));&#13;&#10;&#9;&#9;//Chi ha in mano esattamente otto ha vinto&#13;&#10;&#9;&#9;&#9;//@loop_invariant (\forall int x; 0&lt;=x &amp;&amp; x&lt;=i; (mano[x]==8) ==&gt; (vincitori[x]==1));&#13;&#10;&#9;&#9;for(int i = 0; i &lt; mano.length; i++) {&#13;&#10;&#9;&#9;&#9;//Se in mano si ha più di otto si perde&#13;&#10;&#9;&#9;&#9;if(mano[i] &gt; 8)&#13;&#10;&#9;&#9;&#9;&#9;vincitori[i] = - 1;&#13;&#10;&#9;&#9;&#9;//Se in mano si ha esattamente otto, si vince&#13;&#10;&#9;&#9;&#9;if(mano[i] == 8) {&#13;&#10;&#9;&#9;&#9;&#9;vincitori[i] = 1;&#13;&#10;&#9;&#9;&#9;&#9;vittoria = i + 1;&#13;&#10;&#9;&#9;&#9;}&#13;&#10;&#9;&#9;&#9;//Se in mano si ha meno di otto, si può continuare a giocare a patto che nessuno abbia fatto esattamente otto (Controllato nel secondo metodo)&#13;&#10;&#9;&#9;&#9;if(mano[i] &lt; 8)&#13;&#10;&#9;&#9;&#9;&#9;controllo = controllo + 1; &#13;&#10;&#9;&#9;}&#13;&#10;&#9;}&#13;&#10;&#9;&#13;&#10;&#13;&#10;&#9;//Tutti devono avere o vinto o perso o possono continuare a giocare&#13;&#10;&#9;&#9;//@ensures (\forall int x; 0&lt;=x &amp;&amp; x&lt;mano.length; (vincitori[x]==-1) || (vincitori[x]==0) || (vincitori[x]==1));&#13;&#10;&#9;public void secondoControllo() {&#13;&#10;&#9;&#9;for(int i = 0; i &lt; mano.length; i++) {&#13;&#10;&#9;&#9;&#9;//Se in mano si ha meno di 8, però qualcuno ha già vinto allora si ha perso&#13;&#10;&#9;&#9;&#9;if(mano[i] &lt; 8 &amp;&amp; vittoria!=-1)&#13;&#10;&#9;&#9;&#9;&#9;vincitori[i] = -1;&#13;&#10;&#9;&#9;&#9;//Se in mano si ha mano di otto, però tutti gli altri hanno tutti superato l'otto, allora si ha vinto&#13;&#10;&#9;&#9;&#9;else if(mano[i] &lt; 8 &amp;&amp; controllo == 1) {&#13;&#10;&#9;&#9;&#9;&#9;vincitori[i] = 1;&#13;&#10;&#9;&#9;&#9;&#9;vittoria = i + 1;&#13;&#10;&#9;&#9;&#9;}&#13;&#10;&#9;&#9;}&#13;&#10;&#9;}&#13;&#10;&#9;&#13;&#10;&#9;&#13;&#10;&#9;//Il metodo print viene escluso da jml per problemi di efficenza da parte del solver z3_4_3&#13;&#10;&#9;public void print() {&#13;&#10;&#9;&#9;for(int i = 0; i &lt; mano.length; i++) {&#13;&#10;&#9;&#9;&#9;if(vincitori[i] == 1)&#13;&#10;&#9;&#9;&#9;&#9;System.out.println(&quot;Giocatore &quot; + i + &quot; ha in mano: &quot; + mano[i] + &quot;-&gt; WIN!&quot;);&#13;&#10;&#9;&#9;&#9;else if(vincitori[i] == 0)&#13;&#10;&#9;&#9;&#9;&#9;System.out.println(&quot;Giocatore &quot; + i + &quot; ha in mano: &quot; + mano[i] + &quot;-&gt; PUO GIOCARE&quot;);&#13;&#10;&#9;&#9;&#9;else&#13;&#10;&#9;&#9;&#9;&#9;System.out.println(&quot;Giocatore &quot; + i + &quot; ha in mano: &quot; + mano[i] + &quot;-&gt; LOSE!&quot;);&#13;&#10;&#9;&#9;}&#13;&#10;&#9;&#9;System.out.println(&quot;\n&quot;);&#13;&#10;&#9;}&#13;&#10;}&#13;&#10;" Filename="Gioco.java" Intrnl_Id="1"/>
</SrcFileList>
<CritList>
<CritListEntry Name="org.codecover.model.utils.criteria.ConditionCoverage" PluginName="org.codecover"/>
<CritListEntry Name="org.codecover.model.utils.criteria.BranchCoverage" PluginName="org.codecover"/>
<CritListEntry Name="org.codecover.model.utils.criteria.StatementCoverage" PluginName="org.codecover"/>
</CritList>
<BoolOpList>
<BoolOp Arity="2" Intrnl_Id="2" Name="conditional and (&amp;&amp;)">
<BoolAssgnmntBoolMapList>
<MapEntry BoolAssgnmnt="02" Value="false"/>
<MapEntry BoolAssgnmnt="10" Value="false"/>
<MapEntry BoolAssgnmnt="11" Value="true"/>
</BoolAssgnmntBoolMapList>
</BoolOp>
</BoolOpList>
<HierarchyLvlTypeList>
<HierarchyLvlType EnglishName="method" IntrnlName="method" Intrnl_Id="3"/>
<HierarchyLvlType EnglishName="class" IntrnlName="class" Intrnl_Id="4"/>
<HierarchyLvlType EnglishName="default package" IntrnlName="default package" Intrnl_Id="5"/>
</HierarchyLvlTypeList>
<MASTRoot>
<HierarchyLvl HierarchyLvlId="378" HierarchyLvlTypeId="5" Intrnl_Id="6" Name="default package">
<Header/>
<LocList/>
<HierarchyLvl HierarchyLvlId="377" HierarchyLvlTypeId="4" Intrnl_Id="7" Name="Gioco">
<Header>
<Loc EndOffset="18" SrcFileId="1" StartOffset="0"/>
</Header>
<LocList>
<Loc EndOffset="5077" SrcFileId="1" StartOffset="0"/>
</LocList>
<HierarchyLvl HierarchyLvlId="372" HierarchyLvlTypeId="3" Intrnl_Id="8" Name="Gioco">
<Header>
<Loc EndOffset="1058" SrcFileId="1" StartOffset="1031"/>
</Header>
<LocList>
<Loc EndOffset="1401" SrcFileId="1" StartOffset="1031"/>
</LocList>
<StmntSeq Intrnl_Id="9">
<LocList>
<Loc EndOffset="1116" SrcFileId="1" StartOffset="1097"/>
<Loc EndOffset="1151" SrcFileId="1" StartOffset="1120"/>
<Loc EndOffset="1191" SrcFileId="1" StartOffset="1155"/>
<Loc EndOffset="1397" SrcFileId="1" StartOffset="1307"/>
</LocList>
<BasicStmnt CovItemId="S1" CovItemPrefix="Gioco.java" Intrnl_Id="10">
<LocList>
<Loc EndOffset="1116" SrcFileId="1" StartOffset="1097"/>
</LocList>
</BasicStmnt>
<BasicStmnt CovItemId="S2" CovItemPrefix="Gioco.java" Intrnl_Id="11">
<LocList>
<Loc EndOffset="1151" SrcFileId="1" StartOffset="1120"/>
</LocList>
</BasicStmnt>
<BasicStmnt CovItemId="S3" CovItemPrefix="Gioco.java" Intrnl_Id="12">
<LocList>
<Loc EndOffset="1191" SrcFileId="1" StartOffset="1155"/>
</LocList>
</BasicStmnt>
<LoopStmnt CovItemId="S4" CovItemPrefix="Gioco.java" Intrnl_Id="13" MltplExecId="L1-2" MltplExecPrefix="Gioco.java" NvrExecId="L1-0" NvrExecPrefix="Gioco.java" OnceExecutedId="L1-1" OnceExecutedPrefix="Gioco.java" OptBodyExec="true">
<StmntSeq Intrnl_Id="14">
<LocList>
<Loc EndOffset="1365" SrcFileId="1" StartOffset="1348"/>
<Loc EndOffset="1392" SrcFileId="1" StartOffset="1370"/>
</LocList>
<BasicStmnt CovItemId="S5" CovItemPrefix="Gioco.java" Intrnl_Id="15">
<LocList>
<Loc EndOffset="1365" SrcFileId="1" StartOffset="1348"/>
</LocList>
</BasicStmnt>
<BasicStmnt CovItemId="S6" CovItemPrefix="Gioco.java" Intrnl_Id="16">
<LocList>
<Loc EndOffset="1392" SrcFileId="1" StartOffset="1370"/>
</LocList>
</BasicStmnt>
</StmntSeq>
<Keyword EndOffset="1310" SrcFileId="1" StartOffset="1307"/>
<LocList>
<Loc EndOffset="1397" SrcFileId="1" StartOffset="1307"/>
</LocList>
<RootTerm CovItemId="C1" CovItemPrefix="Gioco.java" Intrnl_Id="17">
<BasicBoolTerm Intrnl_Id="18">
<LocList>
<Loc EndOffset="1335" SrcFileId="1" StartOffset="1322"/>
</LocList>
</BasicBoolTerm>
</RootTerm>
</LoopStmnt>
</StmntSeq>
</HierarchyLvl>
<HierarchyLvl HierarchyLvlId="373" HierarchyLvlTypeId="3" Intrnl_Id="19" Name="giocata">
<Header>
<Loc EndOffset="2393" SrcFileId="1" StartOffset="2360"/>
</Header>
<LocList>
<Loc EndOffset="2926" SrcFileId="1" StartOffset="2360"/>
</LocList>
<StmntSeq Intrnl_Id="20">
<LocList>
<Loc EndOffset="2902" SrcFileId="1" StartOffset="2399"/>
<Loc EndOffset="2922" SrcFileId="1" StartOffset="2906"/>
</LocList>
<CondStmnt CovItemId="S7" CovItemPrefix="Gioco.java" Intrnl_Id="21">
<Branch CovItemId="B1" CovItemPrefix="Gioco.java" Implct="false" Intrnl_Id="22">
<Cond/>
<LocList>
<Loc EndOffset="2902" SrcFileId="1" StartOffset="2418"/>
</LocList>
<StmntSeq Intrnl_Id="23">
<LocList>
<Loc EndOffset="2434" SrcFileId="1" StartOffset="2424"/>
<Loc EndOffset="2735" SrcFileId="1" StartOffset="2566"/>
<Loc EndOffset="2757" SrcFileId="1" StartOffset="2740"/>
<Loc EndOffset="2839" SrcFileId="1" StartOffset="2820"/>
</LocList>
<BasicStmnt CovItemId="S8" CovItemPrefix="Gioco.java" Intrnl_Id="24">
<LocList>
<Loc EndOffset="2434" SrcFileId="1" StartOffset="2424"/>
</LocList>
</BasicStmnt>
<LoopStmnt CovItemId="S9" CovItemPrefix="Gioco.java" Intrnl_Id="25" MltplExecId="L2-2" MltplExecPrefix="Gioco.java" NvrExecId="L2-0" NvrExecPrefix="Gioco.java" OnceExecutedId="L2-1" OnceExecutedPrefix="Gioco.java" OptBodyExec="true">
<StmntSeq Intrnl_Id="26">
<LocList>
<Loc EndOffset="2729" SrcFileId="1" StartOffset="2670"/>
</LocList>
<CondStmnt CovItemId="S10" CovItemPrefix="Gioco.java" Intrnl_Id="27">
<Branch CovItemId="B3" CovItemPrefix="Gioco.java" Implct="false" Intrnl_Id="28">
<Cond/>
<LocList>
<Loc EndOffset="2729" SrcFileId="1" StartOffset="2698"/>
</LocList>
<StmntSeq Intrnl_Id="29">
<LocList>
<Loc EndOffset="2729" SrcFileId="1" StartOffset="2698"/>
</LocList>
<BasicStmnt CovItemId="S11" CovItemPrefix="Gioco.java" Intrnl_Id="30">
<LocList>
<Loc EndOffset="2729" SrcFileId="1" StartOffset="2698"/>
</LocList>
</BasicStmnt>
</StmntSeq>
</Branch>
<Branch CovItemId="B4" CovItemPrefix="Gioco.java" Implct="true" Intrnl_Id="31">
<Cond/>
<LocList/>
<StmntSeq Intrnl_Id="32">
<LocList/>
</StmntSeq>
</Branch>
<Keyword EndOffset="2672" SrcFileId="1" StartOffset="2670"/>
<LocList>
<Loc EndOffset="2729" SrcFileId="1" StartOffset="2670"/>
</LocList>
<RootTerm CovItemId="C4" CovItemPrefix="Gioco.java" Intrnl_Id="33">
<BasicBoolTerm Intrnl_Id="34">
<LocList>
<Loc EndOffset="2690" SrcFileId="1" StartOffset="2673"/>
</LocList>
</BasicBoolTerm>
</RootTerm>
</CondStmnt>
</StmntSeq>
<Keyword EndOffset="2569" SrcFileId="1" StartOffset="2566"/>
<LocList>
<Loc EndOffset="2735" SrcFileId="1" StartOffset="2566"/>
</LocList>
<RootTerm CovItemId="C3" CovItemPrefix="Gioco.java" Intrnl_Id="35">
<BasicBoolTerm Intrnl_Id="36">
<LocList>
<Loc EndOffset="2592" SrcFileId="1" StartOffset="2577"/>
</LocList>
</BasicBoolTerm>
</RootTerm>
</LoopStmnt>
<BasicStmnt CovItemId="S12" CovItemPrefix="Gioco.java" Intrnl_Id="37">
<LocList>
<Loc EndOffset="2757" SrcFileId="1" StartOffset="2740"/>
</LocList>
</BasicStmnt>
<BasicStmnt CovItemId="S13" CovItemPrefix="Gioco.java" Intrnl_Id="38">
<LocList>
<Loc EndOffset="2839" SrcFileId="1" StartOffset="2820"/>
</LocList>
</BasicStmnt>
</StmntSeq>
</Branch>
<Branch CovItemId="B2" CovItemPrefix="Gioco.java" Implct="true" Intrnl_Id="39">
<Cond/>
<LocList/>
<StmntSeq Intrnl_Id="40">
<LocList/>
</StmntSeq>
</Branch>
<Keyword EndOffset="2401" SrcFileId="1" StartOffset="2399"/>
<LocList>
<Loc EndOffset="2902" SrcFileId="1" StartOffset="2399"/>
</LocList>
<RootTerm CovItemId="C2" CovItemPrefix="Gioco.java" Intrnl_Id="41">
<BasicBoolTerm Intrnl_Id="42">
<LocList>
<Loc EndOffset="2416" SrcFileId="1" StartOffset="2402"/>
</LocList>
</BasicBoolTerm>
</RootTerm>
</CondStmnt>
<BasicStmnt CovItemId="S14" CovItemPrefix="Gioco.java" Intrnl_Id="43">
<LocList>
<Loc EndOffset="2922" SrcFileId="1" StartOffset="2906"/>
</LocList>
</BasicStmnt>
</StmntSeq>
</HierarchyLvl>
<HierarchyLvl HierarchyLvlId="374" HierarchyLvlTypeId="3" Intrnl_Id="44" Name="primoControllo">
<Header>
<Loc EndOffset="3172" SrcFileId="1" StartOffset="3144"/>
</Header>
<LocList>
<Loc EndOffset="3927" SrcFileId="1" StartOffset="3144"/>
</LocList>
<StmntSeq Intrnl_Id="45">
<LocList>
<Loc EndOffset="3197" SrcFileId="1" StartOffset="3178"/>
<Loc EndOffset="3923" SrcFileId="1" StartOffset="3466"/>
</LocList>
<BasicStmnt CovItemId="S15" CovItemPrefix="Gioco.java" Intrnl_Id="46">
<LocList>
<Loc EndOffset="3197" SrcFileId="1" StartOffset="3178"/>
</LocList>
</BasicStmnt>
<LoopStmnt CovItemId="S16" CovItemPrefix="Gioco.java" Intrnl_Id="47" MltplExecId="L3-2" MltplExecPrefix="Gioco.java" NvrExecId="L3-0" NvrExecPrefix="Gioco.java" OnceExecutedId="L3-1" OnceExecutedPrefix="Gioco.java" OptBodyExec="true">
<StmntSeq Intrnl_Id="48">
<LocList>
<Loc EndOffset="3593" SrcFileId="1" StartOffset="3553"/>
<Loc EndOffset="3718" SrcFileId="1" StartOffset="3648"/>
<Loc EndOffset="3917" SrcFileId="1" StartOffset="3870"/>
</LocList>
<CondStmnt CovItemId="S17" CovItemPrefix="Gioco.java" Intrnl_Id="49">
<Branch CovItemId="B5" CovItemPrefix="Gioco.java" Implct="false" Intrnl_Id="50">
<Cond/>
<LocList>
<Loc EndOffset="3593" SrcFileId="1" StartOffset="3574"/>
</LocList>
<StmntSeq Intrnl_Id="51">
<LocList>
<Loc EndOffset="3593" SrcFileId="1" StartOffset="3574"/>
</LocList>
<BasicStmnt CovItemId="S18" CovItemPrefix="Gioco.java" Intrnl_Id="52">
<LocList>
<Loc EndOffset="3593" SrcFileId="1" StartOffset="3574"/>
</LocList>
</BasicStmnt>
</StmntSeq>
</Branch>
<Branch CovItemId="B6" CovItemPrefix="Gioco.java" Implct="true" Intrnl_Id="53">
<Cond/>
<LocList/>
<StmntSeq Intrnl_Id="54">
<LocList/>
</StmntSeq>
</Branch>
<Keyword EndOffset="3555" SrcFileId="1" StartOffset="3553"/>
<LocList>
<Loc EndOffset="3593" SrcFileId="1" StartOffset="3553"/>
</LocList>
<RootTerm CovItemId="C6" CovItemPrefix="Gioco.java" Intrnl_Id="55">
<BasicBoolTerm Intrnl_Id="56">
<LocList>
<Loc EndOffset="3567" SrcFileId="1" StartOffset="3556"/>
</LocList>
</BasicBoolTerm>
</RootTerm>
</CondStmnt>
<CondStmnt CovItemId="S19" CovItemPrefix="Gioco.java" Intrnl_Id="57">
<Branch CovItemId="B7" CovItemPrefix="Gioco.java" Implct="false" Intrnl_Id="58">
<Cond/>
<LocList>
<Loc EndOffset="3718" SrcFileId="1" StartOffset="3665"/>
</LocList>
<StmntSeq Intrnl_Id="59">
<LocList>
<Loc EndOffset="3689" SrcFileId="1" StartOffset="3672"/>
<Loc EndOffset="3712" SrcFileId="1" StartOffset="3695"/>
</LocList>
<BasicStmnt CovItemId="S20" CovItemPrefix="Gioco.java" Intrnl_Id="60">
<LocList>
<Loc EndOffset="3689" SrcFileId="1" StartOffset="3672"/>
</LocList>
</BasicStmnt>
<BasicStmnt CovItemId="S21" CovItemPrefix="Gioco.java" Intrnl_Id="61">
<LocList>
<Loc EndOffset="3712" SrcFileId="1" StartOffset="3695"/>
</LocList>
</BasicStmnt>
</StmntSeq>
</Branch>
<Branch CovItemId="B8" CovItemPrefix="Gioco.java" Implct="true" Intrnl_Id="62">
<Cond/>
<LocList/>
<StmntSeq Intrnl_Id="63">
<LocList/>
</StmntSeq>
</Branch>
<Keyword EndOffset="3650" SrcFileId="1" StartOffset="3648"/>
<LocList>
<Loc EndOffset="3718" SrcFileId="1" StartOffset="3648"/>
</LocList>
<RootTerm CovItemId="C7" CovItemPrefix="Gioco.java" Intrnl_Id="64">
<BasicBoolTerm Intrnl_Id="65">
<LocList>
<Loc EndOffset="3663" SrcFileId="1" StartOffset="3651"/>
</LocList>
</BasicBoolTerm>
</RootTerm>
</CondStmnt>
<CondStmnt CovItemId="S22" CovItemPrefix="Gioco.java" Intrnl_Id="66">
<Branch CovItemId="B9" CovItemPrefix="Gioco.java" Implct="false" Intrnl_Id="67">
<Cond/>
<LocList>
<Loc EndOffset="3917" SrcFileId="1" StartOffset="3891"/>
</LocList>
<StmntSeq Intrnl_Id="68">
<LocList>
<Loc EndOffset="3917" SrcFileId="1" StartOffset="3891"/>
</LocList>
<BasicStmnt CovItemId="S23" CovItemPrefix="Gioco.java" Intrnl_Id="69">
<LocList>
<Loc EndOffset="3917" SrcFileId="1" StartOffset="3891"/>
</LocList>
</BasicStmnt>
</StmntSeq>
</Branch>
<Branch CovItemId="B10" CovItemPrefix="Gioco.java" Implct="true" Intrnl_Id="70">
<Cond/>
<LocList/>
<StmntSeq Intrnl_Id="71">
<LocList/>
</StmntSeq>
</Branch>
<Keyword EndOffset="3872" SrcFileId="1" StartOffset="3870"/>
<LocList>
<Loc EndOffset="3917" SrcFileId="1" StartOffset="3870"/>
</LocList>
<RootTerm CovItemId="C8" CovItemPrefix="Gioco.java" Intrnl_Id="72">
<BasicBoolTerm Intrnl_Id="73">
<LocList>
<Loc EndOffset="3884" SrcFileId="1" StartOffset="3873"/>
</LocList>
</BasicBoolTerm>
</RootTerm>
</CondStmnt>
</StmntSeq>
<Keyword EndOffset="3469" SrcFileId="1" StartOffset="3466"/>
<LocList>
<Loc EndOffset="3923" SrcFileId="1" StartOffset="3466"/>
</LocList>
<RootTerm CovItemId="C5" CovItemPrefix="Gioco.java" Intrnl_Id="74">
<BasicBoolTerm Intrnl_Id="75">
<LocList>
<Loc EndOffset="3496" SrcFileId="1" StartOffset="3481"/>
</LocList>
</BasicBoolTerm>
</RootTerm>
</LoopStmnt>
</StmntSeq>
</HierarchyLvl>
<HierarchyLvl HierarchyLvlId="375" HierarchyLvlTypeId="3" Intrnl_Id="76" Name="secondoControllo">
<Header>
<Loc EndOffset="4151" SrcFileId="1" StartOffset="4121"/>
</Header>
<LocList>
<Loc EndOffset="4547" SrcFileId="1" StartOffset="4121"/>
</LocList>
<StmntSeq Intrnl_Id="77">
<LocList>
<Loc EndOffset="4543" SrcFileId="1" StartOffset="4157"/>
</LocList>
<LoopStmnt CovItemId="S24" CovItemPrefix="Gioco.java" Intrnl_Id="78" MltplExecId="L4-2" MltplExecPrefix="Gioco.java" NvrExecId="L4-0" NvrExecPrefix="Gioco.java" OnceExecutedId="L4-1" OnceExecutedPrefix="Gioco.java" OptBodyExec="true">
<StmntSeq Intrnl_Id="79">
<LocList>
<Loc EndOffset="4538" SrcFileId="1" StartOffset="4280"/>
</LocList>
<CondStmnt CovItemId="S25" CovItemPrefix="Gioco.java" Intrnl_Id="80">
<Branch CovItemId="B11" CovItemPrefix="Gioco.java" Implct="false" Intrnl_Id="81">
<Cond/>
<LocList>
<Loc EndOffset="4335" SrcFileId="1" StartOffset="4317"/>
</LocList>
<StmntSeq Intrnl_Id="82">
<LocList>
<Loc EndOffset="4335" SrcFileId="1" StartOffset="4317"/>
</LocList>
<BasicStmnt CovItemId="S26" CovItemPrefix="Gioco.java" Intrnl_Id="83">
<LocList>
<Loc EndOffset="4335" SrcFileId="1" StartOffset="4317"/>
</LocList>
</BasicStmnt>
</StmntSeq>
</Branch>
<Branch CovItemId="B12" CovItemPrefix="Gioco.java" Implct="false" Intrnl_Id="84">
<Cond>
<Loc EndOffset="4450" SrcFileId="1" StartOffset="4446"/>
</Cond>
<LocList>
<Loc EndOffset="4538" SrcFileId="1" StartOffset="4451"/>
</LocList>
<StmntSeq Intrnl_Id="85">
<LocList>
<Loc EndOffset="4538" SrcFileId="1" StartOffset="4451"/>
</LocList>
<CondStmnt CovItemId="S27" CovItemPrefix="Gioco.java" Intrnl_Id="86">
<Branch CovItemId="B13" CovItemPrefix="Gioco.java" Implct="false" Intrnl_Id="87">
<Cond/>
<LocList>
<Loc EndOffset="4538" SrcFileId="1" StartOffset="4485"/>
</LocList>
<StmntSeq Intrnl_Id="88">
<LocList>
<Loc EndOffset="4509" SrcFileId="1" StartOffset="4492"/>
<Loc EndOffset="4532" SrcFileId="1" StartOffset="4515"/>
</LocList>
<BasicStmnt CovItemId="S28" CovItemPrefix="Gioco.java" Intrnl_Id="89">
<LocList>
<Loc EndOffset="4509" SrcFileId="1" StartOffset="4492"/>
</LocList>
</BasicStmnt>
<BasicStmnt CovItemId="S29" CovItemPrefix="Gioco.java" Intrnl_Id="90">
<LocList>
<Loc EndOffset="4532" SrcFileId="1" StartOffset="4515"/>
</LocList>
</BasicStmnt>
</StmntSeq>
</Branch>
<Branch CovItemId="B14" CovItemPrefix="Gioco.java" Implct="true" Intrnl_Id="91">
<Cond/>
<LocList/>
<StmntSeq Intrnl_Id="92">
<LocList/>
</StmntSeq>
</Branch>
<Keyword EndOffset="4453" SrcFileId="1" StartOffset="4451"/>
<LocList>
<Loc EndOffset="4538" SrcFileId="1" StartOffset="4451"/>
</LocList>
<RootTerm CovItemId="C11" CovItemPrefix="Gioco.java" Intrnl_Id="93">
<OpTerm BooleanOpId="2" Intrnl_Id="94">
<BasicBoolTerm Intrnl_Id="95">
<LocList>
<Loc EndOffset="4465" SrcFileId="1" StartOffset="4454"/>
</LocList>
</BasicBoolTerm>
<BasicBoolTerm Intrnl_Id="96">
<LocList>
<Loc EndOffset="4483" SrcFileId="1" StartOffset="4469"/>
</LocList>
</BasicBoolTerm>
<LocList>
<Loc EndOffset="4468" SrcFileId="1" StartOffset="4466"/>
</LocList>
</OpTerm>
</RootTerm>
</CondStmnt>
</StmntSeq>
</Branch>
<Keyword EndOffset="4282" SrcFileId="1" StartOffset="4280"/>
<LocList>
<Loc EndOffset="4538" SrcFileId="1" StartOffset="4280"/>
</LocList>
<RootTerm CovItemId="C10" CovItemPrefix="Gioco.java" Intrnl_Id="97">
<OpTerm BooleanOpId="2" Intrnl_Id="98">
<BasicBoolTerm Intrnl_Id="99">
<LocList>
<Loc EndOffset="4294" SrcFileId="1" StartOffset="4283"/>
</LocList>
</BasicBoolTerm>
<BasicBoolTerm Intrnl_Id="100">
<LocList>
<Loc EndOffset="4310" SrcFileId="1" StartOffset="4298"/>
</LocList>
</BasicBoolTerm>
<LocList>
<Loc EndOffset="4297" SrcFileId="1" StartOffset="4295"/>
</LocList>
</OpTerm>
</RootTerm>
</CondStmnt>
</StmntSeq>
<Keyword EndOffset="4160" SrcFileId="1" StartOffset="4157"/>
<LocList>
<Loc EndOffset="4543" SrcFileId="1" StartOffset="4157"/>
</LocList>
<RootTerm CovItemId="C9" CovItemPrefix="Gioco.java" Intrnl_Id="101">
<BasicBoolTerm Intrnl_Id="102">
<LocList>
<Loc EndOffset="4187" SrcFileId="1" StartOffset="4172"/>
</LocList>
</BasicBoolTerm>
</RootTerm>
</LoopStmnt>
</StmntSeq>
</HierarchyLvl>
<HierarchyLvl HierarchyLvlId="376" HierarchyLvlTypeId="3" Intrnl_Id="103" Name="print">
<Header>
<Loc EndOffset="4669" SrcFileId="1" StartOffset="4650"/>
</Header>
<LocList>
<Loc EndOffset="5074" SrcFileId="1" StartOffset="4650"/>
</LocList>
<StmntSeq Intrnl_Id="104">
<LocList>
<Loc EndOffset="5041" SrcFileId="1" StartOffset="4675"/>
<Loc EndOffset="5070" SrcFileId="1" StartOffset="5045"/>
</LocList>
<LoopStmnt CovItemId="S30" CovItemPrefix="Gioco.java" Intrnl_Id="105" MltplExecId="L5-2" MltplExecPrefix="Gioco.java" NvrExecId="L5-0" NvrExecPrefix="Gioco.java" OnceExecutedId="L5-1" OnceExecutedPrefix="Gioco.java" OptBodyExec="true">
<StmntSeq Intrnl_Id="106">
<LocList>
<Loc EndOffset="5036" SrcFileId="1" StartOffset="4718"/>
</LocList>
<CondStmnt CovItemId="S31" CovItemPrefix="Gioco.java" Intrnl_Id="107">
<Branch CovItemId="B15" CovItemPrefix="Gioco.java" Implct="false" Intrnl_Id="108">
<Cond/>
<LocList>
<Loc EndOffset="4822" SrcFileId="1" StartOffset="4745"/>
</LocList>
<StmntSeq Intrnl_Id="109">
<LocList>
<Loc EndOffset="4822" SrcFileId="1" StartOffset="4745"/>
</LocList>
<BasicStmnt CovItemId="S32" CovItemPrefix="Gioco.java" Intrnl_Id="110">
<LocList>
<Loc EndOffset="4822" SrcFileId="1" StartOffset="4745"/>
</LocList>
</BasicStmnt>
</StmntSeq>
</Branch>
<Branch CovItemId="B16" CovItemPrefix="Gioco.java" Implct="false" Intrnl_Id="111">
<Cond>
<Loc EndOffset="4831" SrcFileId="1" StartOffset="4827"/>
</Cond>
<LocList>
<Loc EndOffset="5036" SrcFileId="1" StartOffset="4832"/>
</LocList>
<StmntSeq Intrnl_Id="112">
<LocList>
<Loc EndOffset="5036" SrcFileId="1" StartOffset="4832"/>
</LocList>
<CondStmnt CovItemId="S33" CovItemPrefix="Gioco.java" Intrnl_Id="113">
<Branch CovItemId="B17" CovItemPrefix="Gioco.java" Implct="false" Intrnl_Id="114">
<Cond/>
<LocList>
<Loc EndOffset="4943" SrcFileId="1" StartOffset="4859"/>
</LocList>
<StmntSeq Intrnl_Id="115">
<LocList>
<Loc EndOffset="4943" SrcFileId="1" StartOffset="4859"/>
</LocList>
<BasicStmnt CovItemId="S34" CovItemPrefix="Gioco.java" Intrnl_Id="116">
<LocList>
<Loc EndOffset="4943" SrcFileId="1" StartOffset="4859"/>
</LocList>
</BasicStmnt>
</StmntSeq>
</Branch>
<Branch CovItemId="B18" CovItemPrefix="Gioco.java" Implct="false" Intrnl_Id="117">
<Cond>
<Loc EndOffset="4952" SrcFileId="1" StartOffset="4948"/>
</Cond>
<LocList>
<Loc EndOffset="5036" SrcFileId="1" StartOffset="4958"/>
</LocList>
<StmntSeq Intrnl_Id="118">
<LocList>
<Loc EndOffset="5036" SrcFileId="1" StartOffset="4958"/>
</LocList>
<BasicStmnt CovItemId="S35" CovItemPrefix="Gioco.java" Intrnl_Id="119">
<LocList>
<Loc EndOffset="5036" SrcFileId="1" StartOffset="4958"/>
</LocList>
</BasicStmnt>
</StmntSeq>
</Branch>
<Keyword EndOffset="4834" SrcFileId="1" StartOffset="4832"/>
<LocList>
<Loc EndOffset="5036" SrcFileId="1" StartOffset="4832"/>
</LocList>
<RootTerm CovItemId="C14" CovItemPrefix="Gioco.java" Intrnl_Id="120">
<BasicBoolTerm Intrnl_Id="121">
<LocList>
<Loc EndOffset="4852" SrcFileId="1" StartOffset="4835"/>
</LocList>
</BasicBoolTerm>
</RootTerm>
</CondStmnt>
</StmntSeq>
</Branch>
<Keyword EndOffset="4720" SrcFileId="1" StartOffset="4718"/>
<LocList>
<Loc EndOffset="5036" SrcFileId="1" StartOffset="4718"/>
</LocList>
<RootTerm CovItemId="C13" CovItemPrefix="Gioco.java" Intrnl_Id="122">
<BasicBoolTerm Intrnl_Id="123">
<LocList>
<Loc EndOffset="4738" SrcFileId="1" StartOffset="4721"/>
</LocList>
</BasicBoolTerm>
</RootTerm>
</CondStmnt>
</StmntSeq>
<Keyword EndOffset="4678" SrcFileId="1" StartOffset="4675"/>
<LocList>
<Loc EndOffset="5041" SrcFileId="1" StartOffset="4675"/>
</LocList>
<RootTerm CovItemId="C12" CovItemPrefix="Gioco.java" Intrnl_Id="124">
<BasicBoolTerm Intrnl_Id="125">
<LocList>
<Loc EndOffset="4705" SrcFileId="1" StartOffset="4690"/>
</LocList>
</BasicBoolTerm>
</RootTerm>
</LoopStmnt>
<BasicStmnt CovItemId="S36" CovItemPrefix="Gioco.java" Intrnl_Id="126">
<LocList>
<Loc EndOffset="5070" SrcFileId="1" StartOffset="5045"/>
</LocList>
</BasicStmnt>
</StmntSeq>
</HierarchyLvl>
</HierarchyLvl>
</HierarchyLvl>
</MASTRoot>
</TestSessionContainer>
