<?xml version="1.0" encoding="UTF-8"?><TestSessionContainer xmlns="http://www.codecover.org/xml/testsession-container" Date="1687182193065" TestSessionContainerId="6e2b28dd-3a76-4f0b-b5af-7e68e91556d8" version="1.0">
<SrcFileList>
<SrcFile Content="public class Gioco {&#13;&#10;&#9;/*@spec_public@*/ int[] mano;&#13;&#10;&#9;private /*@spec_public@*/ int[] vincitori;&#13;&#10;&#9;private /*@spec_public@*/ int vittoria;&#13;&#10;&#9;private /*@spec_public@*/ int controllo;&#13;&#10;&#9;&#13;&#10;&#9;//@public invariant  mano!=null;&#13;&#10;&#9;//@invariant vincitori!=null;&#13;&#10;&#9;&#13;&#10;&#9;//Inserisco anche qua le stesse condizioni dell'invariante in quanto l'invariante funziona dopo il ocstruttore&#13;&#10;&#9;//@ensures mano!= null;&#13;&#10;&#9;//@ensures vincitori!=null;&#13;&#10;&#9;public Gioco(int giocatori) {&#13;&#10;&#9;&#9;//All'inizio nessuno ha vinto&#13;&#10;&#9;&#9;this.vittoria = -1;&#13;&#10;&#9;&#9;this.mano = new int[giocatori];&#13;&#10;&#9;&#9;this.vincitori = new int[giocatori];&#13;&#10;&#9;&#9;for(int i = 0; i &lt; giocatori; i++) {&#13;&#10;&#9;&#9;&#9;this.mano[i] = 0;&#13;&#10;&#9;&#9;&#9;this.vincitori[i] = 0;&#13;&#10;&#9;&#9;}&#13;&#10;&#9;}&#13;&#10;&#9;&#13;&#10;&#9;//@requires pescate != null;&#13;&#10;&#9;public int giocata(int[] pescate) {&#13;&#10;&#9;&#9;if(vittoria == -1) {&#13;&#10;&#9;&#9;&#9;for(int i = 0; i &lt; mano.length; i++) {&#13;&#10;&#9;&#9;&#9;&#9;//Se non si ha ancora perso ne vinto allora si può pescare&#13;&#10;&#9;&#9;&#9;&#9;if(vincitori[i] == 0)&#13;&#10;&#9;&#9;&#9;&#9;&#9;mano[i] = mano[i] + pescate[i];&#13;&#10;&#9;&#9;&#9;}&#13;&#10;&#9;&#9;&#9;primoControllo();&#13;&#10;&#9;&#9;&#9;secondoControllo();&#13;&#10;&#9;&#9;}&#13;&#10;&#9;&#9;return vittoria;&#13;&#10;&#9;}&#13;&#10;&#9;&#13;&#10;&#9;&#13;&#10;&#9;public void primoControllo() {&#13;&#10;&#9;&#9;this.controllo = 0;&#13;&#10;&#9;&#9;for(int i = 0; i &lt; mano.length; i++) {&#13;&#10;&#9;&#9;&#9;//Se in mano si ha più di otto si perde&#13;&#10;&#9;&#9;&#9;if(mano[i] &gt; 8)&#13;&#10;&#9;&#9;&#9;&#9;vincitori[i] = - 1;&#13;&#10;&#9;&#9;&#9;//Se in mano si ha esattamente otto, si vince&#13;&#10;&#9;&#9;&#9;if(mano[i] == 8) {&#13;&#10;&#9;&#9;&#9;&#9;vincitori[i] = 1;&#13;&#10;&#9;&#9;&#9;&#9;vittoria = i + 1;&#13;&#10;&#9;&#9;&#9;}&#13;&#10;&#9;&#9;&#9;//Se in mano si ha meno di otto, si può continuare a giocare a patto che nessuno abbia fatto esattamente otto (Controllato nel secondo metodo)&#13;&#10;&#9;&#9;&#9;if(mano[i] &lt; 8)&#13;&#10;&#9;&#9;&#9;&#9;controllo = controllo + 1; &#13;&#10;&#9;&#9;}&#13;&#10;&#9;}&#13;&#10;&#9;&#13;&#10;&#9;&#13;&#10;&#9;public void secondoControllo() {&#13;&#10;&#9;&#9;for(int i = 0; i &lt; mano.length; i++) {&#13;&#10;&#9;&#9;&#9;//Se in mano si ha meno di 8, però qualcuno ha già vinto allora si ha perso&#13;&#10;&#9;&#9;&#9;if(mano[i] &lt; 8 &amp;&amp; vittoria!=-1)&#13;&#10;&#9;&#9;&#9;&#9;vincitori[i] = -1;&#13;&#10;&#9;&#9;&#9;//Se in mano si ha mano di otto, però tutti gli altri hanno tutti superato l'otto, allora si ha vinto&#13;&#10;&#9;&#9;&#9;else if(mano[i] &lt; 8 &amp;&amp; controllo == 1) {&#13;&#10;&#9;&#9;&#9;&#9;vincitori[i] = 1;&#13;&#10;&#9;&#9;&#9;&#9;vittoria = i + 1;&#13;&#10;&#9;&#9;&#9;}&#13;&#10;&#9;&#9;}&#13;&#10;&#9;}&#13;&#10;&#9;&#13;&#10;&#9;public void print() {&#13;&#10;&#9;&#9;for(int i = 0; i &lt; mano.length; i++) {&#13;&#10;&#9;&#9;&#9;if(vincitori[i] == 1)&#13;&#10;&#9;&#9;&#9;&#9;System.out.println(&quot;Giocatore &quot; + i + &quot; ha in mano: &quot; + mano[i] + &quot;-&gt; WIN!&quot;);&#13;&#10;&#9;&#9;&#9;else if(vincitori[i] == 0)&#13;&#10;&#9;&#9;&#9;&#9;System.out.println(&quot;Giocatore &quot; + i + &quot; ha in mano: &quot; + mano[i] + &quot;-&gt; PUO GIOCARE&quot;);&#13;&#10;&#9;&#9;&#9;else&#13;&#10;&#9;&#9;&#9;&#9;System.out.println(&quot;Giocatore &quot; + i + &quot; ha in mano: &quot; + mano[i] + &quot;-&gt; LOSE!&quot;);&#13;&#10;&#9;&#9;}&#13;&#10;&#9;&#9;System.out.println(&quot;\n&quot;);&#13;&#10;&#9;}&#13;&#10;}&#13;&#10;" Filename="Gioco.java" Intrnl_Id="1"/>
</SrcFileList>
<CritList>
<CritListEntry Name="org.codecover.model.utils.criteria.ConditionCoverage" PluginName="org.codecover"/>
<CritListEntry Name="org.codecover.model.utils.criteria.BranchCoverage" PluginName="org.codecover"/>
<CritListEntry Name="org.codecover.model.utils.criteria.StatementCoverage" PluginName="org.codecover"/>
</CritList>
<BoolOpList>
<BoolOp Arity="2" Intrnl_Id="2" Name="conditional and (&amp;&amp;)">
<BoolAssgnmntBoolMapList>
<MapEntry BoolAssgnmnt="02" Value="false"/>
<MapEntry BoolAssgnmnt="10" Value="false"/>
<MapEntry BoolAssgnmnt="11" Value="true"/>
</BoolAssgnmntBoolMapList>
</BoolOp>
</BoolOpList>
<HierarchyLvlTypeList>
<HierarchyLvlType EnglishName="method" IntrnlName="method" Intrnl_Id="3"/>
<HierarchyLvlType EnglishName="class" IntrnlName="class" Intrnl_Id="4"/>
<HierarchyLvlType EnglishName="default package" IntrnlName="default package" Intrnl_Id="5"/>
</HierarchyLvlTypeList>
<MASTRoot>
<HierarchyLvl HierarchyLvlId="98" HierarchyLvlTypeId="5" Intrnl_Id="6" Name="default package">
<Header/>
<LocList/>
<HierarchyLvl HierarchyLvlId="97" HierarchyLvlTypeId="4" Intrnl_Id="7" Name="Gioco">
<Header>
<Loc EndOffset="18" SrcFileId="1" StartOffset="0"/>
</Header>
<LocList>
<Loc EndOffset="2429" SrcFileId="1" StartOffset="0"/>
</LocList>
<HierarchyLvl HierarchyLvlId="92" HierarchyLvlTypeId="3" Intrnl_Id="8" Name="Gioco">
<Header>
<Loc EndOffset="454" SrcFileId="1" StartOffset="427"/>
</Header>
<LocList>
<Loc EndOffset="685" SrcFileId="1" StartOffset="427"/>
</LocList>
<StmntSeq Intrnl_Id="9">
<LocList>
<Loc EndOffset="512" SrcFileId="1" StartOffset="493"/>
<Loc EndOffset="547" SrcFileId="1" StartOffset="516"/>
<Loc EndOffset="587" SrcFileId="1" StartOffset="551"/>
<Loc EndOffset="681" SrcFileId="1" StartOffset="591"/>
</LocList>
<BasicStmnt CovItemId="S1" CovItemPrefix="Gioco.java" Intrnl_Id="10">
<LocList>
<Loc EndOffset="512" SrcFileId="1" StartOffset="493"/>
</LocList>
</BasicStmnt>
<BasicStmnt CovItemId="S2" CovItemPrefix="Gioco.java" Intrnl_Id="11">
<LocList>
<Loc EndOffset="547" SrcFileId="1" StartOffset="516"/>
</LocList>
</BasicStmnt>
<BasicStmnt CovItemId="S3" CovItemPrefix="Gioco.java" Intrnl_Id="12">
<LocList>
<Loc EndOffset="587" SrcFileId="1" StartOffset="551"/>
</LocList>
</BasicStmnt>
<LoopStmnt CovItemId="S4" CovItemPrefix="Gioco.java" Intrnl_Id="13" MltplExecId="L1-2" MltplExecPrefix="Gioco.java" NvrExecId="L1-0" NvrExecPrefix="Gioco.java" OnceExecutedId="L1-1" OnceExecutedPrefix="Gioco.java" OptBodyExec="true">
<StmntSeq Intrnl_Id="14">
<LocList>
<Loc EndOffset="649" SrcFileId="1" StartOffset="632"/>
<Loc EndOffset="676" SrcFileId="1" StartOffset="654"/>
</LocList>
<BasicStmnt CovItemId="S5" CovItemPrefix="Gioco.java" Intrnl_Id="15">
<LocList>
<Loc EndOffset="649" SrcFileId="1" StartOffset="632"/>
</LocList>
</BasicStmnt>
<BasicStmnt CovItemId="S6" CovItemPrefix="Gioco.java" Intrnl_Id="16">
<LocList>
<Loc EndOffset="676" SrcFileId="1" StartOffset="654"/>
</LocList>
</BasicStmnt>
</StmntSeq>
<Keyword EndOffset="594" SrcFileId="1" StartOffset="591"/>
<LocList>
<Loc EndOffset="681" SrcFileId="1" StartOffset="591"/>
</LocList>
<RootTerm CovItemId="C1" CovItemPrefix="Gioco.java" Intrnl_Id="17">
<BasicBoolTerm Intrnl_Id="18">
<LocList>
<Loc EndOffset="619" SrcFileId="1" StartOffset="606"/>
</LocList>
</BasicBoolTerm>
</RootTerm>
</LoopStmnt>
</StmntSeq>
</HierarchyLvl>
<HierarchyLvl HierarchyLvlId="93" HierarchyLvlTypeId="3" Intrnl_Id="19" Name="giocata">
<Header>
<Loc EndOffset="755" SrcFileId="1" StartOffset="722"/>
</Header>
<LocList>
<Loc EndOffset="1034" SrcFileId="1" StartOffset="722"/>
</LocList>
<StmntSeq Intrnl_Id="20">
<LocList>
<Loc EndOffset="1010" SrcFileId="1" StartOffset="761"/>
<Loc EndOffset="1030" SrcFileId="1" StartOffset="1014"/>
</LocList>
<CondStmnt CovItemId="S7" CovItemPrefix="Gioco.java" Intrnl_Id="21">
<Branch CovItemId="B1" CovItemPrefix="Gioco.java" Implct="false" Intrnl_Id="22">
<Cond/>
<LocList>
<Loc EndOffset="1010" SrcFileId="1" StartOffset="780"/>
</LocList>
<StmntSeq Intrnl_Id="23">
<LocList>
<Loc EndOffset="959" SrcFileId="1" StartOffset="786"/>
<Loc EndOffset="981" SrcFileId="1" StartOffset="964"/>
<Loc EndOffset="1005" SrcFileId="1" StartOffset="986"/>
</LocList>
<LoopStmnt CovItemId="S8" CovItemPrefix="Gioco.java" Intrnl_Id="24" MltplExecId="L2-2" MltplExecPrefix="Gioco.java" NvrExecId="L2-0" NvrExecPrefix="Gioco.java" OnceExecutedId="L2-1" OnceExecutedPrefix="Gioco.java" OptBodyExec="true">
<StmntSeq Intrnl_Id="25">
<LocList>
<Loc EndOffset="953" SrcFileId="1" StartOffset="894"/>
</LocList>
<CondStmnt CovItemId="S9" CovItemPrefix="Gioco.java" Intrnl_Id="26">
<Branch CovItemId="B3" CovItemPrefix="Gioco.java" Implct="false" Intrnl_Id="27">
<Cond/>
<LocList>
<Loc EndOffset="953" SrcFileId="1" StartOffset="922"/>
</LocList>
<StmntSeq Intrnl_Id="28">
<LocList>
<Loc EndOffset="953" SrcFileId="1" StartOffset="922"/>
</LocList>
<BasicStmnt CovItemId="S10" CovItemPrefix="Gioco.java" Intrnl_Id="29">
<LocList>
<Loc EndOffset="953" SrcFileId="1" StartOffset="922"/>
</LocList>
</BasicStmnt>
</StmntSeq>
</Branch>
<Branch CovItemId="B4" CovItemPrefix="Gioco.java" Implct="true" Intrnl_Id="30">
<Cond/>
<LocList/>
<StmntSeq Intrnl_Id="31">
<LocList/>
</StmntSeq>
</Branch>
<Keyword EndOffset="896" SrcFileId="1" StartOffset="894"/>
<LocList>
<Loc EndOffset="953" SrcFileId="1" StartOffset="894"/>
</LocList>
<RootTerm CovItemId="C4" CovItemPrefix="Gioco.java" Intrnl_Id="32">
<BasicBoolTerm Intrnl_Id="33">
<LocList>
<Loc EndOffset="914" SrcFileId="1" StartOffset="897"/>
</LocList>
</BasicBoolTerm>
</RootTerm>
</CondStmnt>
</StmntSeq>
<Keyword EndOffset="789" SrcFileId="1" StartOffset="786"/>
<LocList>
<Loc EndOffset="959" SrcFileId="1" StartOffset="786"/>
</LocList>
<RootTerm CovItemId="C3" CovItemPrefix="Gioco.java" Intrnl_Id="34">
<BasicBoolTerm Intrnl_Id="35">
<LocList>
<Loc EndOffset="816" SrcFileId="1" StartOffset="801"/>
</LocList>
</BasicBoolTerm>
</RootTerm>
</LoopStmnt>
<BasicStmnt CovItemId="S11" CovItemPrefix="Gioco.java" Intrnl_Id="36">
<LocList>
<Loc EndOffset="981" SrcFileId="1" StartOffset="964"/>
</LocList>
</BasicStmnt>
<BasicStmnt CovItemId="S12" CovItemPrefix="Gioco.java" Intrnl_Id="37">
<LocList>
<Loc EndOffset="1005" SrcFileId="1" StartOffset="986"/>
</LocList>
</BasicStmnt>
</StmntSeq>
</Branch>
<Branch CovItemId="B2" CovItemPrefix="Gioco.java" Implct="true" Intrnl_Id="38">
<Cond/>
<LocList/>
<StmntSeq Intrnl_Id="39">
<LocList/>
</StmntSeq>
</Branch>
<Keyword EndOffset="763" SrcFileId="1" StartOffset="761"/>
<LocList>
<Loc EndOffset="1010" SrcFileId="1" StartOffset="761"/>
</LocList>
<RootTerm CovItemId="C2" CovItemPrefix="Gioco.java" Intrnl_Id="40">
<BasicBoolTerm Intrnl_Id="41">
<LocList>
<Loc EndOffset="778" SrcFileId="1" StartOffset="764"/>
</LocList>
</BasicBoolTerm>
</RootTerm>
</CondStmnt>
<BasicStmnt CovItemId="S13" CovItemPrefix="Gioco.java" Intrnl_Id="42">
<LocList>
<Loc EndOffset="1030" SrcFileId="1" StartOffset="1014"/>
</LocList>
</BasicStmnt>
</StmntSeq>
</HierarchyLvl>
<HierarchyLvl HierarchyLvlId="94" HierarchyLvlTypeId="3" Intrnl_Id="43" Name="primoControllo">
<Header>
<Loc EndOffset="1071" SrcFileId="1" StartOffset="1043"/>
</Header>
<LocList>
<Loc EndOffset="1561" SrcFileId="1" StartOffset="1043"/>
</LocList>
<StmntSeq Intrnl_Id="44">
<LocList>
<Loc EndOffset="1096" SrcFileId="1" StartOffset="1077"/>
<Loc EndOffset="1557" SrcFileId="1" StartOffset="1100"/>
</LocList>
<BasicStmnt CovItemId="S14" CovItemPrefix="Gioco.java" Intrnl_Id="45">
<LocList>
<Loc EndOffset="1096" SrcFileId="1" StartOffset="1077"/>
</LocList>
</BasicStmnt>
<LoopStmnt CovItemId="S15" CovItemPrefix="Gioco.java" Intrnl_Id="46" MltplExecId="L3-2" MltplExecPrefix="Gioco.java" NvrExecId="L3-0" NvrExecPrefix="Gioco.java" OnceExecutedId="L3-1" OnceExecutedPrefix="Gioco.java" OptBodyExec="true">
<StmntSeq Intrnl_Id="47">
<LocList>
<Loc EndOffset="1227" SrcFileId="1" StartOffset="1187"/>
<Loc EndOffset="1352" SrcFileId="1" StartOffset="1282"/>
<Loc EndOffset="1551" SrcFileId="1" StartOffset="1504"/>
</LocList>
<CondStmnt CovItemId="S16" CovItemPrefix="Gioco.java" Intrnl_Id="48">
<Branch CovItemId="B5" CovItemPrefix="Gioco.java" Implct="false" Intrnl_Id="49">
<Cond/>
<LocList>
<Loc EndOffset="1227" SrcFileId="1" StartOffset="1208"/>
</LocList>
<StmntSeq Intrnl_Id="50">
<LocList>
<Loc EndOffset="1227" SrcFileId="1" StartOffset="1208"/>
</LocList>
<BasicStmnt CovItemId="S17" CovItemPrefix="Gioco.java" Intrnl_Id="51">
<LocList>
<Loc EndOffset="1227" SrcFileId="1" StartOffset="1208"/>
</LocList>
</BasicStmnt>
</StmntSeq>
</Branch>
<Branch CovItemId="B6" CovItemPrefix="Gioco.java" Implct="true" Intrnl_Id="52">
<Cond/>
<LocList/>
<StmntSeq Intrnl_Id="53">
<LocList/>
</StmntSeq>
</Branch>
<Keyword EndOffset="1189" SrcFileId="1" StartOffset="1187"/>
<LocList>
<Loc EndOffset="1227" SrcFileId="1" StartOffset="1187"/>
</LocList>
<RootTerm CovItemId="C6" CovItemPrefix="Gioco.java" Intrnl_Id="54">
<BasicBoolTerm Intrnl_Id="55">
<LocList>
<Loc EndOffset="1201" SrcFileId="1" StartOffset="1190"/>
</LocList>
</BasicBoolTerm>
</RootTerm>
</CondStmnt>
<CondStmnt CovItemId="S18" CovItemPrefix="Gioco.java" Intrnl_Id="56">
<Branch CovItemId="B7" CovItemPrefix="Gioco.java" Implct="false" Intrnl_Id="57">
<Cond/>
<LocList>
<Loc EndOffset="1352" SrcFileId="1" StartOffset="1299"/>
</LocList>
<StmntSeq Intrnl_Id="58">
<LocList>
<Loc EndOffset="1323" SrcFileId="1" StartOffset="1306"/>
<Loc EndOffset="1346" SrcFileId="1" StartOffset="1329"/>
</LocList>
<BasicStmnt CovItemId="S19" CovItemPrefix="Gioco.java" Intrnl_Id="59">
<LocList>
<Loc EndOffset="1323" SrcFileId="1" StartOffset="1306"/>
</LocList>
</BasicStmnt>
<BasicStmnt CovItemId="S20" CovItemPrefix="Gioco.java" Intrnl_Id="60">
<LocList>
<Loc EndOffset="1346" SrcFileId="1" StartOffset="1329"/>
</LocList>
</BasicStmnt>
</StmntSeq>
</Branch>
<Branch CovItemId="B8" CovItemPrefix="Gioco.java" Implct="true" Intrnl_Id="61">
<Cond/>
<LocList/>
<StmntSeq Intrnl_Id="62">
<LocList/>
</StmntSeq>
</Branch>
<Keyword EndOffset="1284" SrcFileId="1" StartOffset="1282"/>
<LocList>
<Loc EndOffset="1352" SrcFileId="1" StartOffset="1282"/>
</LocList>
<RootTerm CovItemId="C7" CovItemPrefix="Gioco.java" Intrnl_Id="63">
<BasicBoolTerm Intrnl_Id="64">
<LocList>
<Loc EndOffset="1297" SrcFileId="1" StartOffset="1285"/>
</LocList>
</BasicBoolTerm>
</RootTerm>
</CondStmnt>
<CondStmnt CovItemId="S21" CovItemPrefix="Gioco.java" Intrnl_Id="65">
<Branch CovItemId="B9" CovItemPrefix="Gioco.java" Implct="false" Intrnl_Id="66">
<Cond/>
<LocList>
<Loc EndOffset="1551" SrcFileId="1" StartOffset="1525"/>
</LocList>
<StmntSeq Intrnl_Id="67">
<LocList>
<Loc EndOffset="1551" SrcFileId="1" StartOffset="1525"/>
</LocList>
<BasicStmnt CovItemId="S22" CovItemPrefix="Gioco.java" Intrnl_Id="68">
<LocList>
<Loc EndOffset="1551" SrcFileId="1" StartOffset="1525"/>
</LocList>
</BasicStmnt>
</StmntSeq>
</Branch>
<Branch CovItemId="B10" CovItemPrefix="Gioco.java" Implct="true" Intrnl_Id="69">
<Cond/>
<LocList/>
<StmntSeq Intrnl_Id="70">
<LocList/>
</StmntSeq>
</Branch>
<Keyword EndOffset="1506" SrcFileId="1" StartOffset="1504"/>
<LocList>
<Loc EndOffset="1551" SrcFileId="1" StartOffset="1504"/>
</LocList>
<RootTerm CovItemId="C8" CovItemPrefix="Gioco.java" Intrnl_Id="71">
<BasicBoolTerm Intrnl_Id="72">
<LocList>
<Loc EndOffset="1518" SrcFileId="1" StartOffset="1507"/>
</LocList>
</BasicBoolTerm>
</RootTerm>
</CondStmnt>
</StmntSeq>
<Keyword EndOffset="1103" SrcFileId="1" StartOffset="1100"/>
<LocList>
<Loc EndOffset="1557" SrcFileId="1" StartOffset="1100"/>
</LocList>
<RootTerm CovItemId="C5" CovItemPrefix="Gioco.java" Intrnl_Id="73">
<BasicBoolTerm Intrnl_Id="74">
<LocList>
<Loc EndOffset="1130" SrcFileId="1" StartOffset="1115"/>
</LocList>
</BasicBoolTerm>
</RootTerm>
</LoopStmnt>
</StmntSeq>
</HierarchyLvl>
<HierarchyLvl HierarchyLvlId="95" HierarchyLvlTypeId="3" Intrnl_Id="75" Name="secondoControllo">
<Header>
<Loc EndOffset="1600" SrcFileId="1" StartOffset="1570"/>
</Header>
<LocList>
<Loc EndOffset="1996" SrcFileId="1" StartOffset="1570"/>
</LocList>
<StmntSeq Intrnl_Id="76">
<LocList>
<Loc EndOffset="1992" SrcFileId="1" StartOffset="1606"/>
</LocList>
<LoopStmnt CovItemId="S23" CovItemPrefix="Gioco.java" Intrnl_Id="77" MltplExecId="L4-2" MltplExecPrefix="Gioco.java" NvrExecId="L4-0" NvrExecPrefix="Gioco.java" OnceExecutedId="L4-1" OnceExecutedPrefix="Gioco.java" OptBodyExec="true">
<StmntSeq Intrnl_Id="78">
<LocList>
<Loc EndOffset="1987" SrcFileId="1" StartOffset="1729"/>
</LocList>
<CondStmnt CovItemId="S24" CovItemPrefix="Gioco.java" Intrnl_Id="79">
<Branch CovItemId="B11" CovItemPrefix="Gioco.java" Implct="false" Intrnl_Id="80">
<Cond/>
<LocList>
<Loc EndOffset="1784" SrcFileId="1" StartOffset="1766"/>
</LocList>
<StmntSeq Intrnl_Id="81">
<LocList>
<Loc EndOffset="1784" SrcFileId="1" StartOffset="1766"/>
</LocList>
<BasicStmnt CovItemId="S25" CovItemPrefix="Gioco.java" Intrnl_Id="82">
<LocList>
<Loc EndOffset="1784" SrcFileId="1" StartOffset="1766"/>
</LocList>
</BasicStmnt>
</StmntSeq>
</Branch>
<Branch CovItemId="B12" CovItemPrefix="Gioco.java" Implct="false" Intrnl_Id="83">
<Cond>
<Loc EndOffset="1899" SrcFileId="1" StartOffset="1895"/>
</Cond>
<LocList>
<Loc EndOffset="1987" SrcFileId="1" StartOffset="1900"/>
</LocList>
<StmntSeq Intrnl_Id="84">
<LocList>
<Loc EndOffset="1987" SrcFileId="1" StartOffset="1900"/>
</LocList>
<CondStmnt CovItemId="S26" CovItemPrefix="Gioco.java" Intrnl_Id="85">
<Branch CovItemId="B13" CovItemPrefix="Gioco.java" Implct="false" Intrnl_Id="86">
<Cond/>
<LocList>
<Loc EndOffset="1987" SrcFileId="1" StartOffset="1934"/>
</LocList>
<StmntSeq Intrnl_Id="87">
<LocList>
<Loc EndOffset="1958" SrcFileId="1" StartOffset="1941"/>
<Loc EndOffset="1981" SrcFileId="1" StartOffset="1964"/>
</LocList>
<BasicStmnt CovItemId="S27" CovItemPrefix="Gioco.java" Intrnl_Id="88">
<LocList>
<Loc EndOffset="1958" SrcFileId="1" StartOffset="1941"/>
</LocList>
</BasicStmnt>
<BasicStmnt CovItemId="S28" CovItemPrefix="Gioco.java" Intrnl_Id="89">
<LocList>
<Loc EndOffset="1981" SrcFileId="1" StartOffset="1964"/>
</LocList>
</BasicStmnt>
</StmntSeq>
</Branch>
<Branch CovItemId="B14" CovItemPrefix="Gioco.java" Implct="true" Intrnl_Id="90">
<Cond/>
<LocList/>
<StmntSeq Intrnl_Id="91">
<LocList/>
</StmntSeq>
</Branch>
<Keyword EndOffset="1902" SrcFileId="1" StartOffset="1900"/>
<LocList>
<Loc EndOffset="1987" SrcFileId="1" StartOffset="1900"/>
</LocList>
<RootTerm CovItemId="C11" CovItemPrefix="Gioco.java" Intrnl_Id="92">
<OpTerm BooleanOpId="2" Intrnl_Id="93">
<BasicBoolTerm Intrnl_Id="94">
<LocList>
<Loc EndOffset="1914" SrcFileId="1" StartOffset="1903"/>
</LocList>
</BasicBoolTerm>
<BasicBoolTerm Intrnl_Id="95">
<LocList>
<Loc EndOffset="1932" SrcFileId="1" StartOffset="1918"/>
</LocList>
</BasicBoolTerm>
<LocList>
<Loc EndOffset="1917" SrcFileId="1" StartOffset="1915"/>
</LocList>
</OpTerm>
</RootTerm>
</CondStmnt>
</StmntSeq>
</Branch>
<Keyword EndOffset="1731" SrcFileId="1" StartOffset="1729"/>
<LocList>
<Loc EndOffset="1987" SrcFileId="1" StartOffset="1729"/>
</LocList>
<RootTerm CovItemId="C10" CovItemPrefix="Gioco.java" Intrnl_Id="96">
<OpTerm BooleanOpId="2" Intrnl_Id="97">
<BasicBoolTerm Intrnl_Id="98">
<LocList>
<Loc EndOffset="1743" SrcFileId="1" StartOffset="1732"/>
</LocList>
</BasicBoolTerm>
<BasicBoolTerm Intrnl_Id="99">
<LocList>
<Loc EndOffset="1759" SrcFileId="1" StartOffset="1747"/>
</LocList>
</BasicBoolTerm>
<LocList>
<Loc EndOffset="1746" SrcFileId="1" StartOffset="1744"/>
</LocList>
</OpTerm>
</RootTerm>
</CondStmnt>
</StmntSeq>
<Keyword EndOffset="1609" SrcFileId="1" StartOffset="1606"/>
<LocList>
<Loc EndOffset="1992" SrcFileId="1" StartOffset="1606"/>
</LocList>
<RootTerm CovItemId="C9" CovItemPrefix="Gioco.java" Intrnl_Id="100">
<BasicBoolTerm Intrnl_Id="101">
<LocList>
<Loc EndOffset="1636" SrcFileId="1" StartOffset="1621"/>
</LocList>
</BasicBoolTerm>
</RootTerm>
</LoopStmnt>
</StmntSeq>
</HierarchyLvl>
<HierarchyLvl HierarchyLvlId="96" HierarchyLvlTypeId="3" Intrnl_Id="102" Name="print">
<Header>
<Loc EndOffset="2021" SrcFileId="1" StartOffset="2002"/>
</Header>
<LocList>
<Loc EndOffset="2426" SrcFileId="1" StartOffset="2002"/>
</LocList>
<StmntSeq Intrnl_Id="103">
<LocList>
<Loc EndOffset="2393" SrcFileId="1" StartOffset="2027"/>
<Loc EndOffset="2422" SrcFileId="1" StartOffset="2397"/>
</LocList>
<LoopStmnt CovItemId="S29" CovItemPrefix="Gioco.java" Intrnl_Id="104" MltplExecId="L5-2" MltplExecPrefix="Gioco.java" NvrExecId="L5-0" NvrExecPrefix="Gioco.java" OnceExecutedId="L5-1" OnceExecutedPrefix="Gioco.java" OptBodyExec="true">
<StmntSeq Intrnl_Id="105">
<LocList>
<Loc EndOffset="2388" SrcFileId="1" StartOffset="2070"/>
</LocList>
<CondStmnt CovItemId="S30" CovItemPrefix="Gioco.java" Intrnl_Id="106">
<Branch CovItemId="B15" CovItemPrefix="Gioco.java" Implct="false" Intrnl_Id="107">
<Cond/>
<LocList>
<Loc EndOffset="2174" SrcFileId="1" StartOffset="2097"/>
</LocList>
<StmntSeq Intrnl_Id="108">
<LocList>
<Loc EndOffset="2174" SrcFileId="1" StartOffset="2097"/>
</LocList>
<BasicStmnt CovItemId="S31" CovItemPrefix="Gioco.java" Intrnl_Id="109">
<LocList>
<Loc EndOffset="2174" SrcFileId="1" StartOffset="2097"/>
</LocList>
</BasicStmnt>
</StmntSeq>
</Branch>
<Branch CovItemId="B16" CovItemPrefix="Gioco.java" Implct="false" Intrnl_Id="110">
<Cond>
<Loc EndOffset="2183" SrcFileId="1" StartOffset="2179"/>
</Cond>
<LocList>
<Loc EndOffset="2388" SrcFileId="1" StartOffset="2184"/>
</LocList>
<StmntSeq Intrnl_Id="111">
<LocList>
<Loc EndOffset="2388" SrcFileId="1" StartOffset="2184"/>
</LocList>
<CondStmnt CovItemId="S32" CovItemPrefix="Gioco.java" Intrnl_Id="112">
<Branch CovItemId="B17" CovItemPrefix="Gioco.java" Implct="false" Intrnl_Id="113">
<Cond/>
<LocList>
<Loc EndOffset="2295" SrcFileId="1" StartOffset="2211"/>
</LocList>
<StmntSeq Intrnl_Id="114">
<LocList>
<Loc EndOffset="2295" SrcFileId="1" StartOffset="2211"/>
</LocList>
<BasicStmnt CovItemId="S33" CovItemPrefix="Gioco.java" Intrnl_Id="115">
<LocList>
<Loc EndOffset="2295" SrcFileId="1" StartOffset="2211"/>
</LocList>
</BasicStmnt>
</StmntSeq>
</Branch>
<Branch CovItemId="B18" CovItemPrefix="Gioco.java" Implct="false" Intrnl_Id="116">
<Cond>
<Loc EndOffset="2304" SrcFileId="1" StartOffset="2300"/>
</Cond>
<LocList>
<Loc EndOffset="2388" SrcFileId="1" StartOffset="2310"/>
</LocList>
<StmntSeq Intrnl_Id="117">
<LocList>
<Loc EndOffset="2388" SrcFileId="1" StartOffset="2310"/>
</LocList>
<BasicStmnt CovItemId="S34" CovItemPrefix="Gioco.java" Intrnl_Id="118">
<LocList>
<Loc EndOffset="2388" SrcFileId="1" StartOffset="2310"/>
</LocList>
</BasicStmnt>
</StmntSeq>
</Branch>
<Keyword EndOffset="2186" SrcFileId="1" StartOffset="2184"/>
<LocList>
<Loc EndOffset="2388" SrcFileId="1" StartOffset="2184"/>
</LocList>
<RootTerm CovItemId="C14" CovItemPrefix="Gioco.java" Intrnl_Id="119">
<BasicBoolTerm Intrnl_Id="120">
<LocList>
<Loc EndOffset="2204" SrcFileId="1" StartOffset="2187"/>
</LocList>
</BasicBoolTerm>
</RootTerm>
</CondStmnt>
</StmntSeq>
</Branch>
<Keyword EndOffset="2072" SrcFileId="1" StartOffset="2070"/>
<LocList>
<Loc EndOffset="2388" SrcFileId="1" StartOffset="2070"/>
</LocList>
<RootTerm CovItemId="C13" CovItemPrefix="Gioco.java" Intrnl_Id="121">
<BasicBoolTerm Intrnl_Id="122">
<LocList>
<Loc EndOffset="2090" SrcFileId="1" StartOffset="2073"/>
</LocList>
</BasicBoolTerm>
</RootTerm>
</CondStmnt>
</StmntSeq>
<Keyword EndOffset="2030" SrcFileId="1" StartOffset="2027"/>
<LocList>
<Loc EndOffset="2393" SrcFileId="1" StartOffset="2027"/>
</LocList>
<RootTerm CovItemId="C12" CovItemPrefix="Gioco.java" Intrnl_Id="123">
<BasicBoolTerm Intrnl_Id="124">
<LocList>
<Loc EndOffset="2057" SrcFileId="1" StartOffset="2042"/>
</LocList>
</BasicBoolTerm>
</RootTerm>
</LoopStmnt>
<BasicStmnt CovItemId="S35" CovItemPrefix="Gioco.java" Intrnl_Id="125">
<LocList>
<Loc EndOffset="2422" SrcFileId="1" StartOffset="2397"/>
</LocList>
</BasicStmnt>
</StmntSeq>
</HierarchyLvl>
</HierarchyLvl>
</HierarchyLvl>
</MASTRoot>
</TestSessionContainer>
